ERROR - 2023-11-07 13:11:16 --> Error connecting to the database: No connection could be made because the target machine actively refused it.

CRITICAL - 2023-11-07 13:11:16 --> Unable to connect to the database.
Main connection [MySQLi]: No connection could be made because the target machine actively refused it.

#0 C:\xampp\htdocs\ci4-inventarisbarang\system\Database\BaseConnection.php(577): CodeIgniter\Database\BaseConnection->initialize()
#1 C:\xampp\htdocs\ci4-inventarisbarang\system\Database\BaseBuilder.php(1455): CodeIgniter\Database\BaseConnection->query('SELECT *\nFROM `...', Array, false)
#2 C:\xampp\htdocs\ci4-inventarisbarang\app\Models\ModelUser.php(38): CodeIgniter\Database\BaseBuilder->get()
#3 C:\xampp\htdocs\ci4-inventarisbarang\app\Controllers\Home.php(43): App\Models\ModelUser->LoginUser('admin1@gmail.co...', '6c7ca345f63f835...')
#4 C:\xampp\htdocs\ci4-inventarisbarang\system\CodeIgniter.php(832): App\Controllers\Home->CekLogin()
#5 C:\xampp\htdocs\ci4-inventarisbarang\system\CodeIgniter.php(419): CodeIgniter\CodeIgniter->runController(Object(App\Controllers\Home))
#6 C:\xampp\htdocs\ci4-inventarisbarang\system\CodeIgniter.php(326): CodeIgniter\CodeIgniter->handleRequest(NULL, Object(Config\Cache), false)
#7 C:\xampp\htdocs\ci4-inventarisbarang\public\index.php(37): CodeIgniter\CodeIgniter->run()
#8 {main}
CRITICAL - 2023-11-07 13:11:16 --> Uncaught ErrorException: print_r(): Property access is not allowed yet in C:\xampp\htdocs\ci4-inventarisbarang\app\Views\errors\html\error_exception.php:96
Stack trace:
#0 [internal function]: CodeIgniter\Debug\Exceptions->errorHandler(2, 'print_r(): Prop...', 'C:\\xampp\\htdocs...', 96, Array)
#1 C:\xampp\htdocs\ci4-inventarisbarang\app\Views\errors\html\error_exception.php(96): print_r(Object(App\Controllers\Home), true)
#2 C:\xampp\htdocs\ci4-inventarisbarang\system\Debug\Exceptions.php(234): include('C:\\xampp\\htdocs...')
#3 C:\xampp\htdocs\ci4-inventarisbarang\system\Debug\Exceptions.php(237): CodeIgniter\Debug\Exceptions->CodeIgniter\Debug\{closure}()
#4 C:\xampp\htdocs\ci4-inventarisbarang\system\Debug\Exceptions.php(121): CodeIgniter\Debug\Exceptions->render(Object(CodeIgniter\Database\Exceptions\DatabaseException), 500)
#5 [internal function]: CodeIgniter\Debug\Exceptions->exceptionHandler(Object(CodeIgniter\Database\Exceptions\DatabaseException))
#6 {main}
  thrown
#0 [internal function]: CodeIgniter\Debug\Exceptions->shutdownHandler()
#1 {main}
ERROR - 2023-11-07 13:11:35 --> Error connecting to the database: No connection could be made because the target machine actively refused it.

CRITICAL - 2023-11-07 13:11:35 --> Unable to connect to the database.
Main connection [MySQLi]: No connection could be made because the target machine actively refused it.

#0 C:\xampp\htdocs\ci4-inventarisbarang\system\Database\BaseConnection.php(577): CodeIgniter\Database\BaseConnection->initialize()
#1 C:\xampp\htdocs\ci4-inventarisbarang\system\Database\BaseBuilder.php(1455): CodeIgniter\Database\BaseConnection->query('SELECT *\nFROM `...', Array, false)
#2 C:\xampp\htdocs\ci4-inventarisbarang\app\Models\ModelUser.php(38): CodeIgniter\Database\BaseBuilder->get()
#3 C:\xampp\htdocs\ci4-inventarisbarang\app\Controllers\Home.php(43): App\Models\ModelUser->LoginUser('admin1@gmail.co...', '6c7ca345f63f835...')
#4 C:\xampp\htdocs\ci4-inventarisbarang\system\CodeIgniter.php(832): App\Controllers\Home->CekLogin()
#5 C:\xampp\htdocs\ci4-inventarisbarang\system\CodeIgniter.php(419): CodeIgniter\CodeIgniter->runController(Object(App\Controllers\Home))
#6 C:\xampp\htdocs\ci4-inventarisbarang\system\CodeIgniter.php(326): CodeIgniter\CodeIgniter->handleRequest(NULL, Object(Config\Cache), false)
#7 C:\xampp\htdocs\ci4-inventarisbarang\public\index.php(37): CodeIgniter\CodeIgniter->run()
#8 {main}
CRITICAL - 2023-11-07 13:11:35 --> Uncaught ErrorException: print_r(): Property access is not allowed yet in C:\xampp\htdocs\ci4-inventarisbarang\app\Views\errors\html\error_exception.php:96
Stack trace:
#0 [internal function]: CodeIgniter\Debug\Exceptions->errorHandler(2, 'print_r(): Prop...', 'C:\\xampp\\htdocs...', 96, Array)
#1 C:\xampp\htdocs\ci4-inventarisbarang\app\Views\errors\html\error_exception.php(96): print_r(Object(App\Controllers\Home), true)
#2 C:\xampp\htdocs\ci4-inventarisbarang\system\Debug\Exceptions.php(234): include('C:\\xampp\\htdocs...')
#3 C:\xampp\htdocs\ci4-inventarisbarang\system\Debug\Exceptions.php(237): CodeIgniter\Debug\Exceptions->CodeIgniter\Debug\{closure}()
#4 C:\xampp\htdocs\ci4-inventarisbarang\system\Debug\Exceptions.php(121): CodeIgniter\Debug\Exceptions->render(Object(CodeIgniter\Database\Exceptions\DatabaseException), 500)
#5 [internal function]: CodeIgniter\Debug\Exceptions->exceptionHandler(Object(CodeIgniter\Database\Exceptions\DatabaseException))
#6 {main}
  thrown
#0 [internal function]: CodeIgniter\Debug\Exceptions->shutdownHandler()
#1 {main}
CRITICAL - 2023-11-07 14:34:44 --> Undefined index: merk
#0 C:\xampp\htdocs\ci4-inventarisbarang\app\Views\v_barang.php(62): CodeIgniter\Debug\Exceptions->errorHandler(8, 'Undefined index...', 'C:\\xampp\\htdocs...', 62, Array)
#1 C:\xampp\htdocs\ci4-inventarisbarang\system\View\View.php(210): include('C:\\xampp\\htdocs...')
#2 C:\xampp\htdocs\ci4-inventarisbarang\system\View\View.php(213): CodeIgniter\View\View->CodeIgniter\View\{closure}()
#3 C:\xampp\htdocs\ci4-inventarisbarang\system\Common.php(1089): CodeIgniter\View\View->render('v_barang', Array, true)
#4 C:\xampp\htdocs\ci4-inventarisbarang\app\Views\v_template.php(250): view('v_barang')
#5 C:\xampp\htdocs\ci4-inventarisbarang\system\View\View.php(210): include('C:\\xampp\\htdocs...')
#6 C:\xampp\htdocs\ci4-inventarisbarang\system\View\View.php(213): CodeIgniter\View\View->CodeIgniter\View\{closure}()
#7 C:\xampp\htdocs\ci4-inventarisbarang\system\Common.php(1089): CodeIgniter\View\View->render('v_template', Array, true)
#8 C:\xampp\htdocs\ci4-inventarisbarang\app\Controllers\Barang.php(31): view('v_template', Array)
#9 C:\xampp\htdocs\ci4-inventarisbarang\system\CodeIgniter.php(832): App\Controllers\Barang->index()
#10 C:\xampp\htdocs\ci4-inventarisbarang\system\CodeIgniter.php(419): CodeIgniter\CodeIgniter->runController(Object(App\Controllers\Barang))
#11 C:\xampp\htdocs\ci4-inventarisbarang\system\CodeIgniter.php(326): CodeIgniter\CodeIgniter->handleRequest(NULL, Object(Config\Cache), false)
#12 C:\xampp\htdocs\ci4-inventarisbarang\public\index.php(37): CodeIgniter\CodeIgniter->run()
#13 {main}
ERROR - 2023-11-07 18:25:34 --> Duplicate entry '0' for key 'PRIMARY'
CRITICAL - 2023-11-07 18:25:34 --> Duplicate entry '0' for key 'PRIMARY'
#0 C:\xampp\htdocs\ci4-inventarisbarang\system\Database\MySQLi\Connection.php(292): mysqli->query('INSERT INTO `tb...', 0)
#1 C:\xampp\htdocs\ci4-inventarisbarang\system\Database\BaseConnection.php(670): CodeIgniter\Database\MySQLi\Connection->execute('INSERT INTO `tb...')
#2 C:\xampp\htdocs\ci4-inventarisbarang\system\Database\BaseConnection.php(598): CodeIgniter\Database\BaseConnection->simpleQuery('INSERT INTO `tb...')
#3 C:\xampp\htdocs\ci4-inventarisbarang\system\Database\BaseBuilder.php(1771): CodeIgniter\Database\BaseConnection->query('INSERT INTO `tb...', Array, false)
#4 C:\xampp\htdocs\ci4-inventarisbarang\app\Models\ModelBarangMasuk.php(18): CodeIgniter\Database\BaseBuilder->insert(Array)
#5 C:\xampp\htdocs\ci4-inventarisbarang\app\Controllers\Barangmasuk.php(52): App\Models\ModelBarangMasuk->InsertData(Array)
#6 C:\xampp\htdocs\ci4-inventarisbarang\system\CodeIgniter.php(832): App\Controllers\Barangmasuk->InsertData()
#7 C:\xampp\htdocs\ci4-inventarisbarang\system\CodeIgniter.php(419): CodeIgniter\CodeIgniter->runController(Object(App\Controllers\Barangmasuk))
#8 C:\xampp\htdocs\ci4-inventarisbarang\system\CodeIgniter.php(326): CodeIgniter\CodeIgniter->handleRequest(NULL, Object(Config\Cache), false)
#9 C:\xampp\htdocs\ci4-inventarisbarang\public\index.php(37): CodeIgniter\CodeIgniter->run()
#10 {main}
ERROR - 2023-11-07 18:29:42 --> Unknown column 'id_barang_keluar' in 'order clause'
CRITICAL - 2023-11-07 18:29:42 --> Unknown column 'id_barang_keluar' in 'order clause'
#0 C:\xampp\htdocs\ci4-inventarisbarang\system\Database\MySQLi\Connection.php(292): mysqli->query('SELECT *\nFROM `...', 0)
#1 C:\xampp\htdocs\ci4-inventarisbarang\system\Database\BaseConnection.php(670): CodeIgniter\Database\MySQLi\Connection->execute('SELECT *\nFROM `...')
#2 C:\xampp\htdocs\ci4-inventarisbarang\system\Database\BaseConnection.php(598): CodeIgniter\Database\BaseConnection->simpleQuery('SELECT *\nFROM `...')
#3 C:\xampp\htdocs\ci4-inventarisbarang\system\Database\BaseBuilder.php(1455): CodeIgniter\Database\BaseConnection->query('SELECT *\nFROM `...', Array, false)
#4 C:\xampp\htdocs\ci4-inventarisbarang\app\Models\ModelRinci.php(14): CodeIgniter\Database\BaseBuilder->get()
#5 C:\xampp\htdocs\ci4-inventarisbarang\app\Controllers\Rinci.php(25): App\Models\ModelRinci->alldata()
#6 C:\xampp\htdocs\ci4-inventarisbarang\system\CodeIgniter.php(832): App\Controllers\Rinci->index()
#7 C:\xampp\htdocs\ci4-inventarisbarang\system\CodeIgniter.php(419): CodeIgniter\CodeIgniter->runController(Object(App\Controllers\Rinci))
#8 C:\xampp\htdocs\ci4-inventarisbarang\system\CodeIgniter.php(326): CodeIgniter\CodeIgniter->handleRequest(NULL, Object(Config\Cache), false)
#9 C:\xampp\htdocs\ci4-inventarisbarang\public\index.php(37): CodeIgniter\CodeIgniter->run()
#10 {main}
