CRITICAL - 2023-09-01 13:02:30 --> Undefined index: harga_beli
#0 C:\xampp\htdocs\ci4-sistemcoba\app\Views\v_produk.php(63): CodeIgniter\Debug\Exceptions->errorHandler(8, 'Undefined index...', 'C:\\xampp\\htdocs...', 63, Array)
#1 C:\xampp\htdocs\ci4-sistemcoba\system\View\View.php(210): include('C:\\xampp\\htdocs...')
#2 C:\xampp\htdocs\ci4-sistemcoba\system\View\View.php(213): CodeIgniter\View\View->CodeIgniter\View\{closure}()
#3 C:\xampp\htdocs\ci4-sistemcoba\system\Common.php(1089): CodeIgniter\View\View->render('v_produk', Array, true)
#4 C:\xampp\htdocs\ci4-sistemcoba\app\Views\v_template.php(239): view('v_produk')
#5 C:\xampp\htdocs\ci4-sistemcoba\system\View\View.php(210): include('C:\\xampp\\htdocs...')
#6 C:\xampp\htdocs\ci4-sistemcoba\system\View\View.php(213): CodeIgniter\View\View->CodeIgniter\View\{closure}()
#7 C:\xampp\htdocs\ci4-sistemcoba\system\Common.php(1089): CodeIgniter\View\View->render('v_template', Array, true)
#8 C:\xampp\htdocs\ci4-sistemcoba\app\Controllers\Produk.php(31): view('v_template', Array)
#9 C:\xampp\htdocs\ci4-sistemcoba\system\CodeIgniter.php(832): App\Controllers\Produk->index()
#10 C:\xampp\htdocs\ci4-sistemcoba\system\CodeIgniter.php(419): CodeIgniter\CodeIgniter->runController(Object(App\Controllers\Produk))
#11 C:\xampp\htdocs\ci4-sistemcoba\system\CodeIgniter.php(326): CodeIgniter\CodeIgniter->handleRequest(NULL, Object(Config\Cache), false)
#12 C:\xampp\htdocs\ci4-sistemcoba\public\index.php(37): CodeIgniter\CodeIgniter->run()
#13 {main}
ERROR - 2023-09-01 13:09:17 --> Unknown column 'harga_beli' in 'field list'
CRITICAL - 2023-09-01 13:09:17 --> Unknown column 'harga_beli' in 'field list'
#0 C:\xampp\htdocs\ci4-sistemcoba\system\Database\MySQLi\Connection.php(292): mysqli->query('INSERT INTO `tb...', 0)
#1 C:\xampp\htdocs\ci4-sistemcoba\system\Database\BaseConnection.php(670): CodeIgniter\Database\MySQLi\Connection->execute('INSERT INTO `tb...')
#2 C:\xampp\htdocs\ci4-sistemcoba\system\Database\BaseConnection.php(598): CodeIgniter\Database\BaseConnection->simpleQuery('INSERT INTO `tb...')
#3 C:\xampp\htdocs\ci4-sistemcoba\system\Database\BaseBuilder.php(1771): CodeIgniter\Database\BaseConnection->query('INSERT INTO `tb...', Array, false)
#4 C:\xampp\htdocs\ci4-sistemcoba\app\Models\ModelProduk.php(19): CodeIgniter\Database\BaseBuilder->insert(Array)
#5 C:\xampp\htdocs\ci4-sistemcoba\app\Controllers\Produk.php(70): App\Models\ModelProduk->InsertData(Array)
#6 C:\xampp\htdocs\ci4-sistemcoba\system\CodeIgniter.php(832): App\Controllers\Produk->InsertData()
#7 C:\xampp\htdocs\ci4-sistemcoba\system\CodeIgniter.php(419): CodeIgniter\CodeIgniter->runController(Object(App\Controllers\Produk))
#8 C:\xampp\htdocs\ci4-sistemcoba\system\CodeIgniter.php(326): CodeIgniter\CodeIgniter->handleRequest(NULL, Object(Config\Cache), false)
#9 C:\xampp\htdocs\ci4-sistemcoba\public\index.php(37): CodeIgniter\CodeIgniter->run()
#10 {main}
ERROR - 2023-09-01 13:18:15 --> The cart array must contain a product ID, quantity, price, and name.
ERROR - 2023-09-01 13:18:36 --> The cart array must contain a product ID, quantity, price, and name.
CRITICAL - 2023-09-01 13:20:06 --> Undefined index: brands
#0 C:\xampp\htdocs\ci4-sistemcoba\app\Views\v_penjualan.php(213): CodeIgniter\Debug\Exceptions->errorHandler(8, 'Undefined index...', 'C:\\xampp\\htdocs...', 213, Array)
#1 C:\xampp\htdocs\ci4-sistemcoba\system\View\View.php(210): include('C:\\xampp\\htdocs...')
#2 C:\xampp\htdocs\ci4-sistemcoba\system\View\View.php(213): CodeIgniter\View\View->CodeIgniter\View\{closure}()
#3 C:\xampp\htdocs\ci4-sistemcoba\system\Common.php(1089): CodeIgniter\View\View->render('v_penjualan', Array, true)
#4 C:\xampp\htdocs\ci4-sistemcoba\app\Controllers\Penjualan.php(25): view('v_penjualan', Array)
#5 C:\xampp\htdocs\ci4-sistemcoba\system\CodeIgniter.php(832): App\Controllers\Penjualan->index()
#6 C:\xampp\htdocs\ci4-sistemcoba\system\CodeIgniter.php(419): CodeIgniter\CodeIgniter->runController(Object(App\Controllers\Penjualan))
#7 C:\xampp\htdocs\ci4-sistemcoba\system\CodeIgniter.php(326): CodeIgniter\CodeIgniter->handleRequest(NULL, Object(Config\Cache), false)
#8 C:\xampp\htdocs\ci4-sistemcoba\public\index.php(37): CodeIgniter\CodeIgniter->run()
#9 {main}
CRITICAL - 2023-09-01 13:25:27 --> Undefined index: brands
#0 C:\xampp\htdocs\ci4-sistemcoba\app\Views\v_penjualan.php(213): CodeIgniter\Debug\Exceptions->errorHandler(8, 'Undefined index...', 'C:\\xampp\\htdocs...', 213, Array)
#1 C:\xampp\htdocs\ci4-sistemcoba\system\View\View.php(210): include('C:\\xampp\\htdocs...')
#2 C:\xampp\htdocs\ci4-sistemcoba\system\View\View.php(213): CodeIgniter\View\View->CodeIgniter\View\{closure}()
#3 C:\xampp\htdocs\ci4-sistemcoba\system\Common.php(1089): CodeIgniter\View\View->render('v_penjualan', Array, true)
#4 C:\xampp\htdocs\ci4-sistemcoba\app\Controllers\Penjualan.php(25): view('v_penjualan', Array)
#5 C:\xampp\htdocs\ci4-sistemcoba\system\CodeIgniter.php(832): App\Controllers\Penjualan->index()
#6 C:\xampp\htdocs\ci4-sistemcoba\system\CodeIgniter.php(419): CodeIgniter\CodeIgniter->runController(Object(App\Controllers\Penjualan))
#7 C:\xampp\htdocs\ci4-sistemcoba\system\CodeIgniter.php(326): CodeIgniter\CodeIgniter->handleRequest(NULL, Object(Config\Cache), false)
#8 C:\xampp\htdocs\ci4-sistemcoba\public\index.php(37): CodeIgniter\CodeIgniter->run()
#9 {main}
CRITICAL - 2023-09-01 13:25:35 --> Undefined index: brands
#0 C:\xampp\htdocs\ci4-sistemcoba\app\Views\v_penjualan.php(213): CodeIgniter\Debug\Exceptions->errorHandler(8, 'Undefined index...', 'C:\\xampp\\htdocs...', 213, Array)
#1 C:\xampp\htdocs\ci4-sistemcoba\system\View\View.php(210): include('C:\\xampp\\htdocs...')
#2 C:\xampp\htdocs\ci4-sistemcoba\system\View\View.php(213): CodeIgniter\View\View->CodeIgniter\View\{closure}()
#3 C:\xampp\htdocs\ci4-sistemcoba\system\Common.php(1089): CodeIgniter\View\View->render('v_penjualan', Array, true)
#4 C:\xampp\htdocs\ci4-sistemcoba\app\Controllers\Penjualan.php(25): view('v_penjualan', Array)
#5 C:\xampp\htdocs\ci4-sistemcoba\system\CodeIgniter.php(832): App\Controllers\Penjualan->index()
#6 C:\xampp\htdocs\ci4-sistemcoba\system\CodeIgniter.php(419): CodeIgniter\CodeIgniter->runController(Object(App\Controllers\Penjualan))
#7 C:\xampp\htdocs\ci4-sistemcoba\system\CodeIgniter.php(326): CodeIgniter\CodeIgniter->handleRequest(NULL, Object(Config\Cache), false)
#8 C:\xampp\htdocs\ci4-sistemcoba\public\index.php(37): CodeIgniter\CodeIgniter->run()
#9 {main}
CRITICAL - 2023-09-01 13:25:37 --> Undefined index: brands
#0 C:\xampp\htdocs\ci4-sistemcoba\app\Views\v_penjualan.php(213): CodeIgniter\Debug\Exceptions->errorHandler(8, 'Undefined index...', 'C:\\xampp\\htdocs...', 213, Array)
#1 C:\xampp\htdocs\ci4-sistemcoba\system\View\View.php(210): include('C:\\xampp\\htdocs...')
#2 C:\xampp\htdocs\ci4-sistemcoba\system\View\View.php(213): CodeIgniter\View\View->CodeIgniter\View\{closure}()
#3 C:\xampp\htdocs\ci4-sistemcoba\system\Common.php(1089): CodeIgniter\View\View->render('v_penjualan', Array, true)
#4 C:\xampp\htdocs\ci4-sistemcoba\app\Controllers\Penjualan.php(25): view('v_penjualan', Array)
#5 C:\xampp\htdocs\ci4-sistemcoba\system\CodeIgniter.php(832): App\Controllers\Penjualan->index()
#6 C:\xampp\htdocs\ci4-sistemcoba\system\CodeIgniter.php(419): CodeIgniter\CodeIgniter->runController(Object(App\Controllers\Penjualan))
#7 C:\xampp\htdocs\ci4-sistemcoba\system\CodeIgniter.php(326): CodeIgniter\CodeIgniter->handleRequest(NULL, Object(Config\Cache), false)
#8 C:\xampp\htdocs\ci4-sistemcoba\public\index.php(37): CodeIgniter\CodeIgniter->run()
#9 {main}
CRITICAL - 2023-09-01 13:28:00 --> Undefined index: brands
#0 C:\xampp\htdocs\ci4-sistemcoba\app\Views\v_penjualan.php(213): CodeIgniter\Debug\Exceptions->errorHandler(8, 'Undefined index...', 'C:\\xampp\\htdocs...', 213, Array)
#1 C:\xampp\htdocs\ci4-sistemcoba\system\View\View.php(210): include('C:\\xampp\\htdocs...')
#2 C:\xampp\htdocs\ci4-sistemcoba\system\View\View.php(213): CodeIgniter\View\View->CodeIgniter\View\{closure}()
#3 C:\xampp\htdocs\ci4-sistemcoba\system\Common.php(1089): CodeIgniter\View\View->render('v_penjualan', Array, true)
#4 C:\xampp\htdocs\ci4-sistemcoba\app\Controllers\Penjualan.php(25): view('v_penjualan', Array)
#5 C:\xampp\htdocs\ci4-sistemcoba\system\CodeIgniter.php(832): App\Controllers\Penjualan->index()
#6 C:\xampp\htdocs\ci4-sistemcoba\system\CodeIgniter.php(419): CodeIgniter\CodeIgniter->runController(Object(App\Controllers\Penjualan))
#7 C:\xampp\htdocs\ci4-sistemcoba\system\CodeIgniter.php(326): CodeIgniter\CodeIgniter->handleRequest(NULL, Object(Config\Cache), false)
#8 C:\xampp\htdocs\ci4-sistemcoba\public\index.php(37): CodeIgniter\CodeIgniter->run()
#9 {main}
CRITICAL - 2023-09-01 13:36:40 --> Undefined index: brands
#0 C:\xampp\htdocs\ci4-sistemcoba\app\Views\v_penjualan.php(213): CodeIgniter\Debug\Exceptions->errorHandler(8, 'Undefined index...', 'C:\\xampp\\htdocs...', 213, Array)
#1 C:\xampp\htdocs\ci4-sistemcoba\system\View\View.php(210): include('C:\\xampp\\htdocs...')
#2 C:\xampp\htdocs\ci4-sistemcoba\system\View\View.php(213): CodeIgniter\View\View->CodeIgniter\View\{closure}()
#3 C:\xampp\htdocs\ci4-sistemcoba\system\Common.php(1089): CodeIgniter\View\View->render('v_penjualan', Array, true)
#4 C:\xampp\htdocs\ci4-sistemcoba\app\Controllers\Penjualan.php(25): view('v_penjualan', Array)
#5 C:\xampp\htdocs\ci4-sistemcoba\system\CodeIgniter.php(832): App\Controllers\Penjualan->index()
#6 C:\xampp\htdocs\ci4-sistemcoba\system\CodeIgniter.php(419): CodeIgniter\CodeIgniter->runController(Object(App\Controllers\Penjualan))
#7 C:\xampp\htdocs\ci4-sistemcoba\system\CodeIgniter.php(326): CodeIgniter\CodeIgniter->handleRequest(NULL, Object(Config\Cache), false)
#8 C:\xampp\htdocs\ci4-sistemcoba\public\index.php(37): CodeIgniter\CodeIgniter->run()
#9 {main}
ERROR - 2023-09-01 13:38:50 --> The cart array must contain a product ID, quantity, price, and name.
ERROR - 2023-09-01 13:39:12 --> The cart array must contain a product ID, quantity, price, and name.
CRITICAL - 2023-09-01 13:42:35 --> Undefined index: brands
#0 C:\xampp\htdocs\ci4-sistemcoba\app\Controllers\Penjualan.php(99): CodeIgniter\Debug\Exceptions->errorHandler(8, 'Undefined index...', 'C:\\xampp\\htdocs...', 99, Array)
#1 C:\xampp\htdocs\ci4-sistemcoba\system\CodeIgniter.php(832): App\Controllers\Penjualan->SimpanTransaksi()
#2 C:\xampp\htdocs\ci4-sistemcoba\system\CodeIgniter.php(419): CodeIgniter\CodeIgniter->runController(Object(App\Controllers\Penjualan))
#3 C:\xampp\htdocs\ci4-sistemcoba\system\CodeIgniter.php(326): CodeIgniter\CodeIgniter->handleRequest(NULL, Object(Config\Cache), false)
#4 C:\xampp\htdocs\ci4-sistemcoba\public\index.php(37): CodeIgniter\CodeIgniter->run()
#5 {main}
ERROR - 2023-09-01 13:43:34 --> Unknown column 'tbl_rinci_jual.total_harga' in 'field list'
CRITICAL - 2023-09-01 13:43:34 --> Unknown column 'tbl_rinci_jual.total_harga' in 'field list'
#0 C:\xampp\htdocs\ci4-sistemcoba\system\Database\MySQLi\Connection.php(292): mysqli->query('SELECT SUM(`tbl...', 0)
#1 C:\xampp\htdocs\ci4-sistemcoba\system\Database\BaseConnection.php(670): CodeIgniter\Database\MySQLi\Connection->execute('SELECT SUM(`tbl...')
#2 C:\xampp\htdocs\ci4-sistemcoba\system\Database\BaseConnection.php(598): CodeIgniter\Database\BaseConnection->simpleQuery('SELECT SUM(`tbl...')
#3 C:\xampp\htdocs\ci4-sistemcoba\system\Database\BaseBuilder.php(1455): CodeIgniter\Database\BaseConnection->query('SELECT SUM(`tbl...', Array, false)
#4 C:\xampp\htdocs\ci4-sistemcoba\app\Models\ModelAdmin.php(40): CodeIgniter\Database\BaseBuilder->get()
#5 C:\xampp\htdocs\ci4-sistemcoba\app\Controllers\Admin.php(23): App\Models\ModelAdmin->PendapatanHariIni()
#6 C:\xampp\htdocs\ci4-sistemcoba\system\CodeIgniter.php(832): App\Controllers\Admin->index()
#7 C:\xampp\htdocs\ci4-sistemcoba\system\CodeIgniter.php(419): CodeIgniter\CodeIgniter->runController(Object(App\Controllers\Admin))
#8 C:\xampp\htdocs\ci4-sistemcoba\system\CodeIgniter.php(326): CodeIgniter\CodeIgniter->handleRequest(NULL, Object(Config\Cache), false)
#9 C:\xampp\htdocs\ci4-sistemcoba\public\index.php(37): CodeIgniter\CodeIgniter->run()
#10 {main}
ERROR - 2023-09-01 13:47:59 --> Table 'db_coba_ci4.tbl_produk' doesn't exist
CRITICAL - 2023-09-01 13:47:59 --> Table 'db_coba_ci4.tbl_produk' doesn't exist
#0 C:\xampp\htdocs\ci4-sistemcoba\system\Database\MySQLi\Connection.php(292): mysqli->query('SELECT *\nFROM `...', 0)
#1 C:\xampp\htdocs\ci4-sistemcoba\system\Database\BaseConnection.php(670): CodeIgniter\Database\MySQLi\Connection->execute('SELECT *\nFROM `...')
#2 C:\xampp\htdocs\ci4-sistemcoba\system\Database\BaseConnection.php(598): CodeIgniter\Database\BaseConnection->simpleQuery('SELECT *\nFROM `...')
#3 C:\xampp\htdocs\ci4-sistemcoba\system\Database\BaseBuilder.php(1455): CodeIgniter\Database\BaseConnection->query('SELECT *\nFROM `...', Array, false)
#4 C:\xampp\htdocs\ci4-sistemcoba\app\Models\ModelPenjualan.php(38): CodeIgniter\Database\BaseBuilder->get()
#5 C:\xampp\htdocs\ci4-sistemcoba\app\Controllers\Penjualan.php(23): App\Models\ModelPenjualan->AllProduk()
#6 C:\xampp\htdocs\ci4-sistemcoba\system\CodeIgniter.php(832): App\Controllers\Penjualan->index()
#7 C:\xampp\htdocs\ci4-sistemcoba\system\CodeIgniter.php(419): CodeIgniter\CodeIgniter->runController(Object(App\Controllers\Penjualan))
#8 C:\xampp\htdocs\ci4-sistemcoba\system\CodeIgniter.php(326): CodeIgniter\CodeIgniter->handleRequest(NULL, Object(Config\Cache), false)
#9 C:\xampp\htdocs\ci4-sistemcoba\public\index.php(37): CodeIgniter\CodeIgniter->run()
#10 {main}
ERROR - 2023-09-01 13:49:02 --> Table 'db_coba_ci4.tbl_produk' doesn't exist
CRITICAL - 2023-09-01 13:49:02 --> Table 'db_coba_ci4.tbl_produk' doesn't exist
#0 C:\xampp\htdocs\ci4-sistemcoba\system\Database\MySQLi\Connection.php(292): mysqli->query('INSERT INTO `tb...', 0)
#1 C:\xampp\htdocs\ci4-sistemcoba\system\Database\BaseConnection.php(670): CodeIgniter\Database\MySQLi\Connection->execute('INSERT INTO `tb...')
#2 C:\xampp\htdocs\ci4-sistemcoba\system\Database\BaseConnection.php(598): CodeIgniter\Database\BaseConnection->simpleQuery('INSERT INTO `tb...')
#3 C:\xampp\htdocs\ci4-sistemcoba\system\Database\BaseBuilder.php(1771): CodeIgniter\Database\BaseConnection->query('INSERT INTO `tb...', Array, false)
#4 C:\xampp\htdocs\ci4-sistemcoba\app\Models\ModelPenjualan.php(48): CodeIgniter\Database\BaseBuilder->insert(Array)
#5 C:\xampp\htdocs\ci4-sistemcoba\app\Controllers\Penjualan.php(102): App\Models\ModelPenjualan->InsertRinciJual(Array)
#6 C:\xampp\htdocs\ci4-sistemcoba\system\CodeIgniter.php(832): App\Controllers\Penjualan->SimpanTransaksi()
#7 C:\xampp\htdocs\ci4-sistemcoba\system\CodeIgniter.php(419): CodeIgniter\CodeIgniter->runController(Object(App\Controllers\Penjualan))
#8 C:\xampp\htdocs\ci4-sistemcoba\system\CodeIgniter.php(326): CodeIgniter\CodeIgniter->handleRequest(NULL, Object(Config\Cache), false)
#9 C:\xampp\htdocs\ci4-sistemcoba\public\index.php(37): CodeIgniter\CodeIgniter->run()
#10 {main}
ERROR - 2023-09-01 13:50:18 --> Table 'db_coba_ci4.tbl_produk' doesn't exist
CRITICAL - 2023-09-01 13:50:18 --> Table 'db_coba_ci4.tbl_produk' doesn't exist
#0 C:\xampp\htdocs\ci4-sistemcoba\system\Database\MySQLi\Connection.php(292): mysqli->query('SELECT COUNT(*)...', 0)
#1 C:\xampp\htdocs\ci4-sistemcoba\system\Database\BaseConnection.php(670): CodeIgniter\Database\MySQLi\Connection->execute('SELECT COUNT(*)...')
#2 C:\xampp\htdocs\ci4-sistemcoba\system\Database\BaseConnection.php(598): CodeIgniter\Database\BaseConnection->simpleQuery('SELECT COUNT(*)...')
#3 C:\xampp\htdocs\ci4-sistemcoba\system\Database\BaseBuilder.php(1484): CodeIgniter\Database\BaseConnection->query('SELECT COUNT(*)...', NULL, false)
#4 C:\xampp\htdocs\ci4-sistemcoba\app\Models\ModelAdmin.php(66): CodeIgniter\Database\BaseBuilder->countAll()
#5 C:\xampp\htdocs\ci4-sistemcoba\app\Controllers\Admin.php(26): App\Models\ModelAdmin->JumlahProduk()
#6 C:\xampp\htdocs\ci4-sistemcoba\system\CodeIgniter.php(832): App\Controllers\Admin->index()
#7 C:\xampp\htdocs\ci4-sistemcoba\system\CodeIgniter.php(419): CodeIgniter\CodeIgniter->runController(Object(App\Controllers\Admin))
#8 C:\xampp\htdocs\ci4-sistemcoba\system\CodeIgniter.php(326): CodeIgniter\CodeIgniter->handleRequest(NULL, Object(Config\Cache), false)
#9 C:\xampp\htdocs\ci4-sistemcoba\public\index.php(37): CodeIgniter\CodeIgniter->run()
#10 {main}
ERROR - 2023-09-01 14:01:07 --> Unknown column 'merk' in 'field list'
CRITICAL - 2023-09-01 14:01:07 --> Unknown column 'merk' in 'field list'
#0 C:\xampp\htdocs\ci4-sistemcoba\system\Database\MySQLi\Connection.php(292): mysqli->query('UPDATE `tbl_bar...', 0)
#1 C:\xampp\htdocs\ci4-sistemcoba\system\Database\BaseConnection.php(670): CodeIgniter\Database\MySQLi\Connection->execute('UPDATE `tbl_bar...')
#2 C:\xampp\htdocs\ci4-sistemcoba\system\Database\BaseConnection.php(598): CodeIgniter\Database\BaseConnection->simpleQuery('UPDATE `tbl_bar...')
#3 C:\xampp\htdocs\ci4-sistemcoba\system\Database\BaseBuilder.php(1913): CodeIgniter\Database\BaseConnection->query('UPDATE `tbl_bar...', Array, false)
#4 C:\xampp\htdocs\ci4-sistemcoba\app\Models\ModelProduk.php(26): CodeIgniter\Database\BaseBuilder->update(Array)
#5 C:\xampp\htdocs\ci4-sistemcoba\app\Controllers\Produk.php(105): App\Models\ModelProduk->UpdateData(Array)
#6 C:\xampp\htdocs\ci4-sistemcoba\system\CodeIgniter.php(832): App\Controllers\Produk->UpdateData('8')
#7 C:\xampp\htdocs\ci4-sistemcoba\system\CodeIgniter.php(419): CodeIgniter\CodeIgniter->runController(Object(App\Controllers\Produk))
#8 C:\xampp\htdocs\ci4-sistemcoba\system\CodeIgniter.php(326): CodeIgniter\CodeIgniter->handleRequest(NULL, Object(Config\Cache), false)
#9 C:\xampp\htdocs\ci4-sistemcoba\public\index.php(37): CodeIgniter\CodeIgniter->run()
#10 {main}
ERROR - 2023-09-01 14:09:07 --> Table 'db_coba_ci4.tbl_jual' doesn't exist
CRITICAL - 2023-09-01 14:09:07 --> Table 'db_coba_ci4.tbl_jual' doesn't exist
#0 C:\xampp\htdocs\ci4-sistemcoba\system\Database\MySQLi\Connection.php(292): mysqli->query('SELECT MAX(RIGH...', 0)
#1 C:\xampp\htdocs\ci4-sistemcoba\system\Database\BaseConnection.php(670): CodeIgniter\Database\MySQLi\Connection->execute('SELECT MAX(RIGH...')
#2 C:\xampp\htdocs\ci4-sistemcoba\system\Database\BaseConnection.php(598): CodeIgniter\Database\BaseConnection->simpleQuery('SELECT MAX(RIGH...')
#3 C:\xampp\htdocs\ci4-sistemcoba\app\Models\ModelPenjualan.php(12): CodeIgniter\Database\BaseConnection->query('SELECT MAX(RIGH...')
#4 C:\xampp\htdocs\ci4-sistemcoba\app\Controllers\Penjualan.php(20): App\Models\ModelPenjualan->NoFaktur()
#5 C:\xampp\htdocs\ci4-sistemcoba\system\CodeIgniter.php(832): App\Controllers\Penjualan->index()
#6 C:\xampp\htdocs\ci4-sistemcoba\system\CodeIgniter.php(419): CodeIgniter\CodeIgniter->runController(Object(App\Controllers\Penjualan))
#7 C:\xampp\htdocs\ci4-sistemcoba\system\CodeIgniter.php(326): CodeIgniter\CodeIgniter->handleRequest(NULL, Object(Config\Cache), false)
#8 C:\xampp\htdocs\ci4-sistemcoba\public\index.php(37): CodeIgniter\CodeIgniter->run()
#9 {main}
ERROR - 2023-09-01 14:10:07 --> The cart array must contain a product ID, quantity, price, and name.
ERROR - 2023-09-01 14:10:24 --> The cart array must contain a product ID, quantity, price, and name.
ERROR - 2023-09-01 14:11:45 --> The cart array must contain a product ID, quantity, price, and name.
ERROR - 2023-09-01 14:16:07 --> The cart array must contain a product ID, quantity, price, and name.
ERROR - 2023-09-01 14:19:07 --> The cart array must contain a product ID, quantity, price, and name.
ERROR - 2023-09-01 14:21:12 --> The cart array must contain a product ID, quantity, price, and name.
ERROR - 2023-09-01 14:22:52 --> The cart array must contain a product ID, quantity, price, and name.
ERROR - 2023-09-01 14:25:08 --> The cart array must contain a product ID, quantity, price, and name.
ERROR - 2023-09-01 14:30:38 --> Invalid product ID.  The product ID can only contain alpha-numeric characters, dashes, and underscores
ERROR - 2023-09-01 14:31:10 --> Unknown column 'brand' in 'field list'
CRITICAL - 2023-09-01 14:31:10 --> Unknown column 'brand' in 'field list'
#0 C:\xampp\htdocs\ci4-sistemcoba\system\Database\MySQLi\Connection.php(292): mysqli->query('INSERT INTO `tb...', 0)
#1 C:\xampp\htdocs\ci4-sistemcoba\system\Database\BaseConnection.php(670): CodeIgniter\Database\MySQLi\Connection->execute('INSERT INTO `tb...')
#2 C:\xampp\htdocs\ci4-sistemcoba\system\Database\BaseConnection.php(598): CodeIgniter\Database\BaseConnection->simpleQuery('INSERT INTO `tb...')
#3 C:\xampp\htdocs\ci4-sistemcoba\system\Database\BaseBuilder.php(1771): CodeIgniter\Database\BaseConnection->query('INSERT INTO `tb...', Array, false)
#4 C:\xampp\htdocs\ci4-sistemcoba\app\Models\ModelPenjualan.php(48): CodeIgniter\Database\BaseBuilder->insert(Array)
#5 C:\xampp\htdocs\ci4-sistemcoba\app\Controllers\Penjualan.php(108): App\Models\ModelPenjualan->InsertRinciJual(Array)
#6 C:\xampp\htdocs\ci4-sistemcoba\system\CodeIgniter.php(832): App\Controllers\Penjualan->SimpanTransaksi()
#7 C:\xampp\htdocs\ci4-sistemcoba\system\CodeIgniter.php(419): CodeIgniter\CodeIgniter->runController(Object(App\Controllers\Penjualan))
#8 C:\xampp\htdocs\ci4-sistemcoba\system\CodeIgniter.php(326): CodeIgniter\CodeIgniter->handleRequest(NULL, Object(Config\Cache), false)
#9 C:\xampp\htdocs\ci4-sistemcoba\public\index.php(37): CodeIgniter\CodeIgniter->run()
#10 {main}
ERROR - 2023-09-01 14:32:23 --> Unknown column 'total_harga' in 'field list'
CRITICAL - 2023-09-01 14:32:23 --> Unknown column 'total_harga' in 'field list'
#0 C:\xampp\htdocs\ci4-sistemcoba\system\Database\MySQLi\Connection.php(292): mysqli->query('INSERT INTO `tb...', 0)
#1 C:\xampp\htdocs\ci4-sistemcoba\system\Database\BaseConnection.php(670): CodeIgniter\Database\MySQLi\Connection->execute('INSERT INTO `tb...')
#2 C:\xampp\htdocs\ci4-sistemcoba\system\Database\BaseConnection.php(598): CodeIgniter\Database\BaseConnection->simpleQuery('INSERT INTO `tb...')
#3 C:\xampp\htdocs\ci4-sistemcoba\system\Database\BaseBuilder.php(1771): CodeIgniter\Database\BaseConnection->query('INSERT INTO `tb...', Array, false)
#4 C:\xampp\htdocs\ci4-sistemcoba\app\Models\ModelPenjualan.php(48): CodeIgniter\Database\BaseBuilder->insert(Array)
#5 C:\xampp\htdocs\ci4-sistemcoba\app\Controllers\Penjualan.php(107): App\Models\ModelPenjualan->InsertRinciJual(Array)
#6 C:\xampp\htdocs\ci4-sistemcoba\system\CodeIgniter.php(832): App\Controllers\Penjualan->SimpanTransaksi()
#7 C:\xampp\htdocs\ci4-sistemcoba\system\CodeIgniter.php(419): CodeIgniter\CodeIgniter->runController(Object(App\Controllers\Penjualan))
#8 C:\xampp\htdocs\ci4-sistemcoba\system\CodeIgniter.php(326): CodeIgniter\CodeIgniter->handleRequest(NULL, Object(Config\Cache), false)
#9 C:\xampp\htdocs\ci4-sistemcoba\public\index.php(37): CodeIgniter\CodeIgniter->run()
#10 {main}
ERROR - 2023-09-01 14:33:06 --> Table 'db_coba_ci4.tbl_barang' doesn't exist
CRITICAL - 2023-09-01 14:33:06 --> Table 'db_coba_ci4.tbl_barang' doesn't exist
#0 C:\xampp\htdocs\ci4-sistemcoba\system\Database\MySQLi\Connection.php(292): mysqli->query('SELECT COUNT(*)...', 0)
#1 C:\xampp\htdocs\ci4-sistemcoba\system\Database\BaseConnection.php(670): CodeIgniter\Database\MySQLi\Connection->execute('SELECT COUNT(*)...')
#2 C:\xampp\htdocs\ci4-sistemcoba\system\Database\BaseConnection.php(598): CodeIgniter\Database\BaseConnection->simpleQuery('SELECT COUNT(*)...')
#3 C:\xampp\htdocs\ci4-sistemcoba\system\Database\BaseBuilder.php(1484): CodeIgniter\Database\BaseConnection->query('SELECT COUNT(*)...', NULL, false)
#4 C:\xampp\htdocs\ci4-sistemcoba\app\Models\ModelAdmin.php(66): CodeIgniter\Database\BaseBuilder->countAll()
#5 C:\xampp\htdocs\ci4-sistemcoba\app\Controllers\Admin.php(26): App\Models\ModelAdmin->JumlahProduk()
#6 C:\xampp\htdocs\ci4-sistemcoba\system\CodeIgniter.php(832): App\Controllers\Admin->index()
#7 C:\xampp\htdocs\ci4-sistemcoba\system\CodeIgniter.php(419): CodeIgniter\CodeIgniter->runController(Object(App\Controllers\Admin))
#8 C:\xampp\htdocs\ci4-sistemcoba\system\CodeIgniter.php(326): CodeIgniter\CodeIgniter->handleRequest(NULL, Object(Config\Cache), false)
#9 C:\xampp\htdocs\ci4-sistemcoba\public\index.php(37): CodeIgniter\CodeIgniter->run()
#10 {main}
ERROR - 2023-09-01 14:35:28 --> Unknown column 'harga_beli' in 'field list'
CRITICAL - 2023-09-01 14:35:28 --> Unknown column 'harga_beli' in 'field list'
#0 C:\xampp\htdocs\ci4-sistemcoba\system\Database\MySQLi\Connection.php(292): mysqli->query('INSERT INTO `tb...', 0)
#1 C:\xampp\htdocs\ci4-sistemcoba\system\Database\BaseConnection.php(670): CodeIgniter\Database\MySQLi\Connection->execute('INSERT INTO `tb...')
#2 C:\xampp\htdocs\ci4-sistemcoba\system\Database\BaseConnection.php(598): CodeIgniter\Database\BaseConnection->simpleQuery('INSERT INTO `tb...')
#3 C:\xampp\htdocs\ci4-sistemcoba\system\Database\BaseBuilder.php(1771): CodeIgniter\Database\BaseConnection->query('INSERT INTO `tb...', Array, false)
#4 C:\xampp\htdocs\ci4-sistemcoba\app\Models\ModelProduk.php(19): CodeIgniter\Database\BaseBuilder->insert(Array)
#5 C:\xampp\htdocs\ci4-sistemcoba\app\Controllers\Produk.php(70): App\Models\ModelProduk->InsertData(Array)
#6 C:\xampp\htdocs\ci4-sistemcoba\system\CodeIgniter.php(832): App\Controllers\Produk->InsertData()
#7 C:\xampp\htdocs\ci4-sistemcoba\system\CodeIgniter.php(419): CodeIgniter\CodeIgniter->runController(Object(App\Controllers\Produk))
#8 C:\xampp\htdocs\ci4-sistemcoba\system\CodeIgniter.php(326): CodeIgniter\CodeIgniter->handleRequest(NULL, Object(Config\Cache), false)
#9 C:\xampp\htdocs\ci4-sistemcoba\public\index.php(37): CodeIgniter\CodeIgniter->run()
#10 {main}
ERROR - 2023-09-01 14:44:21 --> The cart array must contain a product ID, quantity, price, and name.
ERROR - 2023-09-01 14:44:39 --> The cart array must contain a product ID, quantity, price, and name.
CRITICAL - 2023-09-01 15:03:25 --> filterkasir filter must have a matching alias defined.
#0 C:\xampp\htdocs\ci4-sistemcoba\system\Filters\Filters.php(493): CodeIgniter\Filters\Exceptions\FilterException::forNoAlias('filterkasir')
#1 C:\xampp\htdocs\ci4-sistemcoba\system\Filters\Filters.php(244): CodeIgniter\Filters\Filters->processAliasesToClass('after')
#2 C:\xampp\htdocs\ci4-sistemcoba\system\Filters\Filters.php(163): CodeIgniter\Filters\Filters->initialize('penjualan')
#3 C:\xampp\htdocs\ci4-sistemcoba\system\CodeIgniter.php(393): CodeIgniter\Filters\Filters->run('Penjualan', 'before')
#4 C:\xampp\htdocs\ci4-sistemcoba\system\CodeIgniter.php(326): CodeIgniter\CodeIgniter->handleRequest(NULL, Object(Config\Cache), false)
#5 C:\xampp\htdocs\ci4-sistemcoba\public\index.php(37): CodeIgniter\CodeIgniter->run()
#6 {main}
CRITICAL - 2023-09-01 15:04:15 --> filterkasir filter must have a matching alias defined.
#0 C:\xampp\htdocs\ci4-sistemcoba\system\Filters\Filters.php(493): CodeIgniter\Filters\Exceptions\FilterException::forNoAlias('filterkasir')
#1 C:\xampp\htdocs\ci4-sistemcoba\system\Filters\Filters.php(244): CodeIgniter\Filters\Filters->processAliasesToClass('after')
#2 C:\xampp\htdocs\ci4-sistemcoba\system\Filters\Filters.php(163): CodeIgniter\Filters\Filters->initialize('penjualan')
#3 C:\xampp\htdocs\ci4-sistemcoba\system\CodeIgniter.php(393): CodeIgniter\Filters\Filters->run('Penjualan', 'before')
#4 C:\xampp\htdocs\ci4-sistemcoba\system\CodeIgniter.php(326): CodeIgniter\CodeIgniter->handleRequest(NULL, Object(Config\Cache), false)
#5 C:\xampp\htdocs\ci4-sistemcoba\public\index.php(37): CodeIgniter\CodeIgniter->run()
#6 {main}
CRITICAL - 2023-09-01 15:05:45 --> filterkasir filter must have a matching alias defined.
#0 C:\xampp\htdocs\ci4-sistemcoba\system\Filters\Filters.php(493): CodeIgniter\Filters\Exceptions\FilterException::forNoAlias('filterkasir')
#1 C:\xampp\htdocs\ci4-sistemcoba\system\Filters\Filters.php(244): CodeIgniter\Filters\Filters->processAliasesToClass('after')
#2 C:\xampp\htdocs\ci4-sistemcoba\system\Filters\Filters.php(163): CodeIgniter\Filters\Filters->initialize('penjualan')
#3 C:\xampp\htdocs\ci4-sistemcoba\system\CodeIgniter.php(393): CodeIgniter\Filters\Filters->run('Penjualan', 'before')
#4 C:\xampp\htdocs\ci4-sistemcoba\system\CodeIgniter.php(326): CodeIgniter\CodeIgniter->handleRequest(NULL, Object(Config\Cache), false)
#5 C:\xampp\htdocs\ci4-sistemcoba\public\index.php(37): CodeIgniter\CodeIgniter->run()
#6 {main}
ERROR - 2023-09-01 15:17:51 --> Table 'db_coba_ci4.tbl_produk' doesn't exist
CRITICAL - 2023-09-01 15:17:51 --> Table 'db_coba_ci4.tbl_produk' doesn't exist
#0 C:\xampp\htdocs\ci4-sistemcoba\system\Database\MySQLi\Connection.php(292): mysqli->query('SELECT COUNT(*)...', 0)
#1 C:\xampp\htdocs\ci4-sistemcoba\system\Database\BaseConnection.php(670): CodeIgniter\Database\MySQLi\Connection->execute('SELECT COUNT(*)...')
#2 C:\xampp\htdocs\ci4-sistemcoba\system\Database\BaseConnection.php(598): CodeIgniter\Database\BaseConnection->simpleQuery('SELECT COUNT(*)...')
#3 C:\xampp\htdocs\ci4-sistemcoba\system\Database\BaseBuilder.php(1484): CodeIgniter\Database\BaseConnection->query('SELECT COUNT(*)...', NULL, false)
#4 C:\xampp\htdocs\ci4-sistemcoba\app\Models\ModelAdmin.php(66): CodeIgniter\Database\BaseBuilder->countAll()
#5 C:\xampp\htdocs\ci4-sistemcoba\app\Controllers\Admin.php(26): App\Models\ModelAdmin->JumlahProduk()
#6 C:\xampp\htdocs\ci4-sistemcoba\system\CodeIgniter.php(832): App\Controllers\Admin->index()
#7 C:\xampp\htdocs\ci4-sistemcoba\system\CodeIgniter.php(419): CodeIgniter\CodeIgniter->runController(Object(App\Controllers\Admin))
#8 C:\xampp\htdocs\ci4-sistemcoba\system\CodeIgniter.php(326): CodeIgniter\CodeIgniter->handleRequest(NULL, Object(Config\Cache), false)
#9 C:\xampp\htdocs\ci4-sistemcoba\public\index.php(37): CodeIgniter\CodeIgniter->run()
#10 {main}
ERROR - 2023-09-01 15:18:52 --> Table 'db_coba_ci4.tbl_barangk' doesn't exist
CRITICAL - 2023-09-01 15:18:52 --> Table 'db_coba_ci4.tbl_barangk' doesn't exist
#0 C:\xampp\htdocs\ci4-sistemcoba\system\Database\MySQLi\Connection.php(292): mysqli->query('SELECT COUNT(*)...', 0)
#1 C:\xampp\htdocs\ci4-sistemcoba\system\Database\BaseConnection.php(670): CodeIgniter\Database\MySQLi\Connection->execute('SELECT COUNT(*)...')
#2 C:\xampp\htdocs\ci4-sistemcoba\system\Database\BaseConnection.php(598): CodeIgniter\Database\BaseConnection->simpleQuery('SELECT COUNT(*)...')
#3 C:\xampp\htdocs\ci4-sistemcoba\system\Database\BaseBuilder.php(1484): CodeIgniter\Database\BaseConnection->query('SELECT COUNT(*)...', NULL, false)
#4 C:\xampp\htdocs\ci4-sistemcoba\app\Models\ModelAdmin.php(66): CodeIgniter\Database\BaseBuilder->countAll()
#5 C:\xampp\htdocs\ci4-sistemcoba\app\Controllers\Admin.php(26): App\Models\ModelAdmin->JumlahProduk()
#6 C:\xampp\htdocs\ci4-sistemcoba\system\CodeIgniter.php(832): App\Controllers\Admin->index()
#7 C:\xampp\htdocs\ci4-sistemcoba\system\CodeIgniter.php(419): CodeIgniter\CodeIgniter->runController(Object(App\Controllers\Admin))
#8 C:\xampp\htdocs\ci4-sistemcoba\system\CodeIgniter.php(326): CodeIgniter\CodeIgniter->handleRequest(NULL, Object(Config\Cache), false)
#9 C:\xampp\htdocs\ci4-sistemcoba\public\index.php(37): CodeIgniter\CodeIgniter->run()
#10 {main}
