ERROR - 2023-01-07 22:12:47 --> You have an error in your SQL syntax; check the manual that corresponds to your MariaDB server version for the right syntax to use near '[RIGHT(no_faktur,4)] as no_urut from tbl_jual where DATE (tgl_jual)='20230107'' at line 1
CRITICAL - 2023-01-07 22:12:47 --> You have an error in your SQL syntax; check the manual that corresponds to your MariaDB server version for the right syntax to use near '[RIGHT(no_faktur,4)] as no_urut from tbl_jual where DATE (tgl_jual)='20230107'' at line 1
#0 C:\xampp\htdocs\ci4-sistemkasir\system\Database\MySQLi\Connection.php(292): mysqli->query('SELECT MAX[RIGH...', 0)
#1 C:\xampp\htdocs\ci4-sistemkasir\system\Database\BaseConnection.php(670): CodeIgniter\Database\MySQLi\Connection->execute('SELECT MAX[RIGH...')
#2 C:\xampp\htdocs\ci4-sistemkasir\system\Database\BaseConnection.php(598): CodeIgniter\Database\BaseConnection->simpleQuery('SELECT MAX[RIGH...')
#3 C:\xampp\htdocs\ci4-sistemkasir\app\Models\ModelPenjualan.php(12): CodeIgniter\Database\BaseConnection->query('SELECT MAX[RIGH...')
#4 C:\xampp\htdocs\ci4-sistemkasir\app\Controllers\Penjualan.php(18): App\Models\ModelPenjualan->NoFaktur()
#5 C:\xampp\htdocs\ci4-sistemkasir\system\CodeIgniter.php(832): App\Controllers\Penjualan->index()
#6 C:\xampp\htdocs\ci4-sistemkasir\system\CodeIgniter.php(419): CodeIgniter\CodeIgniter->runController(Object(App\Controllers\Penjualan))
#7 C:\xampp\htdocs\ci4-sistemkasir\system\CodeIgniter.php(326): CodeIgniter\CodeIgniter->handleRequest(NULL, Object(Config\Cache), false)
#8 C:\xampp\htdocs\ci4-sistemkasir\public\index.php(37): CodeIgniter\CodeIgniter->run()
#9 {main}
CRITICAL - 2023-01-07 22:28:55 --> Call to undefined method CodeIgniter\Session\Session::grt()
#0 C:\xampp\htdocs\ci4-sistemkasir\system\View\View.php(210): include()
#1 C:\xampp\htdocs\ci4-sistemkasir\system\View\View.php(213): CodeIgniter\View\View->CodeIgniter\View\{closure}()
#2 C:\xampp\htdocs\ci4-sistemkasir\system\Common.php(1089): CodeIgniter\View\View->render('v_penjualan', Array, true)
#3 C:\xampp\htdocs\ci4-sistemkasir\app\Controllers\Penjualan.php(20): view('v_penjualan', Array)
#4 C:\xampp\htdocs\ci4-sistemkasir\system\CodeIgniter.php(832): App\Controllers\Penjualan->index()
#5 C:\xampp\htdocs\ci4-sistemkasir\system\CodeIgniter.php(419): CodeIgniter\CodeIgniter->runController(Object(App\Controllers\Penjualan))
#6 C:\xampp\htdocs\ci4-sistemkasir\system\CodeIgniter.php(326): CodeIgniter\CodeIgniter->handleRequest(NULL, Object(Config\Cache), false)
#7 C:\xampp\htdocs\ci4-sistemkasir\public\index.php(37): CodeIgniter\CodeIgniter->run()
#8 {main}
