CRITICAL - 2023-04-11 09:31:33 --> Object of class App\Controllers\Laporan could not be converted to string
#0 C:\xampp\htdocs\ci4-sistemkasir\app\Controllers\Laporan.php(45): CodeIgniter\Debug\Exceptions->errorHandler(4096, 'Object of class...', 'C:\\xampp\\htdocs...', 45, Array)
#1 C:\xampp\htdocs\ci4-sistemkasir\system\CodeIgniter.php(832): App\Controllers\Laporan->ViewLaporanHarian()
#2 C:\xampp\htdocs\ci4-sistemkasir\system\CodeIgniter.php(419): CodeIgniter\CodeIgniter->runController(Object(App\Controllers\Laporan))
#3 C:\xampp\htdocs\ci4-sistemkasir\system\CodeIgniter.php(326): CodeIgniter\CodeIgniter->handleRequest(NULL, Object(Config\Cache), false)
#4 C:\xampp\htdocs\ci4-sistemkasir\public\index.php(37): CodeIgniter\CodeIgniter->run()
#5 {main}
CRITICAL - 2023-04-11 09:31:35 --> Object of class App\Controllers\Laporan could not be converted to string
#0 C:\xampp\htdocs\ci4-sistemkasir\app\Controllers\Laporan.php(45): CodeIgniter\Debug\Exceptions->errorHandler(4096, 'Object of class...', 'C:\\xampp\\htdocs...', 45, Array)
#1 C:\xampp\htdocs\ci4-sistemkasir\system\CodeIgniter.php(832): App\Controllers\Laporan->ViewLaporanHarian()
#2 C:\xampp\htdocs\ci4-sistemkasir\system\CodeIgniter.php(419): CodeIgniter\CodeIgniter->runController(Object(App\Controllers\Laporan))
#3 C:\xampp\htdocs\ci4-sistemkasir\system\CodeIgniter.php(326): CodeIgniter\CodeIgniter->handleRequest(NULL, Object(Config\Cache), false)
#4 C:\xampp\htdocs\ci4-sistemkasir\public\index.php(37): CodeIgniter\CodeIgniter->run()
#5 {main}
CRITICAL - 2023-04-11 09:31:36 --> Object of class App\Controllers\Laporan could not be converted to string
#0 C:\xampp\htdocs\ci4-sistemkasir\app\Controllers\Laporan.php(45): CodeIgniter\Debug\Exceptions->errorHandler(4096, 'Object of class...', 'C:\\xampp\\htdocs...', 45, Array)
#1 C:\xampp\htdocs\ci4-sistemkasir\system\CodeIgniter.php(832): App\Controllers\Laporan->ViewLaporanHarian()
#2 C:\xampp\htdocs\ci4-sistemkasir\system\CodeIgniter.php(419): CodeIgniter\CodeIgniter->runController(Object(App\Controllers\Laporan))
#3 C:\xampp\htdocs\ci4-sistemkasir\system\CodeIgniter.php(326): CodeIgniter\CodeIgniter->handleRequest(NULL, Object(Config\Cache), false)
#4 C:\xampp\htdocs\ci4-sistemkasir\public\index.php(37): CodeIgniter\CodeIgniter->run()
#5 {main}
CRITICAL - 2023-04-11 09:32:11 --> Too few arguments to function App\Models\ModelLaporan::DataHarian(), 0 passed in C:\xampp\htdocs\ci4-sistemkasir\app\Controllers\Laporan.php on line 45 and exactly 1 expected
#0 C:\xampp\htdocs\ci4-sistemkasir\app\Controllers\Laporan.php(45): App\Models\ModelLaporan->DataHarian()
#1 C:\xampp\htdocs\ci4-sistemkasir\system\CodeIgniter.php(832): App\Controllers\Laporan->ViewLaporanHarian()
#2 C:\xampp\htdocs\ci4-sistemkasir\system\CodeIgniter.php(419): CodeIgniter\CodeIgniter->runController(Object(App\Controllers\Laporan))
#3 C:\xampp\htdocs\ci4-sistemkasir\system\CodeIgniter.php(326): CodeIgniter\CodeIgniter->handleRequest(NULL, Object(Config\Cache), false)
#4 C:\xampp\htdocs\ci4-sistemkasir\public\index.php(37): CodeIgniter\CodeIgniter->run()
#5 {main}
CRITICAL - 2023-04-11 09:32:13 --> Too few arguments to function App\Models\ModelLaporan::DataHarian(), 0 passed in C:\xampp\htdocs\ci4-sistemkasir\app\Controllers\Laporan.php on line 45 and exactly 1 expected
#0 C:\xampp\htdocs\ci4-sistemkasir\app\Controllers\Laporan.php(45): App\Models\ModelLaporan->DataHarian()
#1 C:\xampp\htdocs\ci4-sistemkasir\system\CodeIgniter.php(832): App\Controllers\Laporan->ViewLaporanHarian()
#2 C:\xampp\htdocs\ci4-sistemkasir\system\CodeIgniter.php(419): CodeIgniter\CodeIgniter->runController(Object(App\Controllers\Laporan))
#3 C:\xampp\htdocs\ci4-sistemkasir\system\CodeIgniter.php(326): CodeIgniter\CodeIgniter->handleRequest(NULL, Object(Config\Cache), false)
#4 C:\xampp\htdocs\ci4-sistemkasir\public\index.php(37): CodeIgniter\CodeIgniter->run()
#5 {main}
CRITICAL - 2023-04-11 09:32:14 --> Too few arguments to function App\Models\ModelLaporan::DataHarian(), 0 passed in C:\xampp\htdocs\ci4-sistemkasir\app\Controllers\Laporan.php on line 45 and exactly 1 expected
#0 C:\xampp\htdocs\ci4-sistemkasir\app\Controllers\Laporan.php(45): App\Models\ModelLaporan->DataHarian()
#1 C:\xampp\htdocs\ci4-sistemkasir\system\CodeIgniter.php(832): App\Controllers\Laporan->ViewLaporanHarian()
#2 C:\xampp\htdocs\ci4-sistemkasir\system\CodeIgniter.php(419): CodeIgniter\CodeIgniter->runController(Object(App\Controllers\Laporan))
#3 C:\xampp\htdocs\ci4-sistemkasir\system\CodeIgniter.php(326): CodeIgniter\CodeIgniter->handleRequest(NULL, Object(Config\Cache), false)
#4 C:\xampp\htdocs\ci4-sistemkasir\public\index.php(37): CodeIgniter\CodeIgniter->run()
#5 {main}
CRITICAL - 2023-04-11 09:32:14 --> Too few arguments to function App\Models\ModelLaporan::DataHarian(), 0 passed in C:\xampp\htdocs\ci4-sistemkasir\app\Controllers\Laporan.php on line 45 and exactly 1 expected
#0 C:\xampp\htdocs\ci4-sistemkasir\app\Controllers\Laporan.php(45): App\Models\ModelLaporan->DataHarian()
#1 C:\xampp\htdocs\ci4-sistemkasir\system\CodeIgniter.php(832): App\Controllers\Laporan->ViewLaporanHarian()
#2 C:\xampp\htdocs\ci4-sistemkasir\system\CodeIgniter.php(419): CodeIgniter\CodeIgniter->runController(Object(App\Controllers\Laporan))
#3 C:\xampp\htdocs\ci4-sistemkasir\system\CodeIgniter.php(326): CodeIgniter\CodeIgniter->handleRequest(NULL, Object(Config\Cache), false)
#4 C:\xampp\htdocs\ci4-sistemkasir\public\index.php(37): CodeIgniter\CodeIgniter->run()
#5 {main}
CRITICAL - 2023-04-11 09:32:14 --> Too few arguments to function App\Models\ModelLaporan::DataHarian(), 0 passed in C:\xampp\htdocs\ci4-sistemkasir\app\Controllers\Laporan.php on line 45 and exactly 1 expected
#0 C:\xampp\htdocs\ci4-sistemkasir\app\Controllers\Laporan.php(45): App\Models\ModelLaporan->DataHarian()
#1 C:\xampp\htdocs\ci4-sistemkasir\system\CodeIgniter.php(832): App\Controllers\Laporan->ViewLaporanHarian()
#2 C:\xampp\htdocs\ci4-sistemkasir\system\CodeIgniter.php(419): CodeIgniter\CodeIgniter->runController(Object(App\Controllers\Laporan))
#3 C:\xampp\htdocs\ci4-sistemkasir\system\CodeIgniter.php(326): CodeIgniter\CodeIgniter->handleRequest(NULL, Object(Config\Cache), false)
#4 C:\xampp\htdocs\ci4-sistemkasir\public\index.php(37): CodeIgniter\CodeIgniter->run()
#5 {main}
CRITICAL - 2023-04-11 09:32:14 --> Too few arguments to function App\Models\ModelLaporan::DataHarian(), 0 passed in C:\xampp\htdocs\ci4-sistemkasir\app\Controllers\Laporan.php on line 45 and exactly 1 expected
#0 C:\xampp\htdocs\ci4-sistemkasir\app\Controllers\Laporan.php(45): App\Models\ModelLaporan->DataHarian()
#1 C:\xampp\htdocs\ci4-sistemkasir\system\CodeIgniter.php(832): App\Controllers\Laporan->ViewLaporanHarian()
#2 C:\xampp\htdocs\ci4-sistemkasir\system\CodeIgniter.php(419): CodeIgniter\CodeIgniter->runController(Object(App\Controllers\Laporan))
#3 C:\xampp\htdocs\ci4-sistemkasir\system\CodeIgniter.php(326): CodeIgniter\CodeIgniter->handleRequest(NULL, Object(Config\Cache), false)
#4 C:\xampp\htdocs\ci4-sistemkasir\public\index.php(37): CodeIgniter\CodeIgniter->run()
#5 {main}
CRITICAL - 2023-04-11 09:32:15 --> Too few arguments to function App\Models\ModelLaporan::DataHarian(), 0 passed in C:\xampp\htdocs\ci4-sistemkasir\app\Controllers\Laporan.php on line 45 and exactly 1 expected
#0 C:\xampp\htdocs\ci4-sistemkasir\app\Controllers\Laporan.php(45): App\Models\ModelLaporan->DataHarian()
#1 C:\xampp\htdocs\ci4-sistemkasir\system\CodeIgniter.php(832): App\Controllers\Laporan->ViewLaporanHarian()
#2 C:\xampp\htdocs\ci4-sistemkasir\system\CodeIgniter.php(419): CodeIgniter\CodeIgniter->runController(Object(App\Controllers\Laporan))
#3 C:\xampp\htdocs\ci4-sistemkasir\system\CodeIgniter.php(326): CodeIgniter\CodeIgniter->handleRequest(NULL, Object(Config\Cache), false)
#4 C:\xampp\htdocs\ci4-sistemkasir\public\index.php(37): CodeIgniter\CodeIgniter->run()
#5 {main}
CRITICAL - 2023-04-11 09:33:56 --> Too few arguments to function App\Models\ModelLaporan::DataHarian(), 0 passed in C:\xampp\htdocs\ci4-sistemkasir\app\Controllers\Laporan.php on line 45 and exactly 1 expected
#0 C:\xampp\htdocs\ci4-sistemkasir\app\Controllers\Laporan.php(45): App\Models\ModelLaporan->DataHarian()
#1 C:\xampp\htdocs\ci4-sistemkasir\system\CodeIgniter.php(832): App\Controllers\Laporan->ViewLaporanHarian()
#2 C:\xampp\htdocs\ci4-sistemkasir\system\CodeIgniter.php(419): CodeIgniter\CodeIgniter->runController(Object(App\Controllers\Laporan))
#3 C:\xampp\htdocs\ci4-sistemkasir\system\CodeIgniter.php(326): CodeIgniter\CodeIgniter->handleRequest(NULL, Object(Config\Cache), false)
#4 C:\xampp\htdocs\ci4-sistemkasir\public\index.php(37): CodeIgniter\CodeIgniter->run()
#5 {main}
CRITICAL - 2023-04-11 09:34:04 --> Too few arguments to function App\Models\ModelLaporan::DataHarian(), 0 passed in C:\xampp\htdocs\ci4-sistemkasir\app\Controllers\Laporan.php on line 45 and exactly 1 expected
#0 C:\xampp\htdocs\ci4-sistemkasir\app\Controllers\Laporan.php(45): App\Models\ModelLaporan->DataHarian()
#1 C:\xampp\htdocs\ci4-sistemkasir\system\CodeIgniter.php(832): App\Controllers\Laporan->ViewLaporanHarian()
#2 C:\xampp\htdocs\ci4-sistemkasir\system\CodeIgniter.php(419): CodeIgniter\CodeIgniter->runController(Object(App\Controllers\Laporan))
#3 C:\xampp\htdocs\ci4-sistemkasir\system\CodeIgniter.php(326): CodeIgniter\CodeIgniter->handleRequest(NULL, Object(Config\Cache), false)
#4 C:\xampp\htdocs\ci4-sistemkasir\public\index.php(37): CodeIgniter\CodeIgniter->run()
#5 {main}
ERROR - 2023-04-11 09:42:21 --> Unknown column 'tbl_produk.kode_ptoduk' in 'on clause'
CRITICAL - 2023-04-11 09:42:21 --> Unknown column 'tbl_produk.kode_ptoduk' in 'on clause'
#0 C:\xampp\htdocs\ci4-sistemkasir\system\Database\MySQLi\Connection.php(292): mysqli->query('SELECT *\nFROM `...', 0)
#1 C:\xampp\htdocs\ci4-sistemkasir\system\Database\BaseConnection.php(670): CodeIgniter\Database\MySQLi\Connection->execute('SELECT *\nFROM `...')
#2 C:\xampp\htdocs\ci4-sistemkasir\system\Database\BaseConnection.php(598): CodeIgniter\Database\BaseConnection->simpleQuery('SELECT *\nFROM `...')
#3 C:\xampp\htdocs\ci4-sistemkasir\system\Database\BaseBuilder.php(1455): CodeIgniter\Database\BaseConnection->query('SELECT *\nFROM `...', Array, false)
#4 C:\xampp\htdocs\ci4-sistemkasir\app\Models\ModelLaporan.php(13): CodeIgniter\Database\BaseBuilder->get()
#5 C:\xampp\htdocs\ci4-sistemkasir\app\Controllers\Laporan.php(45): App\Models\ModelLaporan->DataHarian()
#6 C:\xampp\htdocs\ci4-sistemkasir\system\CodeIgniter.php(832): App\Controllers\Laporan->ViewLaporanHarian()
#7 C:\xampp\htdocs\ci4-sistemkasir\system\CodeIgniter.php(419): CodeIgniter\CodeIgniter->runController(Object(App\Controllers\Laporan))
#8 C:\xampp\htdocs\ci4-sistemkasir\system\CodeIgniter.php(326): CodeIgniter\CodeIgniter->handleRequest(NULL, Object(Config\Cache), false)
#9 C:\xampp\htdocs\ci4-sistemkasir\public\index.php(37): CodeIgniter\CodeIgniter->run()
#10 {main}
ERROR - 2023-04-11 09:42:23 --> Unknown column 'tbl_produk.kode_ptoduk' in 'on clause'
CRITICAL - 2023-04-11 09:42:23 --> Unknown column 'tbl_produk.kode_ptoduk' in 'on clause'
#0 C:\xampp\htdocs\ci4-sistemkasir\system\Database\MySQLi\Connection.php(292): mysqli->query('SELECT *\nFROM `...', 0)
#1 C:\xampp\htdocs\ci4-sistemkasir\system\Database\BaseConnection.php(670): CodeIgniter\Database\MySQLi\Connection->execute('SELECT *\nFROM `...')
#2 C:\xampp\htdocs\ci4-sistemkasir\system\Database\BaseConnection.php(598): CodeIgniter\Database\BaseConnection->simpleQuery('SELECT *\nFROM `...')
#3 C:\xampp\htdocs\ci4-sistemkasir\system\Database\BaseBuilder.php(1455): CodeIgniter\Database\BaseConnection->query('SELECT *\nFROM `...', Array, false)
#4 C:\xampp\htdocs\ci4-sistemkasir\app\Models\ModelLaporan.php(13): CodeIgniter\Database\BaseBuilder->get()
#5 C:\xampp\htdocs\ci4-sistemkasir\app\Controllers\Laporan.php(45): App\Models\ModelLaporan->DataHarian()
#6 C:\xampp\htdocs\ci4-sistemkasir\system\CodeIgniter.php(832): App\Controllers\Laporan->ViewLaporanHarian()
#7 C:\xampp\htdocs\ci4-sistemkasir\system\CodeIgniter.php(419): CodeIgniter\CodeIgniter->runController(Object(App\Controllers\Laporan))
#8 C:\xampp\htdocs\ci4-sistemkasir\system\CodeIgniter.php(326): CodeIgniter\CodeIgniter->handleRequest(NULL, Object(Config\Cache), false)
#9 C:\xampp\htdocs\ci4-sistemkasir\public\index.php(37): CodeIgniter\CodeIgniter->run()
#10 {main}
CRITICAL - 2023-04-11 10:12:06 --> Undefined variable: grandtotal
#0 C:\xampp\htdocs\ci4-sistemkasir\app\Views\laporan\v_tabel_laporan_harian.php(33): CodeIgniter\Debug\Exceptions->errorHandler(8, 'Undefined varia...', 'C:\\xampp\\htdocs...', 33, Array)
#1 C:\xampp\htdocs\ci4-sistemkasir\system\View\View.php(210): include('C:\\xampp\\htdocs...')
#2 C:\xampp\htdocs\ci4-sistemkasir\system\View\View.php(213): CodeIgniter\View\View->CodeIgniter\View\{closure}()
#3 C:\xampp\htdocs\ci4-sistemkasir\system\Common.php(1089): CodeIgniter\View\View->render('laporan/v_tabel...', Array, true)
#4 C:\xampp\htdocs\ci4-sistemkasir\app\Controllers\Laporan.php(50): view('laporan/v_tabel...', Array)
#5 C:\xampp\htdocs\ci4-sistemkasir\system\CodeIgniter.php(832): App\Controllers\Laporan->ViewLaporanHarian()
#6 C:\xampp\htdocs\ci4-sistemkasir\system\CodeIgniter.php(419): CodeIgniter\CodeIgniter->runController(Object(App\Controllers\Laporan))
#7 C:\xampp\htdocs\ci4-sistemkasir\system\CodeIgniter.php(326): CodeIgniter\CodeIgniter->handleRequest(NULL, Object(Config\Cache), false)
#8 C:\xampp\htdocs\ci4-sistemkasir\public\index.php(37): CodeIgniter\CodeIgniter->run()
#9 {main}
CRITICAL - 2023-04-11 10:12:08 --> Undefined variable: grandtotal
#0 C:\xampp\htdocs\ci4-sistemkasir\app\Views\laporan\v_tabel_laporan_harian.php(33): CodeIgniter\Debug\Exceptions->errorHandler(8, 'Undefined varia...', 'C:\\xampp\\htdocs...', 33, Array)
#1 C:\xampp\htdocs\ci4-sistemkasir\system\View\View.php(210): include('C:\\xampp\\htdocs...')
#2 C:\xampp\htdocs\ci4-sistemkasir\system\View\View.php(213): CodeIgniter\View\View->CodeIgniter\View\{closure}()
#3 C:\xampp\htdocs\ci4-sistemkasir\system\Common.php(1089): CodeIgniter\View\View->render('laporan/v_tabel...', Array, true)
#4 C:\xampp\htdocs\ci4-sistemkasir\app\Controllers\Laporan.php(50): view('laporan/v_tabel...', Array)
#5 C:\xampp\htdocs\ci4-sistemkasir\system\CodeIgniter.php(832): App\Controllers\Laporan->ViewLaporanHarian()
#6 C:\xampp\htdocs\ci4-sistemkasir\system\CodeIgniter.php(419): CodeIgniter\CodeIgniter->runController(Object(App\Controllers\Laporan))
#7 C:\xampp\htdocs\ci4-sistemkasir\system\CodeIgniter.php(326): CodeIgniter\CodeIgniter->handleRequest(NULL, Object(Config\Cache), false)
#8 C:\xampp\htdocs\ci4-sistemkasir\public\index.php(37): CodeIgniter\CodeIgniter->run()
#9 {main}
CRITICAL - 2023-04-11 10:13:02 --> Undefined variable: grandtotal
#0 C:\xampp\htdocs\ci4-sistemkasir\app\Views\laporan\v_tabel_laporan_harian.php(33): CodeIgniter\Debug\Exceptions->errorHandler(8, 'Undefined varia...', 'C:\\xampp\\htdocs...', 33, Array)
#1 C:\xampp\htdocs\ci4-sistemkasir\system\View\View.php(210): include('C:\\xampp\\htdocs...')
#2 C:\xampp\htdocs\ci4-sistemkasir\system\View\View.php(213): CodeIgniter\View\View->CodeIgniter\View\{closure}()
#3 C:\xampp\htdocs\ci4-sistemkasir\system\Common.php(1089): CodeIgniter\View\View->render('laporan/v_tabel...', Array, true)
#4 C:\xampp\htdocs\ci4-sistemkasir\app\Controllers\Laporan.php(50): view('laporan/v_tabel...', Array)
#5 C:\xampp\htdocs\ci4-sistemkasir\system\CodeIgniter.php(832): App\Controllers\Laporan->ViewLaporanHarian()
#6 C:\xampp\htdocs\ci4-sistemkasir\system\CodeIgniter.php(419): CodeIgniter\CodeIgniter->runController(Object(App\Controllers\Laporan))
#7 C:\xampp\htdocs\ci4-sistemkasir\system\CodeIgniter.php(326): CodeIgniter\CodeIgniter->handleRequest(NULL, Object(Config\Cache), false)
#8 C:\xampp\htdocs\ci4-sistemkasir\public\index.php(37): CodeIgniter\CodeIgniter->run()
#9 {main}
CRITICAL - 2023-04-11 10:13:04 --> Undefined variable: grandtotal
#0 C:\xampp\htdocs\ci4-sistemkasir\app\Views\laporan\v_tabel_laporan_harian.php(33): CodeIgniter\Debug\Exceptions->errorHandler(8, 'Undefined varia...', 'C:\\xampp\\htdocs...', 33, Array)
#1 C:\xampp\htdocs\ci4-sistemkasir\system\View\View.php(210): include('C:\\xampp\\htdocs...')
#2 C:\xampp\htdocs\ci4-sistemkasir\system\View\View.php(213): CodeIgniter\View\View->CodeIgniter\View\{closure}()
#3 C:\xampp\htdocs\ci4-sistemkasir\system\Common.php(1089): CodeIgniter\View\View->render('laporan/v_tabel...', Array, true)
#4 C:\xampp\htdocs\ci4-sistemkasir\app\Controllers\Laporan.php(50): view('laporan/v_tabel...', Array)
#5 C:\xampp\htdocs\ci4-sistemkasir\system\CodeIgniter.php(832): App\Controllers\Laporan->ViewLaporanHarian()
#6 C:\xampp\htdocs\ci4-sistemkasir\system\CodeIgniter.php(419): CodeIgniter\CodeIgniter->runController(Object(App\Controllers\Laporan))
#7 C:\xampp\htdocs\ci4-sistemkasir\system\CodeIgniter.php(326): CodeIgniter\CodeIgniter->handleRequest(NULL, Object(Config\Cache), false)
#8 C:\xampp\htdocs\ci4-sistemkasir\public\index.php(37): CodeIgniter\CodeIgniter->run()
#9 {main}
CRITICAL - 2023-04-11 10:13:05 --> Undefined variable: grandtotal
#0 C:\xampp\htdocs\ci4-sistemkasir\app\Views\laporan\v_tabel_laporan_harian.php(33): CodeIgniter\Debug\Exceptions->errorHandler(8, 'Undefined varia...', 'C:\\xampp\\htdocs...', 33, Array)
#1 C:\xampp\htdocs\ci4-sistemkasir\system\View\View.php(210): include('C:\\xampp\\htdocs...')
#2 C:\xampp\htdocs\ci4-sistemkasir\system\View\View.php(213): CodeIgniter\View\View->CodeIgniter\View\{closure}()
#3 C:\xampp\htdocs\ci4-sistemkasir\system\Common.php(1089): CodeIgniter\View\View->render('laporan/v_tabel...', Array, true)
#4 C:\xampp\htdocs\ci4-sistemkasir\app\Controllers\Laporan.php(50): view('laporan/v_tabel...', Array)
#5 C:\xampp\htdocs\ci4-sistemkasir\system\CodeIgniter.php(832): App\Controllers\Laporan->ViewLaporanHarian()
#6 C:\xampp\htdocs\ci4-sistemkasir\system\CodeIgniter.php(419): CodeIgniter\CodeIgniter->runController(Object(App\Controllers\Laporan))
#7 C:\xampp\htdocs\ci4-sistemkasir\system\CodeIgniter.php(326): CodeIgniter\CodeIgniter->handleRequest(NULL, Object(Config\Cache), false)
#8 C:\xampp\htdocs\ci4-sistemkasir\public\index.php(37): CodeIgniter\CodeIgniter->run()
#9 {main}
CRITICAL - 2023-04-11 10:13:05 --> Undefined variable: grandtotal
#0 C:\xampp\htdocs\ci4-sistemkasir\app\Views\laporan\v_tabel_laporan_harian.php(33): CodeIgniter\Debug\Exceptions->errorHandler(8, 'Undefined varia...', 'C:\\xampp\\htdocs...', 33, Array)
#1 C:\xampp\htdocs\ci4-sistemkasir\system\View\View.php(210): include('C:\\xampp\\htdocs...')
#2 C:\xampp\htdocs\ci4-sistemkasir\system\View\View.php(213): CodeIgniter\View\View->CodeIgniter\View\{closure}()
#3 C:\xampp\htdocs\ci4-sistemkasir\system\Common.php(1089): CodeIgniter\View\View->render('laporan/v_tabel...', Array, true)
#4 C:\xampp\htdocs\ci4-sistemkasir\app\Controllers\Laporan.php(50): view('laporan/v_tabel...', Array)
#5 C:\xampp\htdocs\ci4-sistemkasir\system\CodeIgniter.php(832): App\Controllers\Laporan->ViewLaporanHarian()
#6 C:\xampp\htdocs\ci4-sistemkasir\system\CodeIgniter.php(419): CodeIgniter\CodeIgniter->runController(Object(App\Controllers\Laporan))
#7 C:\xampp\htdocs\ci4-sistemkasir\system\CodeIgniter.php(326): CodeIgniter\CodeIgniter->handleRequest(NULL, Object(Config\Cache), false)
#8 C:\xampp\htdocs\ci4-sistemkasir\public\index.php(37): CodeIgniter\CodeIgniter->run()
#9 {main}
CRITICAL - 2023-04-11 10:13:05 --> Undefined variable: grandtotal
#0 C:\xampp\htdocs\ci4-sistemkasir\app\Views\laporan\v_tabel_laporan_harian.php(33): CodeIgniter\Debug\Exceptions->errorHandler(8, 'Undefined varia...', 'C:\\xampp\\htdocs...', 33, Array)
#1 C:\xampp\htdocs\ci4-sistemkasir\system\View\View.php(210): include('C:\\xampp\\htdocs...')
#2 C:\xampp\htdocs\ci4-sistemkasir\system\View\View.php(213): CodeIgniter\View\View->CodeIgniter\View\{closure}()
#3 C:\xampp\htdocs\ci4-sistemkasir\system\Common.php(1089): CodeIgniter\View\View->render('laporan/v_tabel...', Array, true)
#4 C:\xampp\htdocs\ci4-sistemkasir\app\Controllers\Laporan.php(50): view('laporan/v_tabel...', Array)
#5 C:\xampp\htdocs\ci4-sistemkasir\system\CodeIgniter.php(832): App\Controllers\Laporan->ViewLaporanHarian()
#6 C:\xampp\htdocs\ci4-sistemkasir\system\CodeIgniter.php(419): CodeIgniter\CodeIgniter->runController(Object(App\Controllers\Laporan))
#7 C:\xampp\htdocs\ci4-sistemkasir\system\CodeIgniter.php(326): CodeIgniter\CodeIgniter->handleRequest(NULL, Object(Config\Cache), false)
#8 C:\xampp\htdocs\ci4-sistemkasir\public\index.php(37): CodeIgniter\CodeIgniter->run()
#9 {main}
