CRITICAL - 2023-11-01 10:52:40 --> syntax error, unexpected '?>'
#0 C:\xampp\htdocs\ci4-inventarisbarang\system\View\View.php(213): CodeIgniter\View\View->CodeIgniter\View\{closure}()
#1 C:\xampp\htdocs\ci4-inventarisbarang\system\Common.php(1089): CodeIgniter\View\View->render('v_rinci', Array, true)
#2 C:\xampp\htdocs\ci4-inventarisbarang\app\Views\v_template.php(250): view('v_rinci')
#3 C:\xampp\htdocs\ci4-inventarisbarang\system\View\View.php(210): include('C:\\xampp\\htdocs...')
#4 C:\xampp\htdocs\ci4-inventarisbarang\system\View\View.php(213): CodeIgniter\View\View->CodeIgniter\View\{closure}()
#5 C:\xampp\htdocs\ci4-inventarisbarang\system\Common.php(1089): CodeIgniter\View\View->render('v_template', Array, true)
#6 C:\xampp\htdocs\ci4-inventarisbarang\app\Controllers\Rinci.php(28): view('v_template', Array)
#7 C:\xampp\htdocs\ci4-inventarisbarang\system\CodeIgniter.php(832): App\Controllers\Rinci->index()
#8 C:\xampp\htdocs\ci4-inventarisbarang\system\CodeIgniter.php(419): CodeIgniter\CodeIgniter->runController(Object(App\Controllers\Rinci))
#9 C:\xampp\htdocs\ci4-inventarisbarang\system\CodeIgniter.php(326): CodeIgniter\CodeIgniter->handleRequest(NULL, Object(Config\Cache), false)
#10 C:\xampp\htdocs\ci4-inventarisbarang\public\index.php(37): CodeIgniter\CodeIgniter->run()
#11 {main}
CRITICAL - 2023-11-01 10:53:01 --> syntax error, unexpected '?>'
#0 C:\xampp\htdocs\ci4-inventarisbarang\system\View\View.php(213): CodeIgniter\View\View->CodeIgniter\View\{closure}()
#1 C:\xampp\htdocs\ci4-inventarisbarang\system\Common.php(1089): CodeIgniter\View\View->render('v_rinci', Array, true)
#2 C:\xampp\htdocs\ci4-inventarisbarang\app\Views\v_template.php(250): view('v_rinci')
#3 C:\xampp\htdocs\ci4-inventarisbarang\system\View\View.php(210): include('C:\\xampp\\htdocs...')
#4 C:\xampp\htdocs\ci4-inventarisbarang\system\View\View.php(213): CodeIgniter\View\View->CodeIgniter\View\{closure}()
#5 C:\xampp\htdocs\ci4-inventarisbarang\system\Common.php(1089): CodeIgniter\View\View->render('v_template', Array, true)
#6 C:\xampp\htdocs\ci4-inventarisbarang\app\Controllers\Rinci.php(28): view('v_template', Array)
#7 C:\xampp\htdocs\ci4-inventarisbarang\system\CodeIgniter.php(832): App\Controllers\Rinci->index()
#8 C:\xampp\htdocs\ci4-inventarisbarang\system\CodeIgniter.php(419): CodeIgniter\CodeIgniter->runController(Object(App\Controllers\Rinci))
#9 C:\xampp\htdocs\ci4-inventarisbarang\system\CodeIgniter.php(326): CodeIgniter\CodeIgniter->handleRequest(NULL, Object(Config\Cache), false)
#10 C:\xampp\htdocs\ci4-inventarisbarang\public\index.php(37): CodeIgniter\CodeIgniter->run()
#11 {main}
CRITICAL - 2023-11-01 10:53:05 --> syntax error, unexpected '?>'
#0 C:\xampp\htdocs\ci4-inventarisbarang\system\View\View.php(213): CodeIgniter\View\View->CodeIgniter\View\{closure}()
#1 C:\xampp\htdocs\ci4-inventarisbarang\system\Common.php(1089): CodeIgniter\View\View->render('v_rinci', Array, true)
#2 C:\xampp\htdocs\ci4-inventarisbarang\app\Views\v_template.php(250): view('v_rinci')
#3 C:\xampp\htdocs\ci4-inventarisbarang\system\View\View.php(210): include('C:\\xampp\\htdocs...')
#4 C:\xampp\htdocs\ci4-inventarisbarang\system\View\View.php(213): CodeIgniter\View\View->CodeIgniter\View\{closure}()
#5 C:\xampp\htdocs\ci4-inventarisbarang\system\Common.php(1089): CodeIgniter\View\View->render('v_template', Array, true)
#6 C:\xampp\htdocs\ci4-inventarisbarang\app\Controllers\Rinci.php(28): view('v_template', Array)
#7 C:\xampp\htdocs\ci4-inventarisbarang\system\CodeIgniter.php(832): App\Controllers\Rinci->index()
#8 C:\xampp\htdocs\ci4-inventarisbarang\system\CodeIgniter.php(419): CodeIgniter\CodeIgniter->runController(Object(App\Controllers\Rinci))
#9 C:\xampp\htdocs\ci4-inventarisbarang\system\CodeIgniter.php(326): CodeIgniter\CodeIgniter->handleRequest(NULL, Object(Config\Cache), false)
#10 C:\xampp\htdocs\ci4-inventarisbarang\public\index.php(37): CodeIgniter\CodeIgniter->run()
#11 {main}
CRITICAL - 2023-11-01 10:56:05 --> syntax error, unexpected '?>'
#0 C:\xampp\htdocs\ci4-inventarisbarang\system\View\View.php(213): CodeIgniter\View\View->CodeIgniter\View\{closure}()
#1 C:\xampp\htdocs\ci4-inventarisbarang\system\Common.php(1089): CodeIgniter\View\View->render('v_rinci', Array, true)
#2 C:\xampp\htdocs\ci4-inventarisbarang\app\Views\v_template.php(250): view('v_rinci')
#3 C:\xampp\htdocs\ci4-inventarisbarang\system\View\View.php(210): include('C:\\xampp\\htdocs...')
#4 C:\xampp\htdocs\ci4-inventarisbarang\system\View\View.php(213): CodeIgniter\View\View->CodeIgniter\View\{closure}()
#5 C:\xampp\htdocs\ci4-inventarisbarang\system\Common.php(1089): CodeIgniter\View\View->render('v_template', Array, true)
#6 C:\xampp\htdocs\ci4-inventarisbarang\app\Controllers\Rinci.php(28): view('v_template', Array)
#7 C:\xampp\htdocs\ci4-inventarisbarang\system\CodeIgniter.php(832): App\Controllers\Rinci->index()
#8 C:\xampp\htdocs\ci4-inventarisbarang\system\CodeIgniter.php(419): CodeIgniter\CodeIgniter->runController(Object(App\Controllers\Rinci))
#9 C:\xampp\htdocs\ci4-inventarisbarang\system\CodeIgniter.php(326): CodeIgniter\CodeIgniter->handleRequest(NULL, Object(Config\Cache), false)
#10 C:\xampp\htdocs\ci4-inventarisbarang\public\index.php(37): CodeIgniter\CodeIgniter->run()
#11 {main}
CRITICAL - 2023-11-01 10:59:09 --> syntax error, unexpected '?>'
#0 C:\xampp\htdocs\ci4-inventarisbarang\system\View\View.php(213): CodeIgniter\View\View->CodeIgniter\View\{closure}()
#1 C:\xampp\htdocs\ci4-inventarisbarang\system\Common.php(1089): CodeIgniter\View\View->render('v_rinci', Array, true)
#2 C:\xampp\htdocs\ci4-inventarisbarang\app\Views\v_template.php(250): view('v_rinci')
#3 C:\xampp\htdocs\ci4-inventarisbarang\system\View\View.php(210): include('C:\\xampp\\htdocs...')
#4 C:\xampp\htdocs\ci4-inventarisbarang\system\View\View.php(213): CodeIgniter\View\View->CodeIgniter\View\{closure}()
#5 C:\xampp\htdocs\ci4-inventarisbarang\system\Common.php(1089): CodeIgniter\View\View->render('v_template', Array, true)
#6 C:\xampp\htdocs\ci4-inventarisbarang\app\Controllers\Rinci.php(28): view('v_template', Array)
#7 C:\xampp\htdocs\ci4-inventarisbarang\system\CodeIgniter.php(832): App\Controllers\Rinci->index()
#8 C:\xampp\htdocs\ci4-inventarisbarang\system\CodeIgniter.php(419): CodeIgniter\CodeIgniter->runController(Object(App\Controllers\Rinci))
#9 C:\xampp\htdocs\ci4-inventarisbarang\system\CodeIgniter.php(326): CodeIgniter\CodeIgniter->handleRequest(NULL, Object(Config\Cache), false)
#10 C:\xampp\htdocs\ci4-inventarisbarang\public\index.php(37): CodeIgniter\CodeIgniter->run()
#11 {main}
CRITICAL - 2023-11-01 11:15:10 --> syntax error, unexpected end of file
#0 C:\xampp\htdocs\ci4-inventarisbarang\system\View\View.php(213): CodeIgniter\View\View->CodeIgniter\View\{closure}()
#1 C:\xampp\htdocs\ci4-inventarisbarang\system\Common.php(1089): CodeIgniter\View\View->render('v_peminjam', Array, true)
#2 C:\xampp\htdocs\ci4-inventarisbarang\app\Controllers\Peminjam.php(32): view('v_peminjam', Array)
#3 C:\xampp\htdocs\ci4-inventarisbarang\system\CodeIgniter.php(832): App\Controllers\Peminjam->index()
#4 C:\xampp\htdocs\ci4-inventarisbarang\system\CodeIgniter.php(419): CodeIgniter\CodeIgniter->runController(Object(App\Controllers\Peminjam))
#5 C:\xampp\htdocs\ci4-inventarisbarang\system\CodeIgniter.php(326): CodeIgniter\CodeIgniter->handleRequest(NULL, Object(Config\Cache), false)
#6 C:\xampp\htdocs\ci4-inventarisbarang\public\index.php(37): CodeIgniter\CodeIgniter->run()
#7 {main}
CRITICAL - 2023-11-01 11:15:14 --> syntax error, unexpected end of file
#0 C:\xampp\htdocs\ci4-inventarisbarang\system\View\View.php(213): CodeIgniter\View\View->CodeIgniter\View\{closure}()
#1 C:\xampp\htdocs\ci4-inventarisbarang\system\Common.php(1089): CodeIgniter\View\View->render('v_peminjam', Array, true)
#2 C:\xampp\htdocs\ci4-inventarisbarang\app\Controllers\Peminjam.php(32): view('v_peminjam', Array)
#3 C:\xampp\htdocs\ci4-inventarisbarang\system\CodeIgniter.php(832): App\Controllers\Peminjam->index()
#4 C:\xampp\htdocs\ci4-inventarisbarang\system\CodeIgniter.php(419): CodeIgniter\CodeIgniter->runController(Object(App\Controllers\Peminjam))
#5 C:\xampp\htdocs\ci4-inventarisbarang\system\CodeIgniter.php(326): CodeIgniter\CodeIgniter->handleRequest(NULL, Object(Config\Cache), false)
#6 C:\xampp\htdocs\ci4-inventarisbarang\public\index.php(37): CodeIgniter\CodeIgniter->run()
#7 {main}
CRITICAL - 2023-11-01 11:29:52 --> Function name must be a string
#0 C:\xampp\htdocs\ci4-inventarisbarang\system\View\View.php(210): include()
#1 C:\xampp\htdocs\ci4-inventarisbarang\system\View\View.php(213): CodeIgniter\View\View->CodeIgniter\View\{closure}()
#2 C:\xampp\htdocs\ci4-inventarisbarang\system\Common.php(1089): CodeIgniter\View\View->render('v_rinci', Array, true)
#3 C:\xampp\htdocs\ci4-inventarisbarang\app\Views\v_template.php(250): view('v_rinci')
#4 C:\xampp\htdocs\ci4-inventarisbarang\system\View\View.php(210): include('C:\\xampp\\htdocs...')
#5 C:\xampp\htdocs\ci4-inventarisbarang\system\View\View.php(213): CodeIgniter\View\View->CodeIgniter\View\{closure}()
#6 C:\xampp\htdocs\ci4-inventarisbarang\system\Common.php(1089): CodeIgniter\View\View->render('v_template', Array, true)
#7 C:\xampp\htdocs\ci4-inventarisbarang\app\Controllers\Rinci.php(28): view('v_template', Array)
#8 C:\xampp\htdocs\ci4-inventarisbarang\system\CodeIgniter.php(832): App\Controllers\Rinci->index()
#9 C:\xampp\htdocs\ci4-inventarisbarang\system\CodeIgniter.php(419): CodeIgniter\CodeIgniter->runController(Object(App\Controllers\Rinci))
#10 C:\xampp\htdocs\ci4-inventarisbarang\system\CodeIgniter.php(326): CodeIgniter\CodeIgniter->handleRequest(NULL, Object(Config\Cache), false)
#11 C:\xampp\htdocs\ci4-inventarisbarang\public\index.php(37): CodeIgniter\CodeIgniter->run()
#12 {main}
CRITICAL - 2023-11-01 12:28:38 --> syntax error, unexpected 'session' (T_STRING), expecting :: (T_PAAMAYIM_NEKUDOTAYIM)
#0 C:\xampp\htdocs\ci4-inventarisbarang\system\View\View.php(213): CodeIgniter\View\View->CodeIgniter\View\{closure}()
#1 C:\xampp\htdocs\ci4-inventarisbarang\system\Common.php(1089): CodeIgniter\View\View->render('v_peminjam', Array, true)
#2 C:\xampp\htdocs\ci4-inventarisbarang\app\Controllers\Peminjam.php(32): view('v_peminjam', Array)
#3 C:\xampp\htdocs\ci4-inventarisbarang\system\CodeIgniter.php(832): App\Controllers\Peminjam->index()
#4 C:\xampp\htdocs\ci4-inventarisbarang\system\CodeIgniter.php(419): CodeIgniter\CodeIgniter->runController(Object(App\Controllers\Peminjam))
#5 C:\xampp\htdocs\ci4-inventarisbarang\system\CodeIgniter.php(326): CodeIgniter\CodeIgniter->handleRequest(NULL, Object(Config\Cache), false)
#6 C:\xampp\htdocs\ci4-inventarisbarang\public\index.php(37): CodeIgniter\CodeIgniter->run()
#7 {main}
