CRITICAL - 2022-10-05 06:14:36 --> Invalid file: templatefront.php
#0 C:\xampp\htdocs\ci4-sistemkasir\system\View\View.php(198): CodeIgniter\Exceptions\FrameworkException::forInvalidFile('templatefront.p...')
#1 C:\xampp\htdocs\ci4-sistemkasir\system\Common.php(1089): CodeIgniter\View\View->render('templatefront', Array, true)
#2 C:\xampp\htdocs\ci4-sistemkasir\app\Controllers\Home.php(9): view('templatefront')
#3 C:\xampp\htdocs\ci4-sistemkasir\system\CodeIgniter.php(832): App\Controllers\Home->index()
#4 C:\xampp\htdocs\ci4-sistemkasir\system\CodeIgniter.php(419): CodeIgniter\CodeIgniter->runController(Object(App\Controllers\Home))
#5 C:\xampp\htdocs\ci4-sistemkasir\system\CodeIgniter.php(326): CodeIgniter\CodeIgniter->handleRequest(NULL, Object(Config\Cache), false)
#6 C:\xampp\htdocs\ci4-sistemkasir\public\index.php(37): CodeIgniter\CodeIgniter->run()
#7 {main}
CRITICAL - 2022-10-05 06:21:06 --> Invalid file: templatefront.php
#0 C:\xampp\htdocs\ci4-sistemkasir\system\View\View.php(198): CodeIgniter\Exceptions\FrameworkException::forInvalidFile('templatefront.p...')
#1 C:\xampp\htdocs\ci4-sistemkasir\system\Common.php(1089): CodeIgniter\View\View->render('templatefront', Array, true)
#2 C:\xampp\htdocs\ci4-sistemkasir\app\Controllers\Home.php(9): view('templatefront')
#3 C:\xampp\htdocs\ci4-sistemkasir\system\CodeIgniter.php(832): App\Controllers\Home->index()
#4 C:\xampp\htdocs\ci4-sistemkasir\system\CodeIgniter.php(419): CodeIgniter\CodeIgniter->runController(Object(App\Controllers\Home))
#5 C:\xampp\htdocs\ci4-sistemkasir\system\CodeIgniter.php(326): CodeIgniter\CodeIgniter->handleRequest(NULL, Object(Config\Cache), false)
#6 C:\xampp\htdocs\ci4-sistemkasir\public\index.php(37): CodeIgniter\CodeIgniter->run()
#7 {main}
CRITICAL - 2022-10-05 06:21:13 --> Invalid file: templatefront.php
#0 C:\xampp\htdocs\ci4-sistemkasir\system\View\View.php(198): CodeIgniter\Exceptions\FrameworkException::forInvalidFile('templatefront.p...')
#1 C:\xampp\htdocs\ci4-sistemkasir\system\Common.php(1089): CodeIgniter\View\View->render('templatefront', Array, true)
#2 C:\xampp\htdocs\ci4-sistemkasir\app\Controllers\Home.php(9): view('templatefront')
#3 C:\xampp\htdocs\ci4-sistemkasir\system\CodeIgniter.php(832): App\Controllers\Home->index()
#4 C:\xampp\htdocs\ci4-sistemkasir\system\CodeIgniter.php(419): CodeIgniter\CodeIgniter->runController(Object(App\Controllers\Home))
#5 C:\xampp\htdocs\ci4-sistemkasir\system\CodeIgniter.php(326): CodeIgniter\CodeIgniter->handleRequest(NULL, Object(Config\Cache), false)
#6 C:\xampp\htdocs\ci4-sistemkasir\public\index.php(37): CodeIgniter\CodeIgniter->run()
#7 {main}
CRITICAL - 2022-10-05 06:21:35 --> Invalid file: .php
#0 C:\xampp\htdocs\ci4-sistemkasir\system\View\View.php(198): CodeIgniter\Exceptions\FrameworkException::forInvalidFile('.php')
#1 C:\xampp\htdocs\ci4-sistemkasir\system\Common.php(1089): CodeIgniter\View\View->render('', Array, true)
#2 C:\xampp\htdocs\ci4-sistemkasir\app\Controllers\Home.php(9): view('')
#3 C:\xampp\htdocs\ci4-sistemkasir\system\CodeIgniter.php(832): App\Controllers\Home->index()
#4 C:\xampp\htdocs\ci4-sistemkasir\system\CodeIgniter.php(419): CodeIgniter\CodeIgniter->runController(Object(App\Controllers\Home))
#5 C:\xampp\htdocs\ci4-sistemkasir\system\CodeIgniter.php(326): CodeIgniter\CodeIgniter->handleRequest(NULL, Object(Config\Cache), false)
#6 C:\xampp\htdocs\ci4-sistemkasir\public\index.php(37): CodeIgniter\CodeIgniter->run()
#7 {main}
CRITICAL - 2022-10-05 06:21:39 --> Invalid file: .php
#0 C:\xampp\htdocs\ci4-sistemkasir\system\View\View.php(198): CodeIgniter\Exceptions\FrameworkException::forInvalidFile('.php')
#1 C:\xampp\htdocs\ci4-sistemkasir\system\Common.php(1089): CodeIgniter\View\View->render('', Array, true)
#2 C:\xampp\htdocs\ci4-sistemkasir\app\Controllers\Home.php(9): view('')
#3 C:\xampp\htdocs\ci4-sistemkasir\system\CodeIgniter.php(832): App\Controllers\Home->index()
#4 C:\xampp\htdocs\ci4-sistemkasir\system\CodeIgniter.php(419): CodeIgniter\CodeIgniter->runController(Object(App\Controllers\Home))
#5 C:\xampp\htdocs\ci4-sistemkasir\system\CodeIgniter.php(326): CodeIgniter\CodeIgniter->handleRequest(NULL, Object(Config\Cache), false)
#6 C:\xampp\htdocs\ci4-sistemkasir\public\index.php(37): CodeIgniter\CodeIgniter->run()
#7 {main}
