CRITICAL - 2023-11-28 11:30:10 --> Call to undefined function get_stokB()
#0 C:\xampp\htdocs\ci4-inventarisbarangsmp\system\View\View.php(210): include()
#1 C:\xampp\htdocs\ci4-inventarisbarangsmp\system\View\View.php(213): CodeIgniter\View\View->CodeIgniter\View\{closure}()
#2 C:\xampp\htdocs\ci4-inventarisbarangsmp\system\Common.php(1089): CodeIgniter\View\View->render('v_peminjam', Array, true)
#3 C:\xampp\htdocs\ci4-inventarisbarangsmp\app\Controllers\Peminjam.php(30): view('v_peminjam', Array)
#4 C:\xampp\htdocs\ci4-inventarisbarangsmp\system\CodeIgniter.php(832): App\Controllers\Peminjam->index()
#5 C:\xampp\htdocs\ci4-inventarisbarangsmp\system\CodeIgniter.php(419): CodeIgniter\CodeIgniter->runController(Object(App\Controllers\Peminjam))
#6 C:\xampp\htdocs\ci4-inventarisbarangsmp\system\CodeIgniter.php(326): CodeIgniter\CodeIgniter->handleRequest(NULL, Object(Config\Cache), false)
#7 C:\xampp\htdocs\ci4-inventarisbarangsmp\public\index.php(37): CodeIgniter\CodeIgniter->run()
#8 {main}
CRITICAL - 2023-11-28 11:30:45 --> Use of undefined constant peminjam - assumed 'peminjam' (this will throw an Error in a future version of PHP)
#0 C:\xampp\htdocs\ci4-inventarisbarangsmp\app\Views\v_peminjam.php(176): CodeIgniter\Debug\Exceptions->errorHandler(2, 'Use of undefine...', 'C:\\xampp\\htdocs...', 176, Array)
#1 C:\xampp\htdocs\ci4-inventarisbarangsmp\system\View\View.php(210): include('C:\\xampp\\htdocs...')
#2 C:\xampp\htdocs\ci4-inventarisbarangsmp\system\View\View.php(213): CodeIgniter\View\View->CodeIgniter\View\{closure}()
#3 C:\xampp\htdocs\ci4-inventarisbarangsmp\system\Common.php(1089): CodeIgniter\View\View->render('v_peminjam', Array, true)
#4 C:\xampp\htdocs\ci4-inventarisbarangsmp\app\Controllers\Peminjam.php(30): view('v_peminjam', Array)
#5 C:\xampp\htdocs\ci4-inventarisbarangsmp\system\CodeIgniter.php(832): App\Controllers\Peminjam->index()
#6 C:\xampp\htdocs\ci4-inventarisbarangsmp\system\CodeIgniter.php(419): CodeIgniter\CodeIgniter->runController(Object(App\Controllers\Peminjam))
#7 C:\xampp\htdocs\ci4-inventarisbarangsmp\system\CodeIgniter.php(326): CodeIgniter\CodeIgniter->handleRequest(NULL, Object(Config\Cache), false)
#8 C:\xampp\htdocs\ci4-inventarisbarangsmp\public\index.php(37): CodeIgniter\CodeIgniter->run()
#9 {main}
CRITICAL - 2023-11-28 11:38:46 --> Undefined property: App\Controllers\Peminjam::$input
#0 C:\xampp\htdocs\ci4-inventarisbarangsmp\app\Controllers\Peminjam.php(83): CodeIgniter\Debug\Exceptions->errorHandler(8, 'Undefined prope...', 'C:\\xampp\\htdocs...', 83, Array)
#1 C:\xampp\htdocs\ci4-inventarisbarangsmp\system\CodeIgniter.php(832): App\Controllers\Peminjam->get_stokB()
#2 C:\xampp\htdocs\ci4-inventarisbarangsmp\system\CodeIgniter.php(419): CodeIgniter\CodeIgniter->runController(Object(App\Controllers\Peminjam))
#3 C:\xampp\htdocs\ci4-inventarisbarangsmp\system\CodeIgniter.php(326): CodeIgniter\CodeIgniter->handleRequest(NULL, Object(Config\Cache), false)
#4 C:\xampp\htdocs\ci4-inventarisbarangsmp\public\index.php(37): CodeIgniter\CodeIgniter->run()
#5 {main}
CRITICAL - 2023-11-28 11:39:25 --> Undefined property: App\Controllers\Peminjam::$input
#0 C:\xampp\htdocs\ci4-inventarisbarangsmp\app\Controllers\Peminjam.php(83): CodeIgniter\Debug\Exceptions->errorHandler(8, 'Undefined prope...', 'C:\\xampp\\htdocs...', 83, Array)
#1 C:\xampp\htdocs\ci4-inventarisbarangsmp\system\CodeIgniter.php(832): App\Controllers\Peminjam->get_stokB()
#2 C:\xampp\htdocs\ci4-inventarisbarangsmp\system\CodeIgniter.php(419): CodeIgniter\CodeIgniter->runController(Object(App\Controllers\Peminjam))
#3 C:\xampp\htdocs\ci4-inventarisbarangsmp\system\CodeIgniter.php(326): CodeIgniter\CodeIgniter->handleRequest(NULL, Object(Config\Cache), false)
#4 C:\xampp\htdocs\ci4-inventarisbarangsmp\public\index.php(37): CodeIgniter\CodeIgniter->run()
#5 {main}
CRITICAL - 2023-11-28 13:48:06 --> Undefined property: App\Controllers\Peminjam::$input
#0 C:\xampp\htdocs\ci4-inventarisbarangsmp\app\Controllers\Peminjam.php(83): CodeIgniter\Debug\Exceptions->errorHandler(8, 'Undefined prope...', 'C:\\xampp\\htdocs...', 83, Array)
#1 C:\xampp\htdocs\ci4-inventarisbarangsmp\system\CodeIgniter.php(832): App\Controllers\Peminjam->get_stokB()
#2 C:\xampp\htdocs\ci4-inventarisbarangsmp\system\CodeIgniter.php(419): CodeIgniter\CodeIgniter->runController(Object(App\Controllers\Peminjam))
#3 C:\xampp\htdocs\ci4-inventarisbarangsmp\system\CodeIgniter.php(326): CodeIgniter\CodeIgniter->handleRequest(NULL, Object(Config\Cache), false)
#4 C:\xampp\htdocs\ci4-inventarisbarangsmp\public\index.php(37): CodeIgniter\CodeIgniter->run()
#5 {main}
