CRITICAL - 2022-07-19 07:55:28 --> Invalid file: templatefront.php
#0 C:\xampp\htdocs\codeigniter4-kosongan\system\View\View.php(198): CodeIgniter\Exceptions\FrameworkException::forInvalidFile('templatefront.p...')
#1 C:\xampp\htdocs\codeigniter4-kosongan\system\Common.php(1089): CodeIgniter\View\View->render('templatefront', Array, true)
#2 C:\xampp\htdocs\codeigniter4-kosongan\app\Controllers\Home.php(9): view('templatefront')
#3 C:\xampp\htdocs\codeigniter4-kosongan\system\CodeIgniter.php(832): App\Controllers\Home->index()
#4 C:\xampp\htdocs\codeigniter4-kosongan\system\CodeIgniter.php(419): CodeIgniter\CodeIgniter->runController(Object(App\Controllers\Home))
#5 C:\xampp\htdocs\codeigniter4-kosongan\system\CodeIgniter.php(326): CodeIgniter\CodeIgniter->handleRequest(NULL, Object(Config\Cache), false)
#6 C:\xampp\htdocs\codeigniter4-kosongan\public\index.php(37): CodeIgniter\CodeIgniter->run()
#7 C:\xampp\htdocs\codeigniter4-kosongan\system\Commands\Server\rewrite.php(43): require_once('C:\\xampp\\htdocs...')
#8 {main}
CRITICAL - 2022-07-19 07:56:03 --> Invalid file: templatefront.php
#0 C:\xampp\htdocs\codeigniter4-kosongan\system\View\View.php(198): CodeIgniter\Exceptions\FrameworkException::forInvalidFile('templatefront.p...')
#1 C:\xampp\htdocs\codeigniter4-kosongan\system\Common.php(1089): CodeIgniter\View\View->render('templatefront', Array, true)
#2 C:\xampp\htdocs\codeigniter4-kosongan\app\Controllers\Home.php(9): view('templatefront')
#3 C:\xampp\htdocs\codeigniter4-kosongan\system\CodeIgniter.php(832): App\Controllers\Home->index()
#4 C:\xampp\htdocs\codeigniter4-kosongan\system\CodeIgniter.php(419): CodeIgniter\CodeIgniter->runController(Object(App\Controllers\Home))
#5 C:\xampp\htdocs\codeigniter4-kosongan\system\CodeIgniter.php(326): CodeIgniter\CodeIgniter->handleRequest(NULL, Object(Config\Cache), false)
#6 C:\xampp\htdocs\codeigniter4-kosongan\public\index.php(37): CodeIgniter\CodeIgniter->run()
#7 C:\xampp\htdocs\codeigniter4-kosongan\system\Commands\Server\rewrite.php(43): require_once('C:\\xampp\\htdocs...')
#8 {main}
CRITICAL - 2022-07-19 07:56:04 --> Invalid file: templatefront.php
#0 C:\xampp\htdocs\codeigniter4-kosongan\system\View\View.php(198): CodeIgniter\Exceptions\FrameworkException::forInvalidFile('templatefront.p...')
#1 C:\xampp\htdocs\codeigniter4-kosongan\system\Common.php(1089): CodeIgniter\View\View->render('templatefront', Array, true)
#2 C:\xampp\htdocs\codeigniter4-kosongan\app\Controllers\Home.php(9): view('templatefront')
#3 C:\xampp\htdocs\codeigniter4-kosongan\system\CodeIgniter.php(832): App\Controllers\Home->index()
#4 C:\xampp\htdocs\codeigniter4-kosongan\system\CodeIgniter.php(419): CodeIgniter\CodeIgniter->runController(Object(App\Controllers\Home))
#5 C:\xampp\htdocs\codeigniter4-kosongan\system\CodeIgniter.php(326): CodeIgniter\CodeIgniter->handleRequest(NULL, Object(Config\Cache), false)
#6 C:\xampp\htdocs\codeigniter4-kosongan\public\index.php(37): CodeIgniter\CodeIgniter->run()
#7 C:\xampp\htdocs\codeigniter4-kosongan\system\Commands\Server\rewrite.php(43): require_once('C:\\xampp\\htdocs...')
#8 {main}
CRITICAL - 2022-07-19 07:56:05 --> Invalid file: templatefront.php
#0 C:\xampp\htdocs\codeigniter4-kosongan\system\View\View.php(198): CodeIgniter\Exceptions\FrameworkException::forInvalidFile('templatefront.p...')
#1 C:\xampp\htdocs\codeigniter4-kosongan\system\Common.php(1089): CodeIgniter\View\View->render('templatefront', Array, true)
#2 C:\xampp\htdocs\codeigniter4-kosongan\app\Controllers\Home.php(9): view('templatefront')
#3 C:\xampp\htdocs\codeigniter4-kosongan\system\CodeIgniter.php(832): App\Controllers\Home->index()
#4 C:\xampp\htdocs\codeigniter4-kosongan\system\CodeIgniter.php(419): CodeIgniter\CodeIgniter->runController(Object(App\Controllers\Home))
#5 C:\xampp\htdocs\codeigniter4-kosongan\system\CodeIgniter.php(326): CodeIgniter\CodeIgniter->handleRequest(NULL, Object(Config\Cache), false)
#6 C:\xampp\htdocs\codeigniter4-kosongan\public\index.php(37): CodeIgniter\CodeIgniter->run()
#7 C:\xampp\htdocs\codeigniter4-kosongan\system\Commands\Server\rewrite.php(43): require_once('C:\\xampp\\htdocs...')
#8 {main}
CRITICAL - 2022-07-19 07:56:05 --> Invalid file: templatefront.php
#0 C:\xampp\htdocs\codeigniter4-kosongan\system\View\View.php(198): CodeIgniter\Exceptions\FrameworkException::forInvalidFile('templatefront.p...')
#1 C:\xampp\htdocs\codeigniter4-kosongan\system\Common.php(1089): CodeIgniter\View\View->render('templatefront', Array, true)
#2 C:\xampp\htdocs\codeigniter4-kosongan\app\Controllers\Home.php(9): view('templatefront')
#3 C:\xampp\htdocs\codeigniter4-kosongan\system\CodeIgniter.php(832): App\Controllers\Home->index()
#4 C:\xampp\htdocs\codeigniter4-kosongan\system\CodeIgniter.php(419): CodeIgniter\CodeIgniter->runController(Object(App\Controllers\Home))
#5 C:\xampp\htdocs\codeigniter4-kosongan\system\CodeIgniter.php(326): CodeIgniter\CodeIgniter->handleRequest(NULL, Object(Config\Cache), false)
#6 C:\xampp\htdocs\codeigniter4-kosongan\public\index.php(37): CodeIgniter\CodeIgniter->run()
#7 C:\xampp\htdocs\codeigniter4-kosongan\system\Commands\Server\rewrite.php(43): require_once('C:\\xampp\\htdocs...')
#8 {main}
CRITICAL - 2022-07-19 07:56:08 --> Invalid file: templatefront.php
#0 C:\xampp\htdocs\codeigniter4-kosongan\system\View\View.php(198): CodeIgniter\Exceptions\FrameworkException::forInvalidFile('templatefront.p...')
#1 C:\xampp\htdocs\codeigniter4-kosongan\system\Common.php(1089): CodeIgniter\View\View->render('templatefront', Array, true)
#2 C:\xampp\htdocs\codeigniter4-kosongan\app\Controllers\Home.php(9): view('templatefront')
#3 C:\xampp\htdocs\codeigniter4-kosongan\system\CodeIgniter.php(832): App\Controllers\Home->index()
#4 C:\xampp\htdocs\codeigniter4-kosongan\system\CodeIgniter.php(419): CodeIgniter\CodeIgniter->runController(Object(App\Controllers\Home))
#5 C:\xampp\htdocs\codeigniter4-kosongan\system\CodeIgniter.php(326): CodeIgniter\CodeIgniter->handleRequest(NULL, Object(Config\Cache), false)
#6 C:\xampp\htdocs\codeigniter4-kosongan\public\index.php(37): CodeIgniter\CodeIgniter->run()
#7 C:\xampp\htdocs\codeigniter4-kosongan\system\Commands\Server\rewrite.php(43): require_once('C:\\xampp\\htdocs...')
#8 {main}
CRITICAL - 2022-07-19 07:56:19 --> Invalid file: templatefront.php
#0 C:\xampp\htdocs\codeigniter4-kosongan\system\View\View.php(198): CodeIgniter\Exceptions\FrameworkException::forInvalidFile('templatefront.p...')
#1 C:\xampp\htdocs\codeigniter4-kosongan\system\Common.php(1089): CodeIgniter\View\View->render('templatefront', Array, true)
#2 C:\xampp\htdocs\codeigniter4-kosongan\app\Controllers\Home.php(9): view('templatefront')
#3 C:\xampp\htdocs\codeigniter4-kosongan\system\CodeIgniter.php(832): App\Controllers\Home->index()
#4 C:\xampp\htdocs\codeigniter4-kosongan\system\CodeIgniter.php(419): CodeIgniter\CodeIgniter->runController(Object(App\Controllers\Home))
#5 C:\xampp\htdocs\codeigniter4-kosongan\system\CodeIgniter.php(326): CodeIgniter\CodeIgniter->handleRequest(NULL, Object(Config\Cache), false)
#6 C:\xampp\htdocs\codeigniter4-kosongan\public\index.php(37): CodeIgniter\CodeIgniter->run()
#7 C:\xampp\htdocs\codeigniter4-kosongan\system\Commands\Server\rewrite.php(43): require_once('C:\\xampp\\htdocs...')
#8 {main}
CRITICAL - 2022-07-19 07:57:38 --> Invalid file: templatefront.php
#0 C:\xampp\htdocs\codeigniter4-kosongan\system\View\View.php(198): CodeIgniter\Exceptions\FrameworkException::forInvalidFile('templatefront.p...')
#1 C:\xampp\htdocs\codeigniter4-kosongan\system\Common.php(1089): CodeIgniter\View\View->render('templatefront', Array, true)
#2 C:\xampp\htdocs\codeigniter4-kosongan\app\Controllers\Home.php(9): view('templatefront')
#3 C:\xampp\htdocs\codeigniter4-kosongan\system\CodeIgniter.php(832): App\Controllers\Home->index()
#4 C:\xampp\htdocs\codeigniter4-kosongan\system\CodeIgniter.php(419): CodeIgniter\CodeIgniter->runController(Object(App\Controllers\Home))
#5 C:\xampp\htdocs\codeigniter4-kosongan\system\CodeIgniter.php(326): CodeIgniter\CodeIgniter->handleRequest(NULL, Object(Config\Cache), false)
#6 C:\xampp\htdocs\codeigniter4-kosongan\public\index.php(37): CodeIgniter\CodeIgniter->run()
#7 C:\xampp\htdocs\codeigniter4-kosongan\system\Commands\Server\rewrite.php(43): require_once('C:\\xampp\\htdocs...')
#8 {main}
CRITICAL - 2022-07-19 07:57:39 --> Invalid file: templatefront.php
#0 C:\xampp\htdocs\codeigniter4-kosongan\system\View\View.php(198): CodeIgniter\Exceptions\FrameworkException::forInvalidFile('templatefront.p...')
#1 C:\xampp\htdocs\codeigniter4-kosongan\system\Common.php(1089): CodeIgniter\View\View->render('templatefront', Array, true)
#2 C:\xampp\htdocs\codeigniter4-kosongan\app\Controllers\Home.php(9): view('templatefront')
#3 C:\xampp\htdocs\codeigniter4-kosongan\system\CodeIgniter.php(832): App\Controllers\Home->index()
#4 C:\xampp\htdocs\codeigniter4-kosongan\system\CodeIgniter.php(419): CodeIgniter\CodeIgniter->runController(Object(App\Controllers\Home))
#5 C:\xampp\htdocs\codeigniter4-kosongan\system\CodeIgniter.php(326): CodeIgniter\CodeIgniter->handleRequest(NULL, Object(Config\Cache), false)
#6 C:\xampp\htdocs\codeigniter4-kosongan\public\index.php(37): CodeIgniter\CodeIgniter->run()
#7 C:\xampp\htdocs\codeigniter4-kosongan\system\Commands\Server\rewrite.php(43): require_once('C:\\xampp\\htdocs...')
#8 {main}
CRITICAL - 2022-07-19 07:57:39 --> Invalid file: templatefront.php
#0 C:\xampp\htdocs\codeigniter4-kosongan\system\View\View.php(198): CodeIgniter\Exceptions\FrameworkException::forInvalidFile('templatefront.p...')
#1 C:\xampp\htdocs\codeigniter4-kosongan\system\Common.php(1089): CodeIgniter\View\View->render('templatefront', Array, true)
#2 C:\xampp\htdocs\codeigniter4-kosongan\app\Controllers\Home.php(9): view('templatefront')
#3 C:\xampp\htdocs\codeigniter4-kosongan\system\CodeIgniter.php(832): App\Controllers\Home->index()
#4 C:\xampp\htdocs\codeigniter4-kosongan\system\CodeIgniter.php(419): CodeIgniter\CodeIgniter->runController(Object(App\Controllers\Home))
#5 C:\xampp\htdocs\codeigniter4-kosongan\system\CodeIgniter.php(326): CodeIgniter\CodeIgniter->handleRequest(NULL, Object(Config\Cache), false)
#6 C:\xampp\htdocs\codeigniter4-kosongan\public\index.php(37): CodeIgniter\CodeIgniter->run()
#7 C:\xampp\htdocs\codeigniter4-kosongan\system\Commands\Server\rewrite.php(43): require_once('C:\\xampp\\htdocs...')
#8 {main}
CRITICAL - 2022-07-19 07:57:40 --> Invalid file: templatefront.php
#0 C:\xampp\htdocs\codeigniter4-kosongan\system\View\View.php(198): CodeIgniter\Exceptions\FrameworkException::forInvalidFile('templatefront.p...')
#1 C:\xampp\htdocs\codeigniter4-kosongan\system\Common.php(1089): CodeIgniter\View\View->render('templatefront', Array, true)
#2 C:\xampp\htdocs\codeigniter4-kosongan\app\Controllers\Home.php(9): view('templatefront')
#3 C:\xampp\htdocs\codeigniter4-kosongan\system\CodeIgniter.php(832): App\Controllers\Home->index()
#4 C:\xampp\htdocs\codeigniter4-kosongan\system\CodeIgniter.php(419): CodeIgniter\CodeIgniter->runController(Object(App\Controllers\Home))
#5 C:\xampp\htdocs\codeigniter4-kosongan\system\CodeIgniter.php(326): CodeIgniter\CodeIgniter->handleRequest(NULL, Object(Config\Cache), false)
#6 C:\xampp\htdocs\codeigniter4-kosongan\public\index.php(37): CodeIgniter\CodeIgniter->run()
#7 C:\xampp\htdocs\codeigniter4-kosongan\system\Commands\Server\rewrite.php(43): require_once('C:\\xampp\\htdocs...')
#8 {main}
CRITICAL - 2022-07-19 07:57:40 --> Invalid file: templatefront.php
#0 C:\xampp\htdocs\codeigniter4-kosongan\system\View\View.php(198): CodeIgniter\Exceptions\FrameworkException::forInvalidFile('templatefront.p...')
#1 C:\xampp\htdocs\codeigniter4-kosongan\system\Common.php(1089): CodeIgniter\View\View->render('templatefront', Array, true)
#2 C:\xampp\htdocs\codeigniter4-kosongan\app\Controllers\Home.php(9): view('templatefront')
#3 C:\xampp\htdocs\codeigniter4-kosongan\system\CodeIgniter.php(832): App\Controllers\Home->index()
#4 C:\xampp\htdocs\codeigniter4-kosongan\system\CodeIgniter.php(419): CodeIgniter\CodeIgniter->runController(Object(App\Controllers\Home))
#5 C:\xampp\htdocs\codeigniter4-kosongan\system\CodeIgniter.php(326): CodeIgniter\CodeIgniter->handleRequest(NULL, Object(Config\Cache), false)
#6 C:\xampp\htdocs\codeigniter4-kosongan\public\index.php(37): CodeIgniter\CodeIgniter->run()
#7 C:\xampp\htdocs\codeigniter4-kosongan\system\Commands\Server\rewrite.php(43): require_once('C:\\xampp\\htdocs...')
#8 {main}
CRITICAL - 2022-07-19 07:57:58 --> Invalid file: templatefront.php
#0 C:\xampp\htdocs\codeigniter4-kosongan\system\View\View.php(198): CodeIgniter\Exceptions\FrameworkException::forInvalidFile('templatefront.p...')
#1 C:\xampp\htdocs\codeigniter4-kosongan\system\Common.php(1089): CodeIgniter\View\View->render('templatefront', Array, true)
#2 C:\xampp\htdocs\codeigniter4-kosongan\app\Controllers\Home.php(9): view('templatefront')
#3 C:\xampp\htdocs\codeigniter4-kosongan\system\CodeIgniter.php(832): App\Controllers\Home->index()
#4 C:\xampp\htdocs\codeigniter4-kosongan\system\CodeIgniter.php(419): CodeIgniter\CodeIgniter->runController(Object(App\Controllers\Home))
#5 C:\xampp\htdocs\codeigniter4-kosongan\system\CodeIgniter.php(326): CodeIgniter\CodeIgniter->handleRequest(NULL, Object(Config\Cache), false)
#6 C:\xampp\htdocs\codeigniter4-kosongan\public\index.php(37): CodeIgniter\CodeIgniter->run()
#7 C:\xampp\htdocs\codeigniter4-kosongan\system\Commands\Server\rewrite.php(43): require_once('C:\\xampp\\htdocs...')
#8 {main}
