CRITICAL - 2023-10-25 10:58:07 --> Undefined variable: totalTime
#0 C:\xampp\htdocs\ci4-sistemcoba\system\Debug\Toolbar\Views\toolbar.tpl.php(40): CodeIgniter\Debug\Exceptions->errorHandler(8, 'Undefined varia...', 'C:\\xampp\\htdocs...', 40, Array)
#1 C:\xampp\htdocs\ci4-sistemcoba\system\Debug\Toolbar.php(501): include('C:\\xampp\\htdocs...')
#2 C:\xampp\htdocs\ci4-sistemcoba\system\Debug\Toolbar.php(464): CodeIgniter\Debug\Toolbar->format(Array, 'html')
#3 C:\xampp\htdocs\ci4-sistemcoba\app\Config\Events.php(48): CodeIgniter\Debug\Toolbar->respond()
#4 C:\xampp\htdocs\ci4-sistemcoba\system\Events\Events.php(149): CodeIgniter\Events\Events::Config\{closure}()
#5 C:\xampp\htdocs\ci4-sistemcoba\system\CodeIgniter.php(308): CodeIgniter\Events\Events::trigger('pre_system')
#6 C:\xampp\htdocs\ci4-sistemcoba\public\index.php(37): CodeIgniter\CodeIgniter->run()
#7 {main}
CRITICAL - 2023-10-25 11:01:14 --> Class 'App\Models\ModelProduk' not found
#0 C:\xampp\htdocs\ci4-sistemcoba\system\CodeIgniter.php(809): App\Controllers\Laporan->__construct()
#1 C:\xampp\htdocs\ci4-sistemcoba\system\CodeIgniter.php(410): CodeIgniter\CodeIgniter->createController()
#2 C:\xampp\htdocs\ci4-sistemcoba\system\CodeIgniter.php(326): CodeIgniter\CodeIgniter->handleRequest(NULL, Object(Config\Cache), false)
#3 C:\xampp\htdocs\ci4-sistemcoba\public\index.php(37): CodeIgniter\CodeIgniter->run()
#4 {main}
ERROR - 2023-10-25 11:06:07 --> You have an error in your SQL syntax; check the manual that corresponds to your MariaDB server version for the right syntax to use near '=`tbl_rinci_jual`.`no_faktur`
WHERE `tbl_pinjam`.`tgl_jual` = '2023-10-24'
GR...' at line 4
CRITICAL - 2023-10-25 11:06:07 --> You have an error in your SQL syntax; check the manual that corresponds to your MariaDB server version for the right syntax to use near '=`tbl_rinci_jual`.`no_faktur`
WHERE `tbl_pinjam`.`tgl_jual` = '2023-10-24'
GR...' at line 4
#0 C:\xampp\htdocs\ci4-sistemcoba\system\Database\MySQLi\Connection.php(292): mysqli->query('SELECT `tbl_rin...', 0)
#1 C:\xampp\htdocs\ci4-sistemcoba\system\Database\BaseConnection.php(670): CodeIgniter\Database\MySQLi\Connection->execute('SELECT `tbl_rin...')
#2 C:\xampp\htdocs\ci4-sistemcoba\system\Database\BaseConnection.php(598): CodeIgniter\Database\BaseConnection->simpleQuery('SELECT `tbl_rin...')
#3 C:\xampp\htdocs\ci4-sistemcoba\system\Database\BaseBuilder.php(1455): CodeIgniter\Database\BaseConnection->query('SELECT `tbl_rin...', Array, false)
#4 C:\xampp\htdocs\ci4-sistemcoba\app\Models\ModelLaporan.php(22): CodeIgniter\Database\BaseBuilder->get()
#5 C:\xampp\htdocs\ci4-sistemcoba\app\Controllers\Laporan.php(48): App\Models\ModelLaporan->DataHarian('2023-10-24')
#6 C:\xampp\htdocs\ci4-sistemcoba\system\CodeIgniter.php(832): App\Controllers\Laporan->ViewLaporanHarian()
#7 C:\xampp\htdocs\ci4-sistemcoba\system\CodeIgniter.php(419): CodeIgniter\CodeIgniter->runController(Object(App\Controllers\Laporan))
#8 C:\xampp\htdocs\ci4-sistemcoba\system\CodeIgniter.php(326): CodeIgniter\CodeIgniter->handleRequest(NULL, Object(Config\Cache), false)
#9 C:\xampp\htdocs\ci4-sistemcoba\public\index.php(37): CodeIgniter\CodeIgniter->run()
#10 {main}
ERROR - 2023-10-25 11:06:09 --> You have an error in your SQL syntax; check the manual that corresponds to your MariaDB server version for the right syntax to use near '=`tbl_rinci_jual`.`no_faktur`
WHERE `tbl_pinjam`.`tgl_jual` = '2023-10-24'
GR...' at line 4
CRITICAL - 2023-10-25 11:06:09 --> You have an error in your SQL syntax; check the manual that corresponds to your MariaDB server version for the right syntax to use near '=`tbl_rinci_jual`.`no_faktur`
WHERE `tbl_pinjam`.`tgl_jual` = '2023-10-24'
GR...' at line 4
#0 C:\xampp\htdocs\ci4-sistemcoba\system\Database\MySQLi\Connection.php(292): mysqli->query('SELECT `tbl_rin...', 0)
#1 C:\xampp\htdocs\ci4-sistemcoba\system\Database\BaseConnection.php(670): CodeIgniter\Database\MySQLi\Connection->execute('SELECT `tbl_rin...')
#2 C:\xampp\htdocs\ci4-sistemcoba\system\Database\BaseConnection.php(598): CodeIgniter\Database\BaseConnection->simpleQuery('SELECT `tbl_rin...')
#3 C:\xampp\htdocs\ci4-sistemcoba\system\Database\BaseBuilder.php(1455): CodeIgniter\Database\BaseConnection->query('SELECT `tbl_rin...', Array, false)
#4 C:\xampp\htdocs\ci4-sistemcoba\app\Models\ModelLaporan.php(22): CodeIgniter\Database\BaseBuilder->get()
#5 C:\xampp\htdocs\ci4-sistemcoba\app\Controllers\Laporan.php(48): App\Models\ModelLaporan->DataHarian('2023-10-24')
#6 C:\xampp\htdocs\ci4-sistemcoba\system\CodeIgniter.php(832): App\Controllers\Laporan->ViewLaporanHarian()
#7 C:\xampp\htdocs\ci4-sistemcoba\system\CodeIgniter.php(419): CodeIgniter\CodeIgniter->runController(Object(App\Controllers\Laporan))
#8 C:\xampp\htdocs\ci4-sistemcoba\system\CodeIgniter.php(326): CodeIgniter\CodeIgniter->handleRequest(NULL, Object(Config\Cache), false)
#9 C:\xampp\htdocs\ci4-sistemcoba\public\index.php(37): CodeIgniter\CodeIgniter->run()
#10 {main}
ERROR - 2023-10-25 11:06:11 --> You have an error in your SQL syntax; check the manual that corresponds to your MariaDB server version for the right syntax to use near '=`tbl_rinci_jual`.`no_faktur`
WHERE `tbl_pinjam`.`tgl_jual` = '2023-10-24'
GR...' at line 4
CRITICAL - 2023-10-25 11:06:11 --> You have an error in your SQL syntax; check the manual that corresponds to your MariaDB server version for the right syntax to use near '=`tbl_rinci_jual`.`no_faktur`
WHERE `tbl_pinjam`.`tgl_jual` = '2023-10-24'
GR...' at line 4
#0 C:\xampp\htdocs\ci4-sistemcoba\system\Database\MySQLi\Connection.php(292): mysqli->query('SELECT `tbl_rin...', 0)
#1 C:\xampp\htdocs\ci4-sistemcoba\system\Database\BaseConnection.php(670): CodeIgniter\Database\MySQLi\Connection->execute('SELECT `tbl_rin...')
#2 C:\xampp\htdocs\ci4-sistemcoba\system\Database\BaseConnection.php(598): CodeIgniter\Database\BaseConnection->simpleQuery('SELECT `tbl_rin...')
#3 C:\xampp\htdocs\ci4-sistemcoba\system\Database\BaseBuilder.php(1455): CodeIgniter\Database\BaseConnection->query('SELECT `tbl_rin...', Array, false)
#4 C:\xampp\htdocs\ci4-sistemcoba\app\Models\ModelLaporan.php(22): CodeIgniter\Database\BaseBuilder->get()
#5 C:\xampp\htdocs\ci4-sistemcoba\app\Controllers\Laporan.php(48): App\Models\ModelLaporan->DataHarian('2023-10-24')
#6 C:\xampp\htdocs\ci4-sistemcoba\system\CodeIgniter.php(832): App\Controllers\Laporan->ViewLaporanHarian()
#7 C:\xampp\htdocs\ci4-sistemcoba\system\CodeIgniter.php(419): CodeIgniter\CodeIgniter->runController(Object(App\Controllers\Laporan))
#8 C:\xampp\htdocs\ci4-sistemcoba\system\CodeIgniter.php(326): CodeIgniter\CodeIgniter->handleRequest(NULL, Object(Config\Cache), false)
#9 C:\xampp\htdocs\ci4-sistemcoba\public\index.php(37): CodeIgniter\CodeIgniter->run()
#10 {main}
ERROR - 2023-10-25 11:06:16 --> You have an error in your SQL syntax; check the manual that corresponds to your MariaDB server version for the right syntax to use near '=`tbl_rinci_jual`.`no_faktur`
WHERE `tbl_pinjam`.`tgl_jual` = '2023-10-24'
GR...' at line 4
CRITICAL - 2023-10-25 11:06:16 --> You have an error in your SQL syntax; check the manual that corresponds to your MariaDB server version for the right syntax to use near '=`tbl_rinci_jual`.`no_faktur`
WHERE `tbl_pinjam`.`tgl_jual` = '2023-10-24'
GR...' at line 4
#0 C:\xampp\htdocs\ci4-sistemcoba\system\Database\MySQLi\Connection.php(292): mysqli->query('SELECT `tbl_rin...', 0)
#1 C:\xampp\htdocs\ci4-sistemcoba\system\Database\BaseConnection.php(670): CodeIgniter\Database\MySQLi\Connection->execute('SELECT `tbl_rin...')
#2 C:\xampp\htdocs\ci4-sistemcoba\system\Database\BaseConnection.php(598): CodeIgniter\Database\BaseConnection->simpleQuery('SELECT `tbl_rin...')
#3 C:\xampp\htdocs\ci4-sistemcoba\system\Database\BaseBuilder.php(1455): CodeIgniter\Database\BaseConnection->query('SELECT `tbl_rin...', Array, false)
#4 C:\xampp\htdocs\ci4-sistemcoba\app\Models\ModelLaporan.php(22): CodeIgniter\Database\BaseBuilder->get()
#5 C:\xampp\htdocs\ci4-sistemcoba\app\Controllers\Laporan.php(67): App\Models\ModelLaporan->DataHarian('2023-10-24')
#6 C:\xampp\htdocs\ci4-sistemcoba\system\CodeIgniter.php(832): App\Controllers\Laporan->PrintLaporanHarian('2023-10-24')
#7 C:\xampp\htdocs\ci4-sistemcoba\system\CodeIgniter.php(419): CodeIgniter\CodeIgniter->runController(Object(App\Controllers\Laporan))
#8 C:\xampp\htdocs\ci4-sistemcoba\system\CodeIgniter.php(326): CodeIgniter\CodeIgniter->handleRequest(NULL, Object(Config\Cache), false)
#9 C:\xampp\htdocs\ci4-sistemcoba\public\index.php(37): CodeIgniter\CodeIgniter->run()
#10 {main}
ERROR - 2023-10-25 11:11:00 --> You have an error in your SQL syntax; check the manual that corresponds to your MariaDB server version for the right syntax to use near '=`tbl_barang_keluar`.`no_peminjam`
WHERE `tbl_pinjam`.`tgl_pinjam` = '2023-10...' at line 4
CRITICAL - 2023-10-25 11:11:00 --> You have an error in your SQL syntax; check the manual that corresponds to your MariaDB server version for the right syntax to use near '=`tbl_barang_keluar`.`no_peminjam`
WHERE `tbl_pinjam`.`tgl_pinjam` = '2023-10...' at line 4
#0 C:\xampp\htdocs\ci4-sistemcoba\system\Database\MySQLi\Connection.php(292): mysqli->query('SELECT `tbl_bar...', 0)
#1 C:\xampp\htdocs\ci4-sistemcoba\system\Database\BaseConnection.php(670): CodeIgniter\Database\MySQLi\Connection->execute('SELECT `tbl_bar...')
#2 C:\xampp\htdocs\ci4-sistemcoba\system\Database\BaseConnection.php(598): CodeIgniter\Database\BaseConnection->simpleQuery('SELECT `tbl_bar...')
#3 C:\xampp\htdocs\ci4-sistemcoba\system\Database\BaseBuilder.php(1455): CodeIgniter\Database\BaseConnection->query('SELECT `tbl_bar...', Array, false)
#4 C:\xampp\htdocs\ci4-sistemcoba\app\Models\ModelLaporan.php(19): CodeIgniter\Database\BaseBuilder->get()
#5 C:\xampp\htdocs\ci4-sistemcoba\app\Controllers\Laporan.php(48): App\Models\ModelLaporan->DataHarian('2023-10-24')
#6 C:\xampp\htdocs\ci4-sistemcoba\system\CodeIgniter.php(832): App\Controllers\Laporan->ViewLaporanHarian()
#7 C:\xampp\htdocs\ci4-sistemcoba\system\CodeIgniter.php(419): CodeIgniter\CodeIgniter->runController(Object(App\Controllers\Laporan))
#8 C:\xampp\htdocs\ci4-sistemcoba\system\CodeIgniter.php(326): CodeIgniter\CodeIgniter->handleRequest(NULL, Object(Config\Cache), false)
#9 C:\xampp\htdocs\ci4-sistemcoba\public\index.php(37): CodeIgniter\CodeIgniter->run()
#10 {main}
ERROR - 2023-10-25 11:11:05 --> You have an error in your SQL syntax; check the manual that corresponds to your MariaDB server version for the right syntax to use near '=`tbl_barang_keluar`.`no_peminjam`
WHERE `tbl_pinjam`.`tgl_pinjam` = '2023-10...' at line 4
CRITICAL - 2023-10-25 11:11:05 --> You have an error in your SQL syntax; check the manual that corresponds to your MariaDB server version for the right syntax to use near '=`tbl_barang_keluar`.`no_peminjam`
WHERE `tbl_pinjam`.`tgl_pinjam` = '2023-10...' at line 4
#0 C:\xampp\htdocs\ci4-sistemcoba\system\Database\MySQLi\Connection.php(292): mysqli->query('SELECT `tbl_bar...', 0)
#1 C:\xampp\htdocs\ci4-sistemcoba\system\Database\BaseConnection.php(670): CodeIgniter\Database\MySQLi\Connection->execute('SELECT `tbl_bar...')
#2 C:\xampp\htdocs\ci4-sistemcoba\system\Database\BaseConnection.php(598): CodeIgniter\Database\BaseConnection->simpleQuery('SELECT `tbl_bar...')
#3 C:\xampp\htdocs\ci4-sistemcoba\system\Database\BaseBuilder.php(1455): CodeIgniter\Database\BaseConnection->query('SELECT `tbl_bar...', Array, false)
#4 C:\xampp\htdocs\ci4-sistemcoba\app\Models\ModelLaporan.php(19): CodeIgniter\Database\BaseBuilder->get()
#5 C:\xampp\htdocs\ci4-sistemcoba\app\Controllers\Laporan.php(67): App\Models\ModelLaporan->DataHarian('2023-10-24')
#6 C:\xampp\htdocs\ci4-sistemcoba\system\CodeIgniter.php(832): App\Controllers\Laporan->PrintLaporanHarian('2023-10-24')
#7 C:\xampp\htdocs\ci4-sistemcoba\system\CodeIgniter.php(419): CodeIgniter\CodeIgniter->runController(Object(App\Controllers\Laporan))
#8 C:\xampp\htdocs\ci4-sistemcoba\system\CodeIgniter.php(326): CodeIgniter\CodeIgniter->handleRequest(NULL, Object(Config\Cache), false)
#9 C:\xampp\htdocs\ci4-sistemcoba\public\index.php(37): CodeIgniter\CodeIgniter->run()
#10 {main}
ERROR - 2023-10-25 11:14:48 --> You have an error in your SQL syntax; check the manual that corresponds to your MariaDB server version for the right syntax to use near '=`tbl_barang_keluar`.`no_peminjam`
WHERE `tbl_pinjam`.`tgl_pinjam` = '2023-10...' at line 4
CRITICAL - 2023-10-25 11:14:48 --> You have an error in your SQL syntax; check the manual that corresponds to your MariaDB server version for the right syntax to use near '=`tbl_barang_keluar`.`no_peminjam`
WHERE `tbl_pinjam`.`tgl_pinjam` = '2023-10...' at line 4
#0 C:\xampp\htdocs\ci4-sistemcoba\system\Database\MySQLi\Connection.php(292): mysqli->query('SELECT `tbl_bar...', 0)
#1 C:\xampp\htdocs\ci4-sistemcoba\system\Database\BaseConnection.php(670): CodeIgniter\Database\MySQLi\Connection->execute('SELECT `tbl_bar...')
#2 C:\xampp\htdocs\ci4-sistemcoba\system\Database\BaseConnection.php(598): CodeIgniter\Database\BaseConnection->simpleQuery('SELECT `tbl_bar...')
#3 C:\xampp\htdocs\ci4-sistemcoba\system\Database\BaseBuilder.php(1455): CodeIgniter\Database\BaseConnection->query('SELECT `tbl_bar...', Array, false)
#4 C:\xampp\htdocs\ci4-sistemcoba\app\Models\ModelLaporan.php(19): CodeIgniter\Database\BaseBuilder->get()
#5 C:\xampp\htdocs\ci4-sistemcoba\app\Controllers\Laporan.php(67): App\Models\ModelLaporan->DataHarian('2023-10-24')
#6 C:\xampp\htdocs\ci4-sistemcoba\system\CodeIgniter.php(832): App\Controllers\Laporan->PrintLaporanHarian('2023-10-24')
#7 C:\xampp\htdocs\ci4-sistemcoba\system\CodeIgniter.php(419): CodeIgniter\CodeIgniter->runController(Object(App\Controllers\Laporan))
#8 C:\xampp\htdocs\ci4-sistemcoba\system\CodeIgniter.php(326): CodeIgniter\CodeIgniter->handleRequest(NULL, Object(Config\Cache), false)
#9 C:\xampp\htdocs\ci4-sistemcoba\public\index.php(37): CodeIgniter\CodeIgniter->run()
#10 {main}
ERROR - 2023-10-25 11:22:12 --> You have an error in your SQL syntax; check the manual that corresponds to your MariaDB server version for the right syntax to use near '=`tbl_barang_keluar`.`no_peminjam`
WHERE `tbl_pinjam`.`tgl_pinjam` = '2023-10...' at line 4
CRITICAL - 2023-10-25 11:22:12 --> You have an error in your SQL syntax; check the manual that corresponds to your MariaDB server version for the right syntax to use near '=`tbl_barang_keluar`.`no_peminjam`
WHERE `tbl_pinjam`.`tgl_pinjam` = '2023-10...' at line 4
#0 C:\xampp\htdocs\ci4-sistemcoba\system\Database\MySQLi\Connection.php(292): mysqli->query('SELECT `tbl_bar...', 0)
#1 C:\xampp\htdocs\ci4-sistemcoba\system\Database\BaseConnection.php(670): CodeIgniter\Database\MySQLi\Connection->execute('SELECT `tbl_bar...')
#2 C:\xampp\htdocs\ci4-sistemcoba\system\Database\BaseConnection.php(598): CodeIgniter\Database\BaseConnection->simpleQuery('SELECT `tbl_bar...')
#3 C:\xampp\htdocs\ci4-sistemcoba\system\Database\BaseBuilder.php(1455): CodeIgniter\Database\BaseConnection->query('SELECT `tbl_bar...', Array, false)
#4 C:\xampp\htdocs\ci4-sistemcoba\app\Models\ModelLaporan.php(19): CodeIgniter\Database\BaseBuilder->get()
#5 C:\xampp\htdocs\ci4-sistemcoba\app\Controllers\Laporan.php(67): App\Models\ModelLaporan->DataHarian('2023-10-24')
#6 C:\xampp\htdocs\ci4-sistemcoba\system\CodeIgniter.php(832): App\Controllers\Laporan->PrintLaporanHarian('2023-10-24')
#7 C:\xampp\htdocs\ci4-sistemcoba\system\CodeIgniter.php(419): CodeIgniter\CodeIgniter->runController(Object(App\Controllers\Laporan))
#8 C:\xampp\htdocs\ci4-sistemcoba\system\CodeIgniter.php(326): CodeIgniter\CodeIgniter->handleRequest(NULL, Object(Config\Cache), false)
#9 C:\xampp\htdocs\ci4-sistemcoba\public\index.php(37): CodeIgniter\CodeIgniter->run()
#10 {main}
ERROR - 2023-10-25 11:25:00 --> You have an error in your SQL syntax; check the manual that corresponds to your MariaDB server version for the right syntax to use near '=`tbl_barang_keluar`.`no_peminjam`
WHERE `tbl_pinjam`.`tgl_pinjam` = '2023-10...' at line 4
CRITICAL - 2023-10-25 11:25:00 --> You have an error in your SQL syntax; check the manual that corresponds to your MariaDB server version for the right syntax to use near '=`tbl_barang_keluar`.`no_peminjam`
WHERE `tbl_pinjam`.`tgl_pinjam` = '2023-10...' at line 4
#0 C:\xampp\htdocs\ci4-sistemcoba\system\Database\MySQLi\Connection.php(292): mysqli->query('SELECT `tbl_bar...', 0)
#1 C:\xampp\htdocs\ci4-sistemcoba\system\Database\BaseConnection.php(670): CodeIgniter\Database\MySQLi\Connection->execute('SELECT `tbl_bar...')
#2 C:\xampp\htdocs\ci4-sistemcoba\system\Database\BaseConnection.php(598): CodeIgniter\Database\BaseConnection->simpleQuery('SELECT `tbl_bar...')
#3 C:\xampp\htdocs\ci4-sistemcoba\system\Database\BaseBuilder.php(1455): CodeIgniter\Database\BaseConnection->query('SELECT `tbl_bar...', Array, false)
#4 C:\xampp\htdocs\ci4-sistemcoba\app\Models\ModelLaporan.php(19): CodeIgniter\Database\BaseBuilder->get()
#5 C:\xampp\htdocs\ci4-sistemcoba\app\Controllers\Laporan.php(67): App\Models\ModelLaporan->DataHarian('2023-10-24')
#6 C:\xampp\htdocs\ci4-sistemcoba\system\CodeIgniter.php(832): App\Controllers\Laporan->PrintLaporanHarian('2023-10-24')
#7 C:\xampp\htdocs\ci4-sistemcoba\system\CodeIgniter.php(419): CodeIgniter\CodeIgniter->runController(Object(App\Controllers\Laporan))
#8 C:\xampp\htdocs\ci4-sistemcoba\system\CodeIgniter.php(326): CodeIgniter\CodeIgniter->handleRequest(NULL, Object(Config\Cache), false)
#9 C:\xampp\htdocs\ci4-sistemcoba\public\index.php(37): CodeIgniter\CodeIgniter->run()
#10 {main}
ERROR - 2023-10-25 11:25:07 --> You have an error in your SQL syntax; check the manual that corresponds to your MariaDB server version for the right syntax to use near '=`tbl_barang_keluar`.`no_peminjam`
WHERE `tbl_pinjam`.`tgl_pinjam` = '2023-10...' at line 4
CRITICAL - 2023-10-25 11:25:07 --> You have an error in your SQL syntax; check the manual that corresponds to your MariaDB server version for the right syntax to use near '=`tbl_barang_keluar`.`no_peminjam`
WHERE `tbl_pinjam`.`tgl_pinjam` = '2023-10...' at line 4
#0 C:\xampp\htdocs\ci4-sistemcoba\system\Database\MySQLi\Connection.php(292): mysqli->query('SELECT `tbl_bar...', 0)
#1 C:\xampp\htdocs\ci4-sistemcoba\system\Database\BaseConnection.php(670): CodeIgniter\Database\MySQLi\Connection->execute('SELECT `tbl_bar...')
#2 C:\xampp\htdocs\ci4-sistemcoba\system\Database\BaseConnection.php(598): CodeIgniter\Database\BaseConnection->simpleQuery('SELECT `tbl_bar...')
#3 C:\xampp\htdocs\ci4-sistemcoba\system\Database\BaseBuilder.php(1455): CodeIgniter\Database\BaseConnection->query('SELECT `tbl_bar...', Array, false)
#4 C:\xampp\htdocs\ci4-sistemcoba\app\Models\ModelLaporan.php(19): CodeIgniter\Database\BaseBuilder->get()
#5 C:\xampp\htdocs\ci4-sistemcoba\app\Controllers\Laporan.php(67): App\Models\ModelLaporan->DataHarian('2023-10-24')
#6 C:\xampp\htdocs\ci4-sistemcoba\system\CodeIgniter.php(832): App\Controllers\Laporan->PrintLaporanHarian('2023-10-24')
#7 C:\xampp\htdocs\ci4-sistemcoba\system\CodeIgniter.php(419): CodeIgniter\CodeIgniter->runController(Object(App\Controllers\Laporan))
#8 C:\xampp\htdocs\ci4-sistemcoba\system\CodeIgniter.php(326): CodeIgniter\CodeIgniter->handleRequest(NULL, Object(Config\Cache), false)
#9 C:\xampp\htdocs\ci4-sistemcoba\public\index.php(37): CodeIgniter\CodeIgniter->run()
#10 {main}
ERROR - 2023-10-25 11:27:43 --> You have an error in your SQL syntax; check the manual that corresponds to your MariaDB server version for the right syntax to use near '=`tbl_barang_keluar`.`no_peminjam`
WHERE `tbl_pinjam`.`tgl_pinjam` IS NULL
GR...' at line 4
CRITICAL - 2023-10-25 11:27:43 --> You have an error in your SQL syntax; check the manual that corresponds to your MariaDB server version for the right syntax to use near '=`tbl_barang_keluar`.`no_peminjam`
WHERE `tbl_pinjam`.`tgl_pinjam` IS NULL
GR...' at line 4
#0 C:\xampp\htdocs\ci4-sistemcoba\system\Database\MySQLi\Connection.php(292): mysqli->query('SELECT `tbl_bar...', 0)
#1 C:\xampp\htdocs\ci4-sistemcoba\system\Database\BaseConnection.php(670): CodeIgniter\Database\MySQLi\Connection->execute('SELECT `tbl_bar...')
#2 C:\xampp\htdocs\ci4-sistemcoba\system\Database\BaseConnection.php(598): CodeIgniter\Database\BaseConnection->simpleQuery('SELECT `tbl_bar...')
#3 C:\xampp\htdocs\ci4-sistemcoba\system\Database\BaseBuilder.php(1455): CodeIgniter\Database\BaseConnection->query('SELECT `tbl_bar...', Array, false)
#4 C:\xampp\htdocs\ci4-sistemcoba\app\Models\ModelLaporan.php(19): CodeIgniter\Database\BaseBuilder->get()
#5 C:\xampp\htdocs\ci4-sistemcoba\app\Controllers\Laporan.php(48): App\Models\ModelLaporan->DataHarian(NULL)
#6 C:\xampp\htdocs\ci4-sistemcoba\system\CodeIgniter.php(832): App\Controllers\Laporan->ViewLaporanHarian()
#7 C:\xampp\htdocs\ci4-sistemcoba\system\CodeIgniter.php(419): CodeIgniter\CodeIgniter->runController(Object(App\Controllers\Laporan))
#8 C:\xampp\htdocs\ci4-sistemcoba\system\CodeIgniter.php(326): CodeIgniter\CodeIgniter->handleRequest(NULL, Object(Config\Cache), false)
#9 C:\xampp\htdocs\ci4-sistemcoba\public\index.php(37): CodeIgniter\CodeIgniter->run()
#10 {main}
ERROR - 2023-10-25 11:27:46 --> You have an error in your SQL syntax; check the manual that corresponds to your MariaDB server version for the right syntax to use near '=`tbl_barang_keluar`.`no_peminjam`
WHERE `tbl_pinjam`.`tgl_pinjam` = '2023-10...' at line 4
CRITICAL - 2023-10-25 11:27:46 --> You have an error in your SQL syntax; check the manual that corresponds to your MariaDB server version for the right syntax to use near '=`tbl_barang_keluar`.`no_peminjam`
WHERE `tbl_pinjam`.`tgl_pinjam` = '2023-10...' at line 4
#0 C:\xampp\htdocs\ci4-sistemcoba\system\Database\MySQLi\Connection.php(292): mysqli->query('SELECT `tbl_bar...', 0)
#1 C:\xampp\htdocs\ci4-sistemcoba\system\Database\BaseConnection.php(670): CodeIgniter\Database\MySQLi\Connection->execute('SELECT `tbl_bar...')
#2 C:\xampp\htdocs\ci4-sistemcoba\system\Database\BaseConnection.php(598): CodeIgniter\Database\BaseConnection->simpleQuery('SELECT `tbl_bar...')
#3 C:\xampp\htdocs\ci4-sistemcoba\system\Database\BaseBuilder.php(1455): CodeIgniter\Database\BaseConnection->query('SELECT `tbl_bar...', Array, false)
#4 C:\xampp\htdocs\ci4-sistemcoba\app\Models\ModelLaporan.php(19): CodeIgniter\Database\BaseBuilder->get()
#5 C:\xampp\htdocs\ci4-sistemcoba\app\Controllers\Laporan.php(67): App\Models\ModelLaporan->DataHarian('2023-10-24')
#6 C:\xampp\htdocs\ci4-sistemcoba\system\CodeIgniter.php(832): App\Controllers\Laporan->PrintLaporanHarian('2023-10-24')
#7 C:\xampp\htdocs\ci4-sistemcoba\system\CodeIgniter.php(419): CodeIgniter\CodeIgniter->runController(Object(App\Controllers\Laporan))
#8 C:\xampp\htdocs\ci4-sistemcoba\system\CodeIgniter.php(326): CodeIgniter\CodeIgniter->handleRequest(NULL, Object(Config\Cache), false)
#9 C:\xampp\htdocs\ci4-sistemcoba\public\index.php(37): CodeIgniter\CodeIgniter->run()
#10 {main}
ERROR - 2023-10-25 11:28:51 --> You have an error in your SQL syntax; check the manual that corresponds to your MariaDB server version for the right syntax to use near '.`tbl_barang_keluar`.`no_peminjam`)
WHERE `tbl_pinjam`.`tgl_pinjam` = '2023-1...' at line 4
CRITICAL - 2023-10-25 11:28:51 --> You have an error in your SQL syntax; check the manual that corresponds to your MariaDB server version for the right syntax to use near '.`tbl_barang_keluar`.`no_peminjam`)
WHERE `tbl_pinjam`.`tgl_pinjam` = '2023-1...' at line 4
#0 C:\xampp\htdocs\ci4-sistemcoba\system\Database\MySQLi\Connection.php(292): mysqli->query('SELECT `tbl_bar...', 0)
#1 C:\xampp\htdocs\ci4-sistemcoba\system\Database\BaseConnection.php(670): CodeIgniter\Database\MySQLi\Connection->execute('SELECT `tbl_bar...')
#2 C:\xampp\htdocs\ci4-sistemcoba\system\Database\BaseConnection.php(598): CodeIgniter\Database\BaseConnection->simpleQuery('SELECT `tbl_bar...')
#3 C:\xampp\htdocs\ci4-sistemcoba\system\Database\BaseBuilder.php(1455): CodeIgniter\Database\BaseConnection->query('SELECT `tbl_bar...', Array, false)
#4 C:\xampp\htdocs\ci4-sistemcoba\app\Models\ModelLaporan.php(19): CodeIgniter\Database\BaseBuilder->get()
#5 C:\xampp\htdocs\ci4-sistemcoba\app\Controllers\Laporan.php(67): App\Models\ModelLaporan->DataHarian('2023-10-24')
#6 C:\xampp\htdocs\ci4-sistemcoba\system\CodeIgniter.php(832): App\Controllers\Laporan->PrintLaporanHarian('2023-10-24')
#7 C:\xampp\htdocs\ci4-sistemcoba\system\CodeIgniter.php(419): CodeIgniter\CodeIgniter->runController(Object(App\Controllers\Laporan))
#8 C:\xampp\htdocs\ci4-sistemcoba\system\CodeIgniter.php(326): CodeIgniter\CodeIgniter->handleRequest(NULL, Object(Config\Cache), false)
#9 C:\xampp\htdocs\ci4-sistemcoba\public\index.php(37): CodeIgniter\CodeIgniter->run()
#10 {main}
ERROR - 2023-10-25 11:35:28 --> You have an error in your SQL syntax; check the manual that corresponds to your MariaDB server version for the right syntax to use near '.`tbl_barang_keluar`.`no_peminjam`)
WHERE `tbl_pinjam`.`tgl_pinjam` IS NULL
G...' at line 4
CRITICAL - 2023-10-25 11:35:28 --> You have an error in your SQL syntax; check the manual that corresponds to your MariaDB server version for the right syntax to use near '.`tbl_barang_keluar`.`no_peminjam`)
WHERE `tbl_pinjam`.`tgl_pinjam` IS NULL
G...' at line 4
#0 C:\xampp\htdocs\ci4-sistemcoba\system\Database\MySQLi\Connection.php(292): mysqli->query('SELECT `tbl_bar...', 0)
#1 C:\xampp\htdocs\ci4-sistemcoba\system\Database\BaseConnection.php(670): CodeIgniter\Database\MySQLi\Connection->execute('SELECT `tbl_bar...')
#2 C:\xampp\htdocs\ci4-sistemcoba\system\Database\BaseConnection.php(598): CodeIgniter\Database\BaseConnection->simpleQuery('SELECT `tbl_bar...')
#3 C:\xampp\htdocs\ci4-sistemcoba\system\Database\BaseBuilder.php(1455): CodeIgniter\Database\BaseConnection->query('SELECT `tbl_bar...', Array, false)
#4 C:\xampp\htdocs\ci4-sistemcoba\app\Models\ModelLaporan.php(19): CodeIgniter\Database\BaseBuilder->get()
#5 C:\xampp\htdocs\ci4-sistemcoba\app\Controllers\Laporan.php(48): App\Models\ModelLaporan->DataHarian(NULL)
#6 C:\xampp\htdocs\ci4-sistemcoba\system\CodeIgniter.php(832): App\Controllers\Laporan->ViewLaporanHarian()
#7 C:\xampp\htdocs\ci4-sistemcoba\system\CodeIgniter.php(419): CodeIgniter\CodeIgniter->runController(Object(App\Controllers\Laporan))
#8 C:\xampp\htdocs\ci4-sistemcoba\system\CodeIgniter.php(326): CodeIgniter\CodeIgniter->handleRequest(NULL, Object(Config\Cache), false)
#9 C:\xampp\htdocs\ci4-sistemcoba\public\index.php(37): CodeIgniter\CodeIgniter->run()
#10 {main}
ERROR - 2023-10-25 11:35:30 --> You have an error in your SQL syntax; check the manual that corresponds to your MariaDB server version for the right syntax to use near '.`tbl_barang_keluar`.`no_peminjam`)
WHERE `tbl_pinjam`.`tgl_pinjam` IS NULL
G...' at line 4
CRITICAL - 2023-10-25 11:35:30 --> You have an error in your SQL syntax; check the manual that corresponds to your MariaDB server version for the right syntax to use near '.`tbl_barang_keluar`.`no_peminjam`)
WHERE `tbl_pinjam`.`tgl_pinjam` IS NULL
G...' at line 4
#0 C:\xampp\htdocs\ci4-sistemcoba\system\Database\MySQLi\Connection.php(292): mysqli->query('SELECT `tbl_bar...', 0)
#1 C:\xampp\htdocs\ci4-sistemcoba\system\Database\BaseConnection.php(670): CodeIgniter\Database\MySQLi\Connection->execute('SELECT `tbl_bar...')
#2 C:\xampp\htdocs\ci4-sistemcoba\system\Database\BaseConnection.php(598): CodeIgniter\Database\BaseConnection->simpleQuery('SELECT `tbl_bar...')
#3 C:\xampp\htdocs\ci4-sistemcoba\system\Database\BaseBuilder.php(1455): CodeIgniter\Database\BaseConnection->query('SELECT `tbl_bar...', Array, false)
#4 C:\xampp\htdocs\ci4-sistemcoba\app\Models\ModelLaporan.php(19): CodeIgniter\Database\BaseBuilder->get()
#5 C:\xampp\htdocs\ci4-sistemcoba\app\Controllers\Laporan.php(48): App\Models\ModelLaporan->DataHarian(NULL)
#6 C:\xampp\htdocs\ci4-sistemcoba\system\CodeIgniter.php(832): App\Controllers\Laporan->ViewLaporanHarian()
#7 C:\xampp\htdocs\ci4-sistemcoba\system\CodeIgniter.php(419): CodeIgniter\CodeIgniter->runController(Object(App\Controllers\Laporan))
#8 C:\xampp\htdocs\ci4-sistemcoba\system\CodeIgniter.php(326): CodeIgniter\CodeIgniter->handleRequest(NULL, Object(Config\Cache), false)
#9 C:\xampp\htdocs\ci4-sistemcoba\public\index.php(37): CodeIgniter\CodeIgniter->run()
#10 {main}
ERROR - 2023-10-25 11:35:31 --> You have an error in your SQL syntax; check the manual that corresponds to your MariaDB server version for the right syntax to use near '.`tbl_barang_keluar`.`no_peminjam`)
WHERE `tbl_pinjam`.`tgl_pinjam` IS NULL
G...' at line 4
CRITICAL - 2023-10-25 11:35:31 --> You have an error in your SQL syntax; check the manual that corresponds to your MariaDB server version for the right syntax to use near '.`tbl_barang_keluar`.`no_peminjam`)
WHERE `tbl_pinjam`.`tgl_pinjam` IS NULL
G...' at line 4
#0 C:\xampp\htdocs\ci4-sistemcoba\system\Database\MySQLi\Connection.php(292): mysqli->query('SELECT `tbl_bar...', 0)
#1 C:\xampp\htdocs\ci4-sistemcoba\system\Database\BaseConnection.php(670): CodeIgniter\Database\MySQLi\Connection->execute('SELECT `tbl_bar...')
#2 C:\xampp\htdocs\ci4-sistemcoba\system\Database\BaseConnection.php(598): CodeIgniter\Database\BaseConnection->simpleQuery('SELECT `tbl_bar...')
#3 C:\xampp\htdocs\ci4-sistemcoba\system\Database\BaseBuilder.php(1455): CodeIgniter\Database\BaseConnection->query('SELECT `tbl_bar...', Array, false)
#4 C:\xampp\htdocs\ci4-sistemcoba\app\Models\ModelLaporan.php(19): CodeIgniter\Database\BaseBuilder->get()
#5 C:\xampp\htdocs\ci4-sistemcoba\app\Controllers\Laporan.php(48): App\Models\ModelLaporan->DataHarian(NULL)
#6 C:\xampp\htdocs\ci4-sistemcoba\system\CodeIgniter.php(832): App\Controllers\Laporan->ViewLaporanHarian()
#7 C:\xampp\htdocs\ci4-sistemcoba\system\CodeIgniter.php(419): CodeIgniter\CodeIgniter->runController(Object(App\Controllers\Laporan))
#8 C:\xampp\htdocs\ci4-sistemcoba\system\CodeIgniter.php(326): CodeIgniter\CodeIgniter->handleRequest(NULL, Object(Config\Cache), false)
#9 C:\xampp\htdocs\ci4-sistemcoba\public\index.php(37): CodeIgniter\CodeIgniter->run()
#10 {main}
ERROR - 2023-10-25 11:35:32 --> You have an error in your SQL syntax; check the manual that corresponds to your MariaDB server version for the right syntax to use near '.`tbl_barang_keluar`.`no_peminjam`)
WHERE `tbl_pinjam`.`tgl_pinjam` IS NULL
G...' at line 4
CRITICAL - 2023-10-25 11:35:32 --> You have an error in your SQL syntax; check the manual that corresponds to your MariaDB server version for the right syntax to use near '.`tbl_barang_keluar`.`no_peminjam`)
WHERE `tbl_pinjam`.`tgl_pinjam` IS NULL
G...' at line 4
#0 C:\xampp\htdocs\ci4-sistemcoba\system\Database\MySQLi\Connection.php(292): mysqli->query('SELECT `tbl_bar...', 0)
#1 C:\xampp\htdocs\ci4-sistemcoba\system\Database\BaseConnection.php(670): CodeIgniter\Database\MySQLi\Connection->execute('SELECT `tbl_bar...')
#2 C:\xampp\htdocs\ci4-sistemcoba\system\Database\BaseConnection.php(598): CodeIgniter\Database\BaseConnection->simpleQuery('SELECT `tbl_bar...')
#3 C:\xampp\htdocs\ci4-sistemcoba\system\Database\BaseBuilder.php(1455): CodeIgniter\Database\BaseConnection->query('SELECT `tbl_bar...', Array, false)
#4 C:\xampp\htdocs\ci4-sistemcoba\app\Models\ModelLaporan.php(19): CodeIgniter\Database\BaseBuilder->get()
#5 C:\xampp\htdocs\ci4-sistemcoba\app\Controllers\Laporan.php(48): App\Models\ModelLaporan->DataHarian(NULL)
#6 C:\xampp\htdocs\ci4-sistemcoba\system\CodeIgniter.php(832): App\Controllers\Laporan->ViewLaporanHarian()
#7 C:\xampp\htdocs\ci4-sistemcoba\system\CodeIgniter.php(419): CodeIgniter\CodeIgniter->runController(Object(App\Controllers\Laporan))
#8 C:\xampp\htdocs\ci4-sistemcoba\system\CodeIgniter.php(326): CodeIgniter\CodeIgniter->handleRequest(NULL, Object(Config\Cache), false)
#9 C:\xampp\htdocs\ci4-sistemcoba\public\index.php(37): CodeIgniter\CodeIgniter->run()
#10 {main}
ERROR - 2023-10-25 11:35:32 --> You have an error in your SQL syntax; check the manual that corresponds to your MariaDB server version for the right syntax to use near '.`tbl_barang_keluar`.`no_peminjam`)
WHERE `tbl_pinjam`.`tgl_pinjam` IS NULL
G...' at line 4
CRITICAL - 2023-10-25 11:35:32 --> You have an error in your SQL syntax; check the manual that corresponds to your MariaDB server version for the right syntax to use near '.`tbl_barang_keluar`.`no_peminjam`)
WHERE `tbl_pinjam`.`tgl_pinjam` IS NULL
G...' at line 4
#0 C:\xampp\htdocs\ci4-sistemcoba\system\Database\MySQLi\Connection.php(292): mysqli->query('SELECT `tbl_bar...', 0)
#1 C:\xampp\htdocs\ci4-sistemcoba\system\Database\BaseConnection.php(670): CodeIgniter\Database\MySQLi\Connection->execute('SELECT `tbl_bar...')
#2 C:\xampp\htdocs\ci4-sistemcoba\system\Database\BaseConnection.php(598): CodeIgniter\Database\BaseConnection->simpleQuery('SELECT `tbl_bar...')
#3 C:\xampp\htdocs\ci4-sistemcoba\system\Database\BaseBuilder.php(1455): CodeIgniter\Database\BaseConnection->query('SELECT `tbl_bar...', Array, false)
#4 C:\xampp\htdocs\ci4-sistemcoba\app\Models\ModelLaporan.php(19): CodeIgniter\Database\BaseBuilder->get()
#5 C:\xampp\htdocs\ci4-sistemcoba\app\Controllers\Laporan.php(48): App\Models\ModelLaporan->DataHarian(NULL)
#6 C:\xampp\htdocs\ci4-sistemcoba\system\CodeIgniter.php(832): App\Controllers\Laporan->ViewLaporanHarian()
#7 C:\xampp\htdocs\ci4-sistemcoba\system\CodeIgniter.php(419): CodeIgniter\CodeIgniter->runController(Object(App\Controllers\Laporan))
#8 C:\xampp\htdocs\ci4-sistemcoba\system\CodeIgniter.php(326): CodeIgniter\CodeIgniter->handleRequest(NULL, Object(Config\Cache), false)
#9 C:\xampp\htdocs\ci4-sistemcoba\public\index.php(37): CodeIgniter\CodeIgniter->run()
#10 {main}
ERROR - 2023-10-25 11:35:33 --> You have an error in your SQL syntax; check the manual that corresponds to your MariaDB server version for the right syntax to use near '.`tbl_barang_keluar`.`no_peminjam`)
WHERE `tbl_pinjam`.`tgl_pinjam` IS NULL
G...' at line 4
CRITICAL - 2023-10-25 11:35:33 --> You have an error in your SQL syntax; check the manual that corresponds to your MariaDB server version for the right syntax to use near '.`tbl_barang_keluar`.`no_peminjam`)
WHERE `tbl_pinjam`.`tgl_pinjam` IS NULL
G...' at line 4
#0 C:\xampp\htdocs\ci4-sistemcoba\system\Database\MySQLi\Connection.php(292): mysqli->query('SELECT `tbl_bar...', 0)
#1 C:\xampp\htdocs\ci4-sistemcoba\system\Database\BaseConnection.php(670): CodeIgniter\Database\MySQLi\Connection->execute('SELECT `tbl_bar...')
#2 C:\xampp\htdocs\ci4-sistemcoba\system\Database\BaseConnection.php(598): CodeIgniter\Database\BaseConnection->simpleQuery('SELECT `tbl_bar...')
#3 C:\xampp\htdocs\ci4-sistemcoba\system\Database\BaseBuilder.php(1455): CodeIgniter\Database\BaseConnection->query('SELECT `tbl_bar...', Array, false)
#4 C:\xampp\htdocs\ci4-sistemcoba\app\Models\ModelLaporan.php(19): CodeIgniter\Database\BaseBuilder->get()
#5 C:\xampp\htdocs\ci4-sistemcoba\app\Controllers\Laporan.php(48): App\Models\ModelLaporan->DataHarian(NULL)
#6 C:\xampp\htdocs\ci4-sistemcoba\system\CodeIgniter.php(832): App\Controllers\Laporan->ViewLaporanHarian()
#7 C:\xampp\htdocs\ci4-sistemcoba\system\CodeIgniter.php(419): CodeIgniter\CodeIgniter->runController(Object(App\Controllers\Laporan))
#8 C:\xampp\htdocs\ci4-sistemcoba\system\CodeIgniter.php(326): CodeIgniter\CodeIgniter->handleRequest(NULL, Object(Config\Cache), false)
#9 C:\xampp\htdocs\ci4-sistemcoba\public\index.php(37): CodeIgniter\CodeIgniter->run()
#10 {main}
ERROR - 2023-10-25 11:35:34 --> You have an error in your SQL syntax; check the manual that corresponds to your MariaDB server version for the right syntax to use near '.`tbl_barang_keluar`.`no_peminjam`)
WHERE `tbl_pinjam`.`tgl_pinjam` IS NULL
G...' at line 4
CRITICAL - 2023-10-25 11:35:34 --> You have an error in your SQL syntax; check the manual that corresponds to your MariaDB server version for the right syntax to use near '.`tbl_barang_keluar`.`no_peminjam`)
WHERE `tbl_pinjam`.`tgl_pinjam` IS NULL
G...' at line 4
#0 C:\xampp\htdocs\ci4-sistemcoba\system\Database\MySQLi\Connection.php(292): mysqli->query('SELECT `tbl_bar...', 0)
#1 C:\xampp\htdocs\ci4-sistemcoba\system\Database\BaseConnection.php(670): CodeIgniter\Database\MySQLi\Connection->execute('SELECT `tbl_bar...')
#2 C:\xampp\htdocs\ci4-sistemcoba\system\Database\BaseConnection.php(598): CodeIgniter\Database\BaseConnection->simpleQuery('SELECT `tbl_bar...')
#3 C:\xampp\htdocs\ci4-sistemcoba\system\Database\BaseBuilder.php(1455): CodeIgniter\Database\BaseConnection->query('SELECT `tbl_bar...', Array, false)
#4 C:\xampp\htdocs\ci4-sistemcoba\app\Models\ModelLaporan.php(19): CodeIgniter\Database\BaseBuilder->get()
#5 C:\xampp\htdocs\ci4-sistemcoba\app\Controllers\Laporan.php(48): App\Models\ModelLaporan->DataHarian(NULL)
#6 C:\xampp\htdocs\ci4-sistemcoba\system\CodeIgniter.php(832): App\Controllers\Laporan->ViewLaporanHarian()
#7 C:\xampp\htdocs\ci4-sistemcoba\system\CodeIgniter.php(419): CodeIgniter\CodeIgniter->runController(Object(App\Controllers\Laporan))
#8 C:\xampp\htdocs\ci4-sistemcoba\system\CodeIgniter.php(326): CodeIgniter\CodeIgniter->handleRequest(NULL, Object(Config\Cache), false)
#9 C:\xampp\htdocs\ci4-sistemcoba\public\index.php(37): CodeIgniter\CodeIgniter->run()
#10 {main}
ERROR - 2023-10-25 11:35:35 --> You have an error in your SQL syntax; check the manual that corresponds to your MariaDB server version for the right syntax to use near '.`tbl_barang_keluar`.`no_peminjam`)
WHERE `tbl_pinjam`.`tgl_pinjam` IS NULL
G...' at line 4
CRITICAL - 2023-10-25 11:35:35 --> You have an error in your SQL syntax; check the manual that corresponds to your MariaDB server version for the right syntax to use near '.`tbl_barang_keluar`.`no_peminjam`)
WHERE `tbl_pinjam`.`tgl_pinjam` IS NULL
G...' at line 4
#0 C:\xampp\htdocs\ci4-sistemcoba\system\Database\MySQLi\Connection.php(292): mysqli->query('SELECT `tbl_bar...', 0)
#1 C:\xampp\htdocs\ci4-sistemcoba\system\Database\BaseConnection.php(670): CodeIgniter\Database\MySQLi\Connection->execute('SELECT `tbl_bar...')
#2 C:\xampp\htdocs\ci4-sistemcoba\system\Database\BaseConnection.php(598): CodeIgniter\Database\BaseConnection->simpleQuery('SELECT `tbl_bar...')
#3 C:\xampp\htdocs\ci4-sistemcoba\system\Database\BaseBuilder.php(1455): CodeIgniter\Database\BaseConnection->query('SELECT `tbl_bar...', Array, false)
#4 C:\xampp\htdocs\ci4-sistemcoba\app\Models\ModelLaporan.php(19): CodeIgniter\Database\BaseBuilder->get()
#5 C:\xampp\htdocs\ci4-sistemcoba\app\Controllers\Laporan.php(48): App\Models\ModelLaporan->DataHarian(NULL)
#6 C:\xampp\htdocs\ci4-sistemcoba\system\CodeIgniter.php(832): App\Controllers\Laporan->ViewLaporanHarian()
#7 C:\xampp\htdocs\ci4-sistemcoba\system\CodeIgniter.php(419): CodeIgniter\CodeIgniter->runController(Object(App\Controllers\Laporan))
#8 C:\xampp\htdocs\ci4-sistemcoba\system\CodeIgniter.php(326): CodeIgniter\CodeIgniter->handleRequest(NULL, Object(Config\Cache), false)
#9 C:\xampp\htdocs\ci4-sistemcoba\public\index.php(37): CodeIgniter\CodeIgniter->run()
#10 {main}
ERROR - 2023-10-25 11:35:36 --> You have an error in your SQL syntax; check the manual that corresponds to your MariaDB server version for the right syntax to use near '.`tbl_barang_keluar`.`no_peminjam`)
WHERE `tbl_pinjam`.`tgl_pinjam` IS NULL
G...' at line 4
CRITICAL - 2023-10-25 11:35:36 --> You have an error in your SQL syntax; check the manual that corresponds to your MariaDB server version for the right syntax to use near '.`tbl_barang_keluar`.`no_peminjam`)
WHERE `tbl_pinjam`.`tgl_pinjam` IS NULL
G...' at line 4
#0 C:\xampp\htdocs\ci4-sistemcoba\system\Database\MySQLi\Connection.php(292): mysqli->query('SELECT `tbl_bar...', 0)
#1 C:\xampp\htdocs\ci4-sistemcoba\system\Database\BaseConnection.php(670): CodeIgniter\Database\MySQLi\Connection->execute('SELECT `tbl_bar...')
#2 C:\xampp\htdocs\ci4-sistemcoba\system\Database\BaseConnection.php(598): CodeIgniter\Database\BaseConnection->simpleQuery('SELECT `tbl_bar...')
#3 C:\xampp\htdocs\ci4-sistemcoba\system\Database\BaseBuilder.php(1455): CodeIgniter\Database\BaseConnection->query('SELECT `tbl_bar...', Array, false)
#4 C:\xampp\htdocs\ci4-sistemcoba\app\Models\ModelLaporan.php(19): CodeIgniter\Database\BaseBuilder->get()
#5 C:\xampp\htdocs\ci4-sistemcoba\app\Controllers\Laporan.php(48): App\Models\ModelLaporan->DataHarian(NULL)
#6 C:\xampp\htdocs\ci4-sistemcoba\system\CodeIgniter.php(832): App\Controllers\Laporan->ViewLaporanHarian()
#7 C:\xampp\htdocs\ci4-sistemcoba\system\CodeIgniter.php(419): CodeIgniter\CodeIgniter->runController(Object(App\Controllers\Laporan))
#8 C:\xampp\htdocs\ci4-sistemcoba\system\CodeIgniter.php(326): CodeIgniter\CodeIgniter->handleRequest(NULL, Object(Config\Cache), false)
#9 C:\xampp\htdocs\ci4-sistemcoba\public\index.php(37): CodeIgniter\CodeIgniter->run()
#10 {main}
ERROR - 2023-10-25 11:35:36 --> You have an error in your SQL syntax; check the manual that corresponds to your MariaDB server version for the right syntax to use near '.`tbl_barang_keluar`.`no_peminjam`)
WHERE `tbl_pinjam`.`tgl_pinjam` IS NULL
G...' at line 4
CRITICAL - 2023-10-25 11:35:36 --> You have an error in your SQL syntax; check the manual that corresponds to your MariaDB server version for the right syntax to use near '.`tbl_barang_keluar`.`no_peminjam`)
WHERE `tbl_pinjam`.`tgl_pinjam` IS NULL
G...' at line 4
#0 C:\xampp\htdocs\ci4-sistemcoba\system\Database\MySQLi\Connection.php(292): mysqli->query('SELECT `tbl_bar...', 0)
#1 C:\xampp\htdocs\ci4-sistemcoba\system\Database\BaseConnection.php(670): CodeIgniter\Database\MySQLi\Connection->execute('SELECT `tbl_bar...')
#2 C:\xampp\htdocs\ci4-sistemcoba\system\Database\BaseConnection.php(598): CodeIgniter\Database\BaseConnection->simpleQuery('SELECT `tbl_bar...')
#3 C:\xampp\htdocs\ci4-sistemcoba\system\Database\BaseBuilder.php(1455): CodeIgniter\Database\BaseConnection->query('SELECT `tbl_bar...', Array, false)
#4 C:\xampp\htdocs\ci4-sistemcoba\app\Models\ModelLaporan.php(19): CodeIgniter\Database\BaseBuilder->get()
#5 C:\xampp\htdocs\ci4-sistemcoba\app\Controllers\Laporan.php(48): App\Models\ModelLaporan->DataHarian(NULL)
#6 C:\xampp\htdocs\ci4-sistemcoba\system\CodeIgniter.php(832): App\Controllers\Laporan->ViewLaporanHarian()
#7 C:\xampp\htdocs\ci4-sistemcoba\system\CodeIgniter.php(419): CodeIgniter\CodeIgniter->runController(Object(App\Controllers\Laporan))
#8 C:\xampp\htdocs\ci4-sistemcoba\system\CodeIgniter.php(326): CodeIgniter\CodeIgniter->handleRequest(NULL, Object(Config\Cache), false)
#9 C:\xampp\htdocs\ci4-sistemcoba\public\index.php(37): CodeIgniter\CodeIgniter->run()
#10 {main}
ERROR - 2023-10-25 11:35:36 --> You have an error in your SQL syntax; check the manual that corresponds to your MariaDB server version for the right syntax to use near '.`tbl_barang_keluar`.`no_peminjam`)
WHERE `tbl_pinjam`.`tgl_pinjam` = '2023-1...' at line 4
CRITICAL - 2023-10-25 11:35:36 --> You have an error in your SQL syntax; check the manual that corresponds to your MariaDB server version for the right syntax to use near '.`tbl_barang_keluar`.`no_peminjam`)
WHERE `tbl_pinjam`.`tgl_pinjam` = '2023-1...' at line 4
#0 C:\xampp\htdocs\ci4-sistemcoba\system\Database\MySQLi\Connection.php(292): mysqli->query('SELECT `tbl_bar...', 0)
#1 C:\xampp\htdocs\ci4-sistemcoba\system\Database\BaseConnection.php(670): CodeIgniter\Database\MySQLi\Connection->execute('SELECT `tbl_bar...')
#2 C:\xampp\htdocs\ci4-sistemcoba\system\Database\BaseConnection.php(598): CodeIgniter\Database\BaseConnection->simpleQuery('SELECT `tbl_bar...')
#3 C:\xampp\htdocs\ci4-sistemcoba\system\Database\BaseBuilder.php(1455): CodeIgniter\Database\BaseConnection->query('SELECT `tbl_bar...', Array, false)
#4 C:\xampp\htdocs\ci4-sistemcoba\app\Models\ModelLaporan.php(19): CodeIgniter\Database\BaseBuilder->get()
#5 C:\xampp\htdocs\ci4-sistemcoba\app\Controllers\Laporan.php(67): App\Models\ModelLaporan->DataHarian('2023-10-24')
#6 C:\xampp\htdocs\ci4-sistemcoba\system\CodeIgniter.php(832): App\Controllers\Laporan->PrintLaporanHarian('2023-10-24')
#7 C:\xampp\htdocs\ci4-sistemcoba\system\CodeIgniter.php(419): CodeIgniter\CodeIgniter->runController(Object(App\Controllers\Laporan))
#8 C:\xampp\htdocs\ci4-sistemcoba\system\CodeIgniter.php(326): CodeIgniter\CodeIgniter->handleRequest(NULL, Object(Config\Cache), false)
#9 C:\xampp\htdocs\ci4-sistemcoba\public\index.php(37): CodeIgniter\CodeIgniter->run()
#10 {main}
ERROR - 2023-10-25 11:40:04 --> You have an error in your SQL syntax; check the manual that corresponds to your MariaDB server version for the right syntax to use near '.`tbl_barang_keluar`.`no_peminjam`)
WHERE `tbl_pinjam`.`tgl_pinjam` = '2023-1...' at line 4
CRITICAL - 2023-10-25 11:40:04 --> You have an error in your SQL syntax; check the manual that corresponds to your MariaDB server version for the right syntax to use near '.`tbl_barang_keluar`.`no_peminjam`)
WHERE `tbl_pinjam`.`tgl_pinjam` = '2023-1...' at line 4
#0 C:\xampp\htdocs\ci4-sistemcoba\system\Database\MySQLi\Connection.php(292): mysqli->query('SELECT `tbl_bar...', 0)
#1 C:\xampp\htdocs\ci4-sistemcoba\system\Database\BaseConnection.php(670): CodeIgniter\Database\MySQLi\Connection->execute('SELECT `tbl_bar...')
#2 C:\xampp\htdocs\ci4-sistemcoba\system\Database\BaseConnection.php(598): CodeIgniter\Database\BaseConnection->simpleQuery('SELECT `tbl_bar...')
#3 C:\xampp\htdocs\ci4-sistemcoba\system\Database\BaseBuilder.php(1455): CodeIgniter\Database\BaseConnection->query('SELECT `tbl_bar...', Array, false)
#4 C:\xampp\htdocs\ci4-sistemcoba\app\Models\ModelLaporan.php(19): CodeIgniter\Database\BaseBuilder->get()
#5 C:\xampp\htdocs\ci4-sistemcoba\app\Controllers\Laporan.php(67): App\Models\ModelLaporan->DataHarian('2023-10-24')
#6 C:\xampp\htdocs\ci4-sistemcoba\system\CodeIgniter.php(832): App\Controllers\Laporan->PrintLaporanHarian('2023-10-24')
#7 C:\xampp\htdocs\ci4-sistemcoba\system\CodeIgniter.php(419): CodeIgniter\CodeIgniter->runController(Object(App\Controllers\Laporan))
#8 C:\xampp\htdocs\ci4-sistemcoba\system\CodeIgniter.php(326): CodeIgniter\CodeIgniter->handleRequest(NULL, Object(Config\Cache), false)
#9 C:\xampp\htdocs\ci4-sistemcoba\public\index.php(37): CodeIgniter\CodeIgniter->run()
#10 {main}
ERROR - 2023-10-25 11:41:47 --> You have an error in your SQL syntax; check the manual that corresponds to your MariaDB server version for the right syntax to use near '.`tbl_barang_keluar`.`no_peminjam`)
WHERE `tbl_pinjam`.`tgl` = '2023-10-24'
G...' at line 4
CRITICAL - 2023-10-25 11:41:47 --> You have an error in your SQL syntax; check the manual that corresponds to your MariaDB server version for the right syntax to use near '.`tbl_barang_keluar`.`no_peminjam`)
WHERE `tbl_pinjam`.`tgl` = '2023-10-24'
G...' at line 4
#0 C:\xampp\htdocs\ci4-sistemcoba\system\Database\MySQLi\Connection.php(292): mysqli->query('SELECT `tbl_bar...', 0)
#1 C:\xampp\htdocs\ci4-sistemcoba\system\Database\BaseConnection.php(670): CodeIgniter\Database\MySQLi\Connection->execute('SELECT `tbl_bar...')
#2 C:\xampp\htdocs\ci4-sistemcoba\system\Database\BaseConnection.php(598): CodeIgniter\Database\BaseConnection->simpleQuery('SELECT `tbl_bar...')
#3 C:\xampp\htdocs\ci4-sistemcoba\system\Database\BaseBuilder.php(1455): CodeIgniter\Database\BaseConnection->query('SELECT `tbl_bar...', Array, false)
#4 C:\xampp\htdocs\ci4-sistemcoba\app\Models\ModelLaporan.php(19): CodeIgniter\Database\BaseBuilder->get()
#5 C:\xampp\htdocs\ci4-sistemcoba\app\Controllers\Laporan.php(67): App\Models\ModelLaporan->DataHarian('2023-10-24')
#6 C:\xampp\htdocs\ci4-sistemcoba\system\CodeIgniter.php(832): App\Controllers\Laporan->PrintLaporanHarian('2023-10-24')
#7 C:\xampp\htdocs\ci4-sistemcoba\system\CodeIgniter.php(419): CodeIgniter\CodeIgniter->runController(Object(App\Controllers\Laporan))
#8 C:\xampp\htdocs\ci4-sistemcoba\system\CodeIgniter.php(326): CodeIgniter\CodeIgniter->handleRequest(NULL, Object(Config\Cache), false)
#9 C:\xampp\htdocs\ci4-sistemcoba\public\index.php(37): CodeIgniter\CodeIgniter->run()
#10 {main}
ERROR - 2023-10-25 11:49:19 --> Unknown column 'tbl_barang_keluar.modal' in 'field list'
CRITICAL - 2023-10-25 11:49:19 --> Unknown column 'tbl_barang_keluar.modal' in 'field list'
#0 C:\xampp\htdocs\ci4-sistemcoba\system\Database\MySQLi\Connection.php(292): mysqli->query('SELECT `tbl_bar...', 0)
#1 C:\xampp\htdocs\ci4-sistemcoba\system\Database\BaseConnection.php(670): CodeIgniter\Database\MySQLi\Connection->execute('SELECT `tbl_bar...')
#2 C:\xampp\htdocs\ci4-sistemcoba\system\Database\BaseConnection.php(598): CodeIgniter\Database\BaseConnection->simpleQuery('SELECT `tbl_bar...')
#3 C:\xampp\htdocs\ci4-sistemcoba\system\Database\BaseBuilder.php(1455): CodeIgniter\Database\BaseConnection->query('SELECT `tbl_bar...', Array, false)
#4 C:\xampp\htdocs\ci4-sistemcoba\app\Models\ModelLaporan.php(23): CodeIgniter\Database\BaseBuilder->get()
#5 C:\xampp\htdocs\ci4-sistemcoba\app\Controllers\Laporan.php(67): App\Models\ModelLaporan->DataHarian('2023-10-24')
#6 C:\xampp\htdocs\ci4-sistemcoba\system\CodeIgniter.php(832): App\Controllers\Laporan->PrintLaporanHarian('2023-10-24')
#7 C:\xampp\htdocs\ci4-sistemcoba\system\CodeIgniter.php(419): CodeIgniter\CodeIgniter->runController(Object(App\Controllers\Laporan))
#8 C:\xampp\htdocs\ci4-sistemcoba\system\CodeIgniter.php(326): CodeIgniter\CodeIgniter->handleRequest(NULL, Object(Config\Cache), false)
#9 C:\xampp\htdocs\ci4-sistemcoba\public\index.php(37): CodeIgniter\CodeIgniter->run()
#10 {main}
CRITICAL - 2023-10-25 11:53:21 --> Undefined index: 
#0 C:\xampp\htdocs\ci4-sistemcoba\app\Views\laporan\v_print_lap_harian.php(13): CodeIgniter\Debug\Exceptions->errorHandler(8, 'Undefined index...', 'C:\\xampp\\htdocs...', 13, Array)
#1 C:\xampp\htdocs\ci4-sistemcoba\system\View\View.php(210): include('C:\\xampp\\htdocs...')
#2 C:\xampp\htdocs\ci4-sistemcoba\system\View\View.php(213): CodeIgniter\View\View->CodeIgniter\View\{closure}()
#3 C:\xampp\htdocs\ci4-sistemcoba\system\Common.php(1089): CodeIgniter\View\View->render('laporan/v_print...', Array, true)
#4 C:\xampp\htdocs\ci4-sistemcoba\app\Views\laporan\v_template_print_laporan.php(49): view('laporan/v_print...')
#5 C:\xampp\htdocs\ci4-sistemcoba\system\View\View.php(210): include('C:\\xampp\\htdocs...')
#6 C:\xampp\htdocs\ci4-sistemcoba\system\View\View.php(213): CodeIgniter\View\View->CodeIgniter\View\{closure}()
#7 C:\xampp\htdocs\ci4-sistemcoba\system\Common.php(1089): CodeIgniter\View\View->render('laporan/v_templ...', Array, true)
#8 C:\xampp\htdocs\ci4-sistemcoba\app\Controllers\Laporan.php(70): view('laporan/v_templ...', Array)
#9 C:\xampp\htdocs\ci4-sistemcoba\system\CodeIgniter.php(832): App\Controllers\Laporan->PrintLaporanHarian('2023-10-24')
#10 C:\xampp\htdocs\ci4-sistemcoba\system\CodeIgniter.php(419): CodeIgniter\CodeIgniter->runController(Object(App\Controllers\Laporan))
#11 C:\xampp\htdocs\ci4-sistemcoba\system\CodeIgniter.php(326): CodeIgniter\CodeIgniter->handleRequest(NULL, Object(Config\Cache), false)
#12 C:\xampp\htdocs\ci4-sistemcoba\public\index.php(37): CodeIgniter\CodeIgniter->run()
#13 {main}
CRITICAL - 2023-10-25 12:00:15 --> Undefined index: nama_user
#0 C:\xampp\htdocs\ci4-sistemcoba\app\Views\laporan\v_print_lap_harian.php(18): CodeIgniter\Debug\Exceptions->errorHandler(8, 'Undefined index...', 'C:\\xampp\\htdocs...', 18, Array)
#1 C:\xampp\htdocs\ci4-sistemcoba\system\View\View.php(210): include('C:\\xampp\\htdocs...')
#2 C:\xampp\htdocs\ci4-sistemcoba\system\View\View.php(213): CodeIgniter\View\View->CodeIgniter\View\{closure}()
#3 C:\xampp\htdocs\ci4-sistemcoba\system\Common.php(1089): CodeIgniter\View\View->render('laporan/v_print...', Array, true)
#4 C:\xampp\htdocs\ci4-sistemcoba\app\Views\laporan\v_template_print_laporan.php(49): view('laporan/v_print...')
#5 C:\xampp\htdocs\ci4-sistemcoba\system\View\View.php(210): include('C:\\xampp\\htdocs...')
#6 C:\xampp\htdocs\ci4-sistemcoba\system\View\View.php(213): CodeIgniter\View\View->CodeIgniter\View\{closure}()
#7 C:\xampp\htdocs\ci4-sistemcoba\system\Common.php(1089): CodeIgniter\View\View->render('laporan/v_templ...', Array, true)
#8 C:\xampp\htdocs\ci4-sistemcoba\app\Controllers\Laporan.php(70): view('laporan/v_templ...', Array)
#9 C:\xampp\htdocs\ci4-sistemcoba\system\CodeIgniter.php(832): App\Controllers\Laporan->PrintLaporanHarian('2023-10-24')
#10 C:\xampp\htdocs\ci4-sistemcoba\system\CodeIgniter.php(419): CodeIgniter\CodeIgniter->runController(Object(App\Controllers\Laporan))
#11 C:\xampp\htdocs\ci4-sistemcoba\system\CodeIgniter.php(326): CodeIgniter\CodeIgniter->handleRequest(NULL, Object(Config\Cache), false)
#12 C:\xampp\htdocs\ci4-sistemcoba\public\index.php(37): CodeIgniter\CodeIgniter->run()
#13 {main}
CRITICAL - 2023-10-25 12:08:51 --> Undefined index: kode_barang
#0 C:\xampp\htdocs\ci4-sistemcoba\app\Views\laporan\v_print_lap_bulanan.php(19): CodeIgniter\Debug\Exceptions->errorHandler(8, 'Undefined index...', 'C:\\xampp\\htdocs...', 19, Array)
#1 C:\xampp\htdocs\ci4-sistemcoba\system\View\View.php(210): include('C:\\xampp\\htdocs...')
#2 C:\xampp\htdocs\ci4-sistemcoba\system\View\View.php(213): CodeIgniter\View\View->CodeIgniter\View\{closure}()
#3 C:\xampp\htdocs\ci4-sistemcoba\system\Common.php(1089): CodeIgniter\View\View->render('laporan/v_print...', Array, true)
#4 C:\xampp\htdocs\ci4-sistemcoba\app\Views\laporan\v_template_print_laporan.php(49): view('laporan/v_print...')
#5 C:\xampp\htdocs\ci4-sistemcoba\system\View\View.php(210): include('C:\\xampp\\htdocs...')
#6 C:\xampp\htdocs\ci4-sistemcoba\system\View\View.php(213): CodeIgniter\View\View->CodeIgniter\View\{closure}()
#7 C:\xampp\htdocs\ci4-sistemcoba\system\Common.php(1089): CodeIgniter\View\View->render('laporan/v_templ...', Array, true)
#8 C:\xampp\htdocs\ci4-sistemcoba\app\Controllers\Laporan.php(116): view('laporan/v_templ...', Array)
#9 C:\xampp\htdocs\ci4-sistemcoba\system\CodeIgniter.php(832): App\Controllers\Laporan->PrintLaporanBulanan('10', '2023')
#10 C:\xampp\htdocs\ci4-sistemcoba\system\CodeIgniter.php(419): CodeIgniter\CodeIgniter->runController(Object(App\Controllers\Laporan))
#11 C:\xampp\htdocs\ci4-sistemcoba\system\CodeIgniter.php(326): CodeIgniter\CodeIgniter->handleRequest(NULL, Object(Config\Cache), false)
#12 C:\xampp\htdocs\ci4-sistemcoba\public\index.php(37): CodeIgniter\CodeIgniter->run()
#13 {main}
CRITICAL - 2023-10-25 12:10:07 --> Undefined index: nama_barang
#0 C:\xampp\htdocs\ci4-sistemcoba\app\Views\laporan\v_print_lap_bulanan.php(20): CodeIgniter\Debug\Exceptions->errorHandler(8, 'Undefined index...', 'C:\\xampp\\htdocs...', 20, Array)
#1 C:\xampp\htdocs\ci4-sistemcoba\system\View\View.php(210): include('C:\\xampp\\htdocs...')
#2 C:\xampp\htdocs\ci4-sistemcoba\system\View\View.php(213): CodeIgniter\View\View->CodeIgniter\View\{closure}()
#3 C:\xampp\htdocs\ci4-sistemcoba\system\Common.php(1089): CodeIgniter\View\View->render('laporan/v_print...', Array, true)
#4 C:\xampp\htdocs\ci4-sistemcoba\app\Views\laporan\v_template_print_laporan.php(49): view('laporan/v_print...')
#5 C:\xampp\htdocs\ci4-sistemcoba\system\View\View.php(210): include('C:\\xampp\\htdocs...')
#6 C:\xampp\htdocs\ci4-sistemcoba\system\View\View.php(213): CodeIgniter\View\View->CodeIgniter\View\{closure}()
#7 C:\xampp\htdocs\ci4-sistemcoba\system\Common.php(1089): CodeIgniter\View\View->render('laporan/v_templ...', Array, true)
#8 C:\xampp\htdocs\ci4-sistemcoba\app\Controllers\Laporan.php(116): view('laporan/v_templ...', Array)
#9 C:\xampp\htdocs\ci4-sistemcoba\system\CodeIgniter.php(832): App\Controllers\Laporan->PrintLaporanBulanan('10', '2023')
#10 C:\xampp\htdocs\ci4-sistemcoba\system\CodeIgniter.php(419): CodeIgniter\CodeIgniter->runController(Object(App\Controllers\Laporan))
#11 C:\xampp\htdocs\ci4-sistemcoba\system\CodeIgniter.php(326): CodeIgniter\CodeIgniter->handleRequest(NULL, Object(Config\Cache), false)
#12 C:\xampp\htdocs\ci4-sistemcoba\public\index.php(37): CodeIgniter\CodeIgniter->run()
#13 {main}
CRITICAL - 2023-10-25 12:10:27 --> Undefined index: nama_barang
#0 C:\xampp\htdocs\ci4-sistemcoba\app\Views\laporan\v_print_lap_bulanan.php(20): CodeIgniter\Debug\Exceptions->errorHandler(8, 'Undefined index...', 'C:\\xampp\\htdocs...', 20, Array)
#1 C:\xampp\htdocs\ci4-sistemcoba\system\View\View.php(210): include('C:\\xampp\\htdocs...')
#2 C:\xampp\htdocs\ci4-sistemcoba\system\View\View.php(213): CodeIgniter\View\View->CodeIgniter\View\{closure}()
#3 C:\xampp\htdocs\ci4-sistemcoba\system\Common.php(1089): CodeIgniter\View\View->render('laporan/v_print...', Array, true)
#4 C:\xampp\htdocs\ci4-sistemcoba\app\Views\laporan\v_template_print_laporan.php(49): view('laporan/v_print...')
#5 C:\xampp\htdocs\ci4-sistemcoba\system\View\View.php(210): include('C:\\xampp\\htdocs...')
#6 C:\xampp\htdocs\ci4-sistemcoba\system\View\View.php(213): CodeIgniter\View\View->CodeIgniter\View\{closure}()
#7 C:\xampp\htdocs\ci4-sistemcoba\system\Common.php(1089): CodeIgniter\View\View->render('laporan/v_templ...', Array, true)
#8 C:\xampp\htdocs\ci4-sistemcoba\app\Controllers\Laporan.php(116): view('laporan/v_templ...', Array)
#9 C:\xampp\htdocs\ci4-sistemcoba\system\CodeIgniter.php(832): App\Controllers\Laporan->PrintLaporanBulanan('10', '2023')
#10 C:\xampp\htdocs\ci4-sistemcoba\system\CodeIgniter.php(419): CodeIgniter\CodeIgniter->runController(Object(App\Controllers\Laporan))
#11 C:\xampp\htdocs\ci4-sistemcoba\system\CodeIgniter.php(326): CodeIgniter\CodeIgniter->handleRequest(NULL, Object(Config\Cache), false)
#12 C:\xampp\htdocs\ci4-sistemcoba\public\index.php(37): CodeIgniter\CodeIgniter->run()
#13 {main}
ERROR - 2023-10-25 12:11:38 --> Unknown column 'tbl_barang_keluar.nama_barang' in 'field list'
CRITICAL - 2023-10-25 12:11:38 --> Unknown column 'tbl_barang_keluar.nama_barang' in 'field list'
#0 C:\xampp\htdocs\ci4-sistemcoba\system\Database\MySQLi\Connection.php(292): mysqli->query('SELECT `tbl_pin...', 0)
#1 C:\xampp\htdocs\ci4-sistemcoba\system\Database\BaseConnection.php(670): CodeIgniter\Database\MySQLi\Connection->execute('SELECT `tbl_pin...')
#2 C:\xampp\htdocs\ci4-sistemcoba\system\Database\BaseConnection.php(598): CodeIgniter\Database\BaseConnection->simpleQuery('SELECT `tbl_pin...')
#3 C:\xampp\htdocs\ci4-sistemcoba\system\Database\BaseBuilder.php(1455): CodeIgniter\Database\BaseConnection->query('SELECT `tbl_pin...', Array, false)
#4 C:\xampp\htdocs\ci4-sistemcoba\app\Models\ModelLaporan.php(32): CodeIgniter\Database\BaseBuilder->get()
#5 C:\xampp\htdocs\ci4-sistemcoba\app\Controllers\Laporan.php(112): App\Models\ModelLaporan->DataBulanan('10', '2023')
#6 C:\xampp\htdocs\ci4-sistemcoba\system\CodeIgniter.php(832): App\Controllers\Laporan->PrintLaporanBulanan('10', '2023')
#7 C:\xampp\htdocs\ci4-sistemcoba\system\CodeIgniter.php(419): CodeIgniter\CodeIgniter->runController(Object(App\Controllers\Laporan))
#8 C:\xampp\htdocs\ci4-sistemcoba\system\CodeIgniter.php(326): CodeIgniter\CodeIgniter->handleRequest(NULL, Object(Config\Cache), false)
#9 C:\xampp\htdocs\ci4-sistemcoba\public\index.php(37): CodeIgniter\CodeIgniter->run()
#10 {main}
ERROR - 2023-10-25 12:12:33 --> Not unique table/alias: 'tbl_pinjam'
CRITICAL - 2023-10-25 12:12:33 --> Not unique table/alias: 'tbl_pinjam'
#0 C:\xampp\htdocs\ci4-sistemcoba\system\Database\MySQLi\Connection.php(292): mysqli->query('SELECT `tbl_pin...', 0)
#1 C:\xampp\htdocs\ci4-sistemcoba\system\Database\BaseConnection.php(670): CodeIgniter\Database\MySQLi\Connection->execute('SELECT `tbl_pin...')
#2 C:\xampp\htdocs\ci4-sistemcoba\system\Database\BaseConnection.php(598): CodeIgniter\Database\BaseConnection->simpleQuery('SELECT `tbl_pin...')
#3 C:\xampp\htdocs\ci4-sistemcoba\system\Database\BaseBuilder.php(1455): CodeIgniter\Database\BaseConnection->query('SELECT `tbl_pin...', Array, false)
#4 C:\xampp\htdocs\ci4-sistemcoba\app\Models\ModelLaporan.php(34): CodeIgniter\Database\BaseBuilder->get()
#5 C:\xampp\htdocs\ci4-sistemcoba\app\Controllers\Laporan.php(112): App\Models\ModelLaporan->DataBulanan('10', '2023')
#6 C:\xampp\htdocs\ci4-sistemcoba\system\CodeIgniter.php(832): App\Controllers\Laporan->PrintLaporanBulanan('10', '2023')
#7 C:\xampp\htdocs\ci4-sistemcoba\system\CodeIgniter.php(419): CodeIgniter\CodeIgniter->runController(Object(App\Controllers\Laporan))
#8 C:\xampp\htdocs\ci4-sistemcoba\system\CodeIgniter.php(326): CodeIgniter\CodeIgniter->handleRequest(NULL, Object(Config\Cache), false)
#9 C:\xampp\htdocs\ci4-sistemcoba\public\index.php(37): CodeIgniter\CodeIgniter->run()
#10 {main}
ERROR - 2023-10-25 12:13:35 --> Unknown column 'tbl_barang_keluar.nama_barang' in 'field list'
CRITICAL - 2023-10-25 12:13:35 --> Unknown column 'tbl_barang_keluar.nama_barang' in 'field list'
#0 C:\xampp\htdocs\ci4-sistemcoba\system\Database\MySQLi\Connection.php(292): mysqli->query('SELECT `tbl_pin...', 0)
#1 C:\xampp\htdocs\ci4-sistemcoba\system\Database\BaseConnection.php(670): CodeIgniter\Database\MySQLi\Connection->execute('SELECT `tbl_pin...')
#2 C:\xampp\htdocs\ci4-sistemcoba\system\Database\BaseConnection.php(598): CodeIgniter\Database\BaseConnection->simpleQuery('SELECT `tbl_pin...')
#3 C:\xampp\htdocs\ci4-sistemcoba\system\Database\BaseBuilder.php(1455): CodeIgniter\Database\BaseConnection->query('SELECT `tbl_pin...', Array, false)
#4 C:\xampp\htdocs\ci4-sistemcoba\app\Models\ModelLaporan.php(33): CodeIgniter\Database\BaseBuilder->get()
#5 C:\xampp\htdocs\ci4-sistemcoba\app\Controllers\Laporan.php(112): App\Models\ModelLaporan->DataBulanan('10', '2023')
#6 C:\xampp\htdocs\ci4-sistemcoba\system\CodeIgniter.php(832): App\Controllers\Laporan->PrintLaporanBulanan('10', '2023')
#7 C:\xampp\htdocs\ci4-sistemcoba\system\CodeIgniter.php(419): CodeIgniter\CodeIgniter->runController(Object(App\Controllers\Laporan))
#8 C:\xampp\htdocs\ci4-sistemcoba\system\CodeIgniter.php(326): CodeIgniter\CodeIgniter->handleRequest(NULL, Object(Config\Cache), false)
#9 C:\xampp\htdocs\ci4-sistemcoba\public\index.php(37): CodeIgniter\CodeIgniter->run()
#10 {main}
ERROR - 2023-10-25 12:24:22 --> Unknown column 'tbl_barang_keluar.nama_barang' in 'field list'
CRITICAL - 2023-10-25 12:24:22 --> Unknown column 'tbl_barang_keluar.nama_barang' in 'field list'
#0 C:\xampp\htdocs\ci4-sistemcoba\system\Database\MySQLi\Connection.php(292): mysqli->query('SELECT `tbl_pin...', 0)
#1 C:\xampp\htdocs\ci4-sistemcoba\system\Database\BaseConnection.php(670): CodeIgniter\Database\MySQLi\Connection->execute('SELECT `tbl_pin...')
#2 C:\xampp\htdocs\ci4-sistemcoba\system\Database\BaseConnection.php(598): CodeIgniter\Database\BaseConnection->simpleQuery('SELECT `tbl_pin...')
#3 C:\xampp\htdocs\ci4-sistemcoba\system\Database\BaseBuilder.php(1455): CodeIgniter\Database\BaseConnection->query('SELECT `tbl_pin...', Array, false)
#4 C:\xampp\htdocs\ci4-sistemcoba\app\Models\ModelLaporan.php(33): CodeIgniter\Database\BaseBuilder->get()
#5 C:\xampp\htdocs\ci4-sistemcoba\app\Controllers\Laporan.php(112): App\Models\ModelLaporan->DataBulanan('10', '2023')
#6 C:\xampp\htdocs\ci4-sistemcoba\system\CodeIgniter.php(832): App\Controllers\Laporan->PrintLaporanBulanan('10', '2023')
#7 C:\xampp\htdocs\ci4-sistemcoba\system\CodeIgniter.php(419): CodeIgniter\CodeIgniter->runController(Object(App\Controllers\Laporan))
#8 C:\xampp\htdocs\ci4-sistemcoba\system\CodeIgniter.php(326): CodeIgniter\CodeIgniter->handleRequest(NULL, Object(Config\Cache), false)
#9 C:\xampp\htdocs\ci4-sistemcoba\public\index.php(37): CodeIgniter\CodeIgniter->run()
#10 {main}
CRITICAL - 2023-10-25 12:25:03 --> Undefined index: nama
#0 C:\xampp\htdocs\ci4-sistemcoba\app\Views\laporan\v_print_lap_bulanan.php(20): CodeIgniter\Debug\Exceptions->errorHandler(8, 'Undefined index...', 'C:\\xampp\\htdocs...', 20, Array)
#1 C:\xampp\htdocs\ci4-sistemcoba\system\View\View.php(210): include('C:\\xampp\\htdocs...')
#2 C:\xampp\htdocs\ci4-sistemcoba\system\View\View.php(213): CodeIgniter\View\View->CodeIgniter\View\{closure}()
#3 C:\xampp\htdocs\ci4-sistemcoba\system\Common.php(1089): CodeIgniter\View\View->render('laporan/v_print...', Array, true)
#4 C:\xampp\htdocs\ci4-sistemcoba\app\Views\laporan\v_template_print_laporan.php(49): view('laporan/v_print...')
#5 C:\xampp\htdocs\ci4-sistemcoba\system\View\View.php(210): include('C:\\xampp\\htdocs...')
#6 C:\xampp\htdocs\ci4-sistemcoba\system\View\View.php(213): CodeIgniter\View\View->CodeIgniter\View\{closure}()
#7 C:\xampp\htdocs\ci4-sistemcoba\system\Common.php(1089): CodeIgniter\View\View->render('laporan/v_templ...', Array, true)
#8 C:\xampp\htdocs\ci4-sistemcoba\app\Controllers\Laporan.php(116): view('laporan/v_templ...', Array)
#9 C:\xampp\htdocs\ci4-sistemcoba\system\CodeIgniter.php(832): App\Controllers\Laporan->PrintLaporanBulanan('10', '2023')
#10 C:\xampp\htdocs\ci4-sistemcoba\system\CodeIgniter.php(419): CodeIgniter\CodeIgniter->runController(Object(App\Controllers\Laporan))
#11 C:\xampp\htdocs\ci4-sistemcoba\system\CodeIgniter.php(326): CodeIgniter\CodeIgniter->handleRequest(NULL, Object(Config\Cache), false)
#12 C:\xampp\htdocs\ci4-sistemcoba\public\index.php(37): CodeIgniter\CodeIgniter->run()
#13 {main}
CRITICAL - 2023-10-25 12:25:54 --> Undefined index: qty
#0 C:\xampp\htdocs\ci4-sistemcoba\app\Views\laporan\v_print_lap_bulanan.php(21): CodeIgniter\Debug\Exceptions->errorHandler(8, 'Undefined index...', 'C:\\xampp\\htdocs...', 21, Array)
#1 C:\xampp\htdocs\ci4-sistemcoba\system\View\View.php(210): include('C:\\xampp\\htdocs...')
#2 C:\xampp\htdocs\ci4-sistemcoba\system\View\View.php(213): CodeIgniter\View\View->CodeIgniter\View\{closure}()
#3 C:\xampp\htdocs\ci4-sistemcoba\system\Common.php(1089): CodeIgniter\View\View->render('laporan/v_print...', Array, true)
#4 C:\xampp\htdocs\ci4-sistemcoba\app\Views\laporan\v_template_print_laporan.php(49): view('laporan/v_print...')
#5 C:\xampp\htdocs\ci4-sistemcoba\system\View\View.php(210): include('C:\\xampp\\htdocs...')
#6 C:\xampp\htdocs\ci4-sistemcoba\system\View\View.php(213): CodeIgniter\View\View->CodeIgniter\View\{closure}()
#7 C:\xampp\htdocs\ci4-sistemcoba\system\Common.php(1089): CodeIgniter\View\View->render('laporan/v_templ...', Array, true)
#8 C:\xampp\htdocs\ci4-sistemcoba\app\Controllers\Laporan.php(116): view('laporan/v_templ...', Array)
#9 C:\xampp\htdocs\ci4-sistemcoba\system\CodeIgniter.php(832): App\Controllers\Laporan->PrintLaporanBulanan('10', '2023')
#10 C:\xampp\htdocs\ci4-sistemcoba\system\CodeIgniter.php(419): CodeIgniter\CodeIgniter->runController(Object(App\Controllers\Laporan))
#11 C:\xampp\htdocs\ci4-sistemcoba\system\CodeIgniter.php(326): CodeIgniter\CodeIgniter->handleRequest(NULL, Object(Config\Cache), false)
#12 C:\xampp\htdocs\ci4-sistemcoba\public\index.php(37): CodeIgniter\CodeIgniter->run()
#13 {main}
ERROR - 2023-10-25 12:53:07 --> Unknown column 'nama_toko' in 'field list'
CRITICAL - 2023-10-25 12:53:08 --> Unknown column 'nama_toko' in 'field list'
#0 C:\xampp\htdocs\ci4-sistemcoba\system\Database\MySQLi\Connection.php(292): mysqli->query('UPDATE `tbl_set...', 0)
#1 C:\xampp\htdocs\ci4-sistemcoba\system\Database\BaseConnection.php(670): CodeIgniter\Database\MySQLi\Connection->execute('UPDATE `tbl_set...')
#2 C:\xampp\htdocs\ci4-sistemcoba\system\Database\BaseConnection.php(598): CodeIgniter\Database\BaseConnection->simpleQuery('UPDATE `tbl_set...')
#3 C:\xampp\htdocs\ci4-sistemcoba\system\Database\BaseBuilder.php(1913): CodeIgniter\Database\BaseConnection->query('UPDATE `tbl_set...', Array, false)
#4 C:\xampp\htdocs\ci4-sistemcoba\app\Models\ModelAdmin.php(18): CodeIgniter\Database\BaseBuilder->update(Array)
#5 C:\xampp\htdocs\ci4-sistemcoba\app\Controllers\Admin.php(58): App\Models\ModelAdmin->UpdateData(Array)
#6 C:\xampp\htdocs\ci4-sistemcoba\system\CodeIgniter.php(832): App\Controllers\Admin->UpdateSetting()
#7 C:\xampp\htdocs\ci4-sistemcoba\system\CodeIgniter.php(419): CodeIgniter\CodeIgniter->runController(Object(App\Controllers\Admin))
#8 C:\xampp\htdocs\ci4-sistemcoba\system\CodeIgniter.php(326): CodeIgniter\CodeIgniter->handleRequest(NULL, Object(Config\Cache), false)
#9 C:\xampp\htdocs\ci4-sistemcoba\public\index.php(37): CodeIgniter\CodeIgniter->run()
#10 {main}
