CRITICAL - 2023-08-30 19:36:54 --> Undefined variable: grand_total
#0 C:\xampp\htdocs\ci4-sistemkasir\app\Views\v_penjualan.php(141): CodeIgniter\Debug\Exceptions->errorHandler(8, 'Undefined varia...', 'C:\\xampp\\htdocs...', 141, Array)
#1 C:\xampp\htdocs\ci4-sistemkasir\system\View\View.php(210): include('C:\\xampp\\htdocs...')
#2 C:\xampp\htdocs\ci4-sistemkasir\system\View\View.php(213): CodeIgniter\View\View->CodeIgniter\View\{closure}()
#3 C:\xampp\htdocs\ci4-sistemkasir\system\Common.php(1089): CodeIgniter\View\View->render('v_penjualan', Array, true)
#4 C:\xampp\htdocs\ci4-sistemkasir\app\Controllers\Penjualan.php(25): view('v_penjualan', Array)
#5 C:\xampp\htdocs\ci4-sistemkasir\system\CodeIgniter.php(832): App\Controllers\Penjualan->index()
#6 C:\xampp\htdocs\ci4-sistemkasir\system\CodeIgniter.php(419): CodeIgniter\CodeIgniter->runController(Object(App\Controllers\Penjualan))
#7 C:\xampp\htdocs\ci4-sistemkasir\system\CodeIgniter.php(326): CodeIgniter\CodeIgniter->handleRequest(NULL, Object(Config\Cache), false)
#8 C:\xampp\htdocs\ci4-sistemkasir\public\index.php(37): CodeIgniter\CodeIgniter->run()
#9 {main}
CRITICAL - 2023-08-30 19:36:56 --> Undefined variable: grand_total
#0 C:\xampp\htdocs\ci4-sistemkasir\app\Views\v_penjualan.php(141): CodeIgniter\Debug\Exceptions->errorHandler(8, 'Undefined varia...', 'C:\\xampp\\htdocs...', 141, Array)
#1 C:\xampp\htdocs\ci4-sistemkasir\system\View\View.php(210): include('C:\\xampp\\htdocs...')
#2 C:\xampp\htdocs\ci4-sistemkasir\system\View\View.php(213): CodeIgniter\View\View->CodeIgniter\View\{closure}()
#3 C:\xampp\htdocs\ci4-sistemkasir\system\Common.php(1089): CodeIgniter\View\View->render('v_penjualan', Array, true)
#4 C:\xampp\htdocs\ci4-sistemkasir\app\Controllers\Penjualan.php(25): view('v_penjualan', Array)
#5 C:\xampp\htdocs\ci4-sistemkasir\system\CodeIgniter.php(832): App\Controllers\Penjualan->index()
#6 C:\xampp\htdocs\ci4-sistemkasir\system\CodeIgniter.php(419): CodeIgniter\CodeIgniter->runController(Object(App\Controllers\Penjualan))
#7 C:\xampp\htdocs\ci4-sistemkasir\system\CodeIgniter.php(326): CodeIgniter\CodeIgniter->handleRequest(NULL, Object(Config\Cache), false)
#8 C:\xampp\htdocs\ci4-sistemkasir\public\index.php(37): CodeIgniter\CodeIgniter->run()
#9 {main}
CRITICAL - 2023-08-30 19:37:02 --> Undefined variable: grand_total
#0 C:\xampp\htdocs\ci4-sistemkasir\app\Views\v_penjualan.php(141): CodeIgniter\Debug\Exceptions->errorHandler(8, 'Undefined varia...', 'C:\\xampp\\htdocs...', 141, Array)
#1 C:\xampp\htdocs\ci4-sistemkasir\system\View\View.php(210): include('C:\\xampp\\htdocs...')
#2 C:\xampp\htdocs\ci4-sistemkasir\system\View\View.php(213): CodeIgniter\View\View->CodeIgniter\View\{closure}()
#3 C:\xampp\htdocs\ci4-sistemkasir\system\Common.php(1089): CodeIgniter\View\View->render('v_penjualan', Array, true)
#4 C:\xampp\htdocs\ci4-sistemkasir\app\Controllers\Penjualan.php(25): view('v_penjualan', Array)
#5 C:\xampp\htdocs\ci4-sistemkasir\system\CodeIgniter.php(832): App\Controllers\Penjualan->index()
#6 C:\xampp\htdocs\ci4-sistemkasir\system\CodeIgniter.php(419): CodeIgniter\CodeIgniter->runController(Object(App\Controllers\Penjualan))
#7 C:\xampp\htdocs\ci4-sistemkasir\system\CodeIgniter.php(326): CodeIgniter\CodeIgniter->handleRequest(NULL, Object(Config\Cache), false)
#8 C:\xampp\htdocs\ci4-sistemkasir\public\index.php(37): CodeIgniter\CodeIgniter->run()
#9 {main}
