CRITICAL - 2023-10-16 11:15:13 --> You must set the database table to be used with your query.
#0 C:\xampp\htdocs\ci4-sistemcoba\system\Model.php(545): CodeIgniter\Database\BaseConnection->table(NULL)
#1 C:\xampp\htdocs\ci4-sistemcoba\system\Model.php(722): CodeIgniter\Model->builder()
#2 C:\xampp\htdocs\ci4-sistemcoba\app\Controllers\Admin.php(26): CodeIgniter\Model->__call('JumlahProduk', Array)
#3 C:\xampp\htdocs\ci4-sistemcoba\system\CodeIgniter.php(832): App\Controllers\Admin->index()
#4 C:\xampp\htdocs\ci4-sistemcoba\system\CodeIgniter.php(419): CodeIgniter\CodeIgniter->runController(Object(App\Controllers\Admin))
#5 C:\xampp\htdocs\ci4-sistemcoba\system\CodeIgniter.php(326): CodeIgniter\CodeIgniter->handleRequest(NULL, Object(Config\Cache), false)
#6 C:\xampp\htdocs\ci4-sistemcoba\public\index.php(37): CodeIgniter\CodeIgniter->run()
#7 {main}
CRITICAL - 2023-10-16 11:16:07 --> Undefined variable: jml_produk
#0 C:\xampp\htdocs\ci4-sistemcoba\app\Views\v_admin.php(6): CodeIgniter\Debug\Exceptions->errorHandler(8, 'Undefined varia...', 'C:\\xampp\\htdocs...', 6, Array)
#1 C:\xampp\htdocs\ci4-sistemcoba\system\View\View.php(210): include('C:\\xampp\\htdocs...')
#2 C:\xampp\htdocs\ci4-sistemcoba\system\View\View.php(213): CodeIgniter\View\View->CodeIgniter\View\{closure}()
#3 C:\xampp\htdocs\ci4-sistemcoba\system\Common.php(1089): CodeIgniter\View\View->render('v_admin', Array, true)
#4 C:\xampp\htdocs\ci4-sistemcoba\app\Views\v_template.php(245): view('v_admin')
#5 C:\xampp\htdocs\ci4-sistemcoba\system\View\View.php(210): include('C:\\xampp\\htdocs...')
#6 C:\xampp\htdocs\ci4-sistemcoba\system\View\View.php(213): CodeIgniter\View\View->CodeIgniter\View\{closure}()
#7 C:\xampp\htdocs\ci4-sistemcoba\system\Common.php(1089): CodeIgniter\View\View->render('v_template', Array, true)
#8 C:\xampp\htdocs\ci4-sistemcoba\app\Controllers\Admin.php(32): view('v_template', Array)
#9 C:\xampp\htdocs\ci4-sistemcoba\system\CodeIgniter.php(832): App\Controllers\Admin->index()
#10 C:\xampp\htdocs\ci4-sistemcoba\system\CodeIgniter.php(419): CodeIgniter\CodeIgniter->runController(Object(App\Controllers\Admin))
#11 C:\xampp\htdocs\ci4-sistemcoba\system\CodeIgniter.php(326): CodeIgniter\CodeIgniter->handleRequest(NULL, Object(Config\Cache), false)
#12 C:\xampp\htdocs\ci4-sistemcoba\public\index.php(37): CodeIgniter\CodeIgniter->run()
#13 {main}
ERROR - 2023-10-16 11:31:21 --> The cart array must contain a product ID, quantity, price, and name.
ERROR - 2023-10-16 11:32:42 --> The cart array must contain a product ID, quantity, price, and name.
ERROR - 2023-10-16 11:35:51 --> The cart array must contain a product ID, quantity, price, and name.
ERROR - 2023-10-16 11:38:44 --> The cart array must contain a product ID, quantity, price, and name.
CRITICAL - 2023-10-16 11:40:28 --> Undefined index: price
#0 C:\xampp\htdocs\ci4-sistemcoba\app\Libraries\ci4cart\src\Cart.php(180): CodeIgniter\Debug\Exceptions->errorHandler(8, 'Undefined index...', 'C:\\xampp\\htdocs...', 180, Array)
#1 C:\xampp\htdocs\ci4-sistemcoba\app\Libraries\ci4cart\src\Cart.php(99): CodeIgniterCart\Cart->_insert(Array)
#2 C:\xampp\htdocs\ci4-sistemcoba\app\Controllers\Peminjam.php(65): CodeIgniterCart\Cart->insert(Array)
#3 C:\xampp\htdocs\ci4-sistemcoba\system\CodeIgniter.php(832): App\Controllers\Peminjam->InsertCart()
#4 C:\xampp\htdocs\ci4-sistemcoba\system\CodeIgniter.php(419): CodeIgniter\CodeIgniter->runController(Object(App\Controllers\Peminjam))
#5 C:\xampp\htdocs\ci4-sistemcoba\system\CodeIgniter.php(326): CodeIgniter\CodeIgniter->handleRequest(NULL, Object(Config\Cache), false)
#6 C:\xampp\htdocs\ci4-sistemcoba\public\index.php(37): CodeIgniter\CodeIgniter->run()
#7 {main}
CRITICAL - 2023-10-16 11:42:27 --> syntax error, unexpected ';'
#0 C:\xampp\htdocs\ci4-sistemcoba\system\Autoloader\Autoloader.php(241): CodeIgniter\Autoloader\Autoloader->includeFile('C:\\xampp\\htdocs...')
#1 C:\xampp\htdocs\ci4-sistemcoba\system\Autoloader\Autoloader.php(219): CodeIgniter\Autoloader\Autoloader->loadInNamespace('CodeIgniterCart...')
#2 [internal function]: CodeIgniter\Autoloader\Autoloader->loadClass('CodeIgniterCart...')
#3 C:\xampp\htdocs\ci4-sistemcoba\app\Libraries\ci4cart\src\Config\Services.php(37): spl_autoload_call('CodeIgniterCart...')
#4 C:\xampp\htdocs\ci4-sistemcoba\system\Config\BaseService.php(248): CodeIgniterCart\Config\Services::cart(false)
#5 C:\xampp\htdocs\ci4-sistemcoba\system\Config\BaseService.php(189): CodeIgniter\Config\BaseService::__callStatic('cart', Array)
#6 C:\xampp\htdocs\ci4-sistemcoba\app\Libraries\ci4cart\src\Config\Services.php(35): CodeIgniter\Config\BaseService::getSharedInstance('cart')
#7 C:\xampp\htdocs\ci4-sistemcoba\system\Config\BaseService.php(248): CodeIgniterCart\Config\Services::cart()
#8 C:\xampp\htdocs\ci4-sistemcoba\app\Controllers\Peminjam.php(16): CodeIgniter\Config\BaseService::__callStatic('cart', Array)
#9 C:\xampp\htdocs\ci4-sistemcoba\system\CodeIgniter.php(832): App\Controllers\Peminjam->index()
#10 C:\xampp\htdocs\ci4-sistemcoba\system\CodeIgniter.php(419): CodeIgniter\CodeIgniter->runController(Object(App\Controllers\Peminjam))
#11 C:\xampp\htdocs\ci4-sistemcoba\system\CodeIgniter.php(326): CodeIgniter\CodeIgniter->handleRequest(NULL, Object(Config\Cache), false)
#12 C:\xampp\htdocs\ci4-sistemcoba\public\index.php(37): CodeIgniter\CodeIgniter->run()
#13 {main}
CRITICAL - 2023-10-16 11:43:20 --> A non-numeric value encountered
#0 C:\xampp\htdocs\ci4-sistemcoba\app\Libraries\ci4cart\src\Cart.php(324): CodeIgniter\Debug\Exceptions->errorHandler(2, 'A non-numeric v...', 'C:\\xampp\\htdocs...', 324, Array)
#1 C:\xampp\htdocs\ci4-sistemcoba\app\Libraries\ci4cart\src\Cart.php(112): CodeIgniterCart\Cart->saveCart()
#2 C:\xampp\htdocs\ci4-sistemcoba\app\Controllers\Peminjam.php(65): CodeIgniterCart\Cart->insert(Array)
#3 C:\xampp\htdocs\ci4-sistemcoba\system\CodeIgniter.php(832): App\Controllers\Peminjam->InsertCart()
#4 C:\xampp\htdocs\ci4-sistemcoba\system\CodeIgniter.php(419): CodeIgniter\CodeIgniter->runController(Object(App\Controllers\Peminjam))
#5 C:\xampp\htdocs\ci4-sistemcoba\system\CodeIgniter.php(326): CodeIgniter\CodeIgniter->handleRequest(NULL, Object(Config\Cache), false)
#6 C:\xampp\htdocs\ci4-sistemcoba\public\index.php(37): CodeIgniter\CodeIgniter->run()
#7 {main}
