CRITICAL - 2023-09-02 13:13:34 --> Undefined variable: catatan
#0 C:\xampp\htdocs\ci4-sistemcoba\app\Controllers\Peminjam.php(113): CodeIgniter\Debug\Exceptions->errorHandler(8, 'Undefined varia...', 'C:\\xampp\\htdocs...', 113, Array)
#1 C:\xampp\htdocs\ci4-sistemcoba\system\CodeIgniter.php(832): App\Controllers\Peminjam->SimpanTransaksi()
#2 C:\xampp\htdocs\ci4-sistemcoba\system\CodeIgniter.php(419): CodeIgniter\CodeIgniter->runController(Object(App\Controllers\Peminjam))
#3 C:\xampp\htdocs\ci4-sistemcoba\system\CodeIgniter.php(326): CodeIgniter\CodeIgniter->handleRequest(NULL, Object(Config\Cache), false)
#4 C:\xampp\htdocs\ci4-sistemcoba\public\index.php(37): CodeIgniter\CodeIgniter->run()
#5 {main}
CRITICAL - 2023-09-02 13:48:59 --> Undefined index: kode_produk
#0 C:\xampp\htdocs\ci4-sistemcoba\app\Views\v_peminjam.php(271): CodeIgniter\Debug\Exceptions->errorHandler(8, 'Undefined index...', 'C:\\xampp\\htdocs...', 271, Array)
#1 C:\xampp\htdocs\ci4-sistemcoba\system\View\View.php(210): include('C:\\xampp\\htdocs...')
#2 C:\xampp\htdocs\ci4-sistemcoba\system\View\View.php(213): CodeIgniter\View\View->CodeIgniter\View\{closure}()
#3 C:\xampp\htdocs\ci4-sistemcoba\system\Common.php(1089): CodeIgniter\View\View->render('v_peminjam', Array, true)
#4 C:\xampp\htdocs\ci4-sistemcoba\app\Controllers\Peminjam.php(25): view('v_peminjam', Array)
#5 C:\xampp\htdocs\ci4-sistemcoba\system\CodeIgniter.php(832): App\Controllers\Peminjam->index()
#6 C:\xampp\htdocs\ci4-sistemcoba\system\CodeIgniter.php(419): CodeIgniter\CodeIgniter->runController(Object(App\Controllers\Peminjam))
#7 C:\xampp\htdocs\ci4-sistemcoba\system\CodeIgniter.php(326): CodeIgniter\CodeIgniter->handleRequest(NULL, Object(Config\Cache), false)
#8 C:\xampp\htdocs\ci4-sistemcoba\public\index.php(37): CodeIgniter\CodeIgniter->run()
#9 {main}
CRITICAL - 2023-09-02 13:55:27 --> You must set the database table to be used with your query.
#0 C:\xampp\htdocs\ci4-sistemcoba\system\Model.php(545): CodeIgniter\Database\BaseConnection->table(NULL)
#1 C:\xampp\htdocs\ci4-sistemcoba\system\Model.php(722): CodeIgniter\Model->builder()
#2 C:\xampp\htdocs\ci4-sistemcoba\app\Controllers\Peminjam.php(30): CodeIgniter\Model->__call('CekBarang', Array)
#3 C:\xampp\htdocs\ci4-sistemcoba\system\CodeIgniter.php(832): App\Controllers\Peminjam->CekBarang()
#4 C:\xampp\htdocs\ci4-sistemcoba\system\CodeIgniter.php(419): CodeIgniter\CodeIgniter->runController(Object(App\Controllers\Peminjam))
#5 C:\xampp\htdocs\ci4-sistemcoba\system\CodeIgniter.php(326): CodeIgniter\CodeIgniter->handleRequest(NULL, Object(Config\Cache), false)
#6 C:\xampp\htdocs\ci4-sistemcoba\public\index.php(37): CodeIgniter\CodeIgniter->run()
#7 {main}
CRITICAL - 2023-09-02 13:55:30 --> You must set the database table to be used with your query.
#0 C:\xampp\htdocs\ci4-sistemcoba\system\Model.php(545): CodeIgniter\Database\BaseConnection->table(NULL)
#1 C:\xampp\htdocs\ci4-sistemcoba\system\Model.php(722): CodeIgniter\Model->builder()
#2 C:\xampp\htdocs\ci4-sistemcoba\app\Controllers\Peminjam.php(30): CodeIgniter\Model->__call('CekBarang', Array)
#3 C:\xampp\htdocs\ci4-sistemcoba\system\CodeIgniter.php(832): App\Controllers\Peminjam->CekBarang()
#4 C:\xampp\htdocs\ci4-sistemcoba\system\CodeIgniter.php(419): CodeIgniter\CodeIgniter->runController(Object(App\Controllers\Peminjam))
#5 C:\xampp\htdocs\ci4-sistemcoba\system\CodeIgniter.php(326): CodeIgniter\CodeIgniter->handleRequest(NULL, Object(Config\Cache), false)
#6 C:\xampp\htdocs\ci4-sistemcoba\public\index.php(37): CodeIgniter\CodeIgniter->run()
#7 {main}
CRITICAL - 2023-09-02 13:55:31 --> You must set the database table to be used with your query.
#0 C:\xampp\htdocs\ci4-sistemcoba\system\Model.php(545): CodeIgniter\Database\BaseConnection->table(NULL)
#1 C:\xampp\htdocs\ci4-sistemcoba\system\Model.php(722): CodeIgniter\Model->builder()
#2 C:\xampp\htdocs\ci4-sistemcoba\app\Controllers\Peminjam.php(30): CodeIgniter\Model->__call('CekBarang', Array)
#3 C:\xampp\htdocs\ci4-sistemcoba\system\CodeIgniter.php(832): App\Controllers\Peminjam->CekBarang()
#4 C:\xampp\htdocs\ci4-sistemcoba\system\CodeIgniter.php(419): CodeIgniter\CodeIgniter->runController(Object(App\Controllers\Peminjam))
#5 C:\xampp\htdocs\ci4-sistemcoba\system\CodeIgniter.php(326): CodeIgniter\CodeIgniter->handleRequest(NULL, Object(Config\Cache), false)
#6 C:\xampp\htdocs\ci4-sistemcoba\public\index.php(37): CodeIgniter\CodeIgniter->run()
#7 {main}
CRITICAL - 2023-09-02 13:55:33 --> You must set the database table to be used with your query.
#0 C:\xampp\htdocs\ci4-sistemcoba\system\Model.php(545): CodeIgniter\Database\BaseConnection->table(NULL)
#1 C:\xampp\htdocs\ci4-sistemcoba\system\Model.php(722): CodeIgniter\Model->builder()
#2 C:\xampp\htdocs\ci4-sistemcoba\app\Controllers\Peminjam.php(30): CodeIgniter\Model->__call('CekBarang', Array)
#3 C:\xampp\htdocs\ci4-sistemcoba\system\CodeIgniter.php(832): App\Controllers\Peminjam->CekBarang()
#4 C:\xampp\htdocs\ci4-sistemcoba\system\CodeIgniter.php(419): CodeIgniter\CodeIgniter->runController(Object(App\Controllers\Peminjam))
#5 C:\xampp\htdocs\ci4-sistemcoba\system\CodeIgniter.php(326): CodeIgniter\CodeIgniter->handleRequest(NULL, Object(Config\Cache), false)
#6 C:\xampp\htdocs\ci4-sistemcoba\public\index.php(37): CodeIgniter\CodeIgniter->run()
#7 {main}
CRITICAL - 2023-09-02 13:55:34 --> You must set the database table to be used with your query.
#0 C:\xampp\htdocs\ci4-sistemcoba\system\Model.php(545): CodeIgniter\Database\BaseConnection->table(NULL)
#1 C:\xampp\htdocs\ci4-sistemcoba\system\Model.php(722): CodeIgniter\Model->builder()
#2 C:\xampp\htdocs\ci4-sistemcoba\app\Controllers\Peminjam.php(30): CodeIgniter\Model->__call('CekBarang', Array)
#3 C:\xampp\htdocs\ci4-sistemcoba\system\CodeIgniter.php(832): App\Controllers\Peminjam->CekBarang()
#4 C:\xampp\htdocs\ci4-sistemcoba\system\CodeIgniter.php(419): CodeIgniter\CodeIgniter->runController(Object(App\Controllers\Peminjam))
#5 C:\xampp\htdocs\ci4-sistemcoba\system\CodeIgniter.php(326): CodeIgniter\CodeIgniter->handleRequest(NULL, Object(Config\Cache), false)
#6 C:\xampp\htdocs\ci4-sistemcoba\public\index.php(37): CodeIgniter\CodeIgniter->run()
#7 {main}
CRITICAL - 2023-09-02 13:55:34 --> You must set the database table to be used with your query.
#0 C:\xampp\htdocs\ci4-sistemcoba\system\Model.php(545): CodeIgniter\Database\BaseConnection->table(NULL)
#1 C:\xampp\htdocs\ci4-sistemcoba\system\Model.php(722): CodeIgniter\Model->builder()
#2 C:\xampp\htdocs\ci4-sistemcoba\app\Controllers\Peminjam.php(30): CodeIgniter\Model->__call('CekBarang', Array)
#3 C:\xampp\htdocs\ci4-sistemcoba\system\CodeIgniter.php(832): App\Controllers\Peminjam->CekBarang()
#4 C:\xampp\htdocs\ci4-sistemcoba\system\CodeIgniter.php(419): CodeIgniter\CodeIgniter->runController(Object(App\Controllers\Peminjam))
#5 C:\xampp\htdocs\ci4-sistemcoba\system\CodeIgniter.php(326): CodeIgniter\CodeIgniter->handleRequest(NULL, Object(Config\Cache), false)
#6 C:\xampp\htdocs\ci4-sistemcoba\public\index.php(37): CodeIgniter\CodeIgniter->run()
#7 {main}
CRITICAL - 2023-09-02 13:55:34 --> You must set the database table to be used with your query.
#0 C:\xampp\htdocs\ci4-sistemcoba\system\Model.php(545): CodeIgniter\Database\BaseConnection->table(NULL)
#1 C:\xampp\htdocs\ci4-sistemcoba\system\Model.php(722): CodeIgniter\Model->builder()
#2 C:\xampp\htdocs\ci4-sistemcoba\app\Controllers\Peminjam.php(30): CodeIgniter\Model->__call('CekBarang', Array)
#3 C:\xampp\htdocs\ci4-sistemcoba\system\CodeIgniter.php(832): App\Controllers\Peminjam->CekBarang()
#4 C:\xampp\htdocs\ci4-sistemcoba\system\CodeIgniter.php(419): CodeIgniter\CodeIgniter->runController(Object(App\Controllers\Peminjam))
#5 C:\xampp\htdocs\ci4-sistemcoba\system\CodeIgniter.php(326): CodeIgniter\CodeIgniter->handleRequest(NULL, Object(Config\Cache), false)
#6 C:\xampp\htdocs\ci4-sistemcoba\public\index.php(37): CodeIgniter\CodeIgniter->run()
#7 {main}
CRITICAL - 2023-09-02 13:55:34 --> You must set the database table to be used with your query.
#0 C:\xampp\htdocs\ci4-sistemcoba\system\Model.php(545): CodeIgniter\Database\BaseConnection->table(NULL)
#1 C:\xampp\htdocs\ci4-sistemcoba\system\Model.php(722): CodeIgniter\Model->builder()
#2 C:\xampp\htdocs\ci4-sistemcoba\app\Controllers\Peminjam.php(30): CodeIgniter\Model->__call('CekBarang', Array)
#3 C:\xampp\htdocs\ci4-sistemcoba\system\CodeIgniter.php(832): App\Controllers\Peminjam->CekBarang()
#4 C:\xampp\htdocs\ci4-sistemcoba\system\CodeIgniter.php(419): CodeIgniter\CodeIgniter->runController(Object(App\Controllers\Peminjam))
#5 C:\xampp\htdocs\ci4-sistemcoba\system\CodeIgniter.php(326): CodeIgniter\CodeIgniter->handleRequest(NULL, Object(Config\Cache), false)
#6 C:\xampp\htdocs\ci4-sistemcoba\public\index.php(37): CodeIgniter\CodeIgniter->run()
#7 {main}
CRITICAL - 2023-09-02 13:55:35 --> You must set the database table to be used with your query.
#0 C:\xampp\htdocs\ci4-sistemcoba\system\Model.php(545): CodeIgniter\Database\BaseConnection->table(NULL)
#1 C:\xampp\htdocs\ci4-sistemcoba\system\Model.php(722): CodeIgniter\Model->builder()
#2 C:\xampp\htdocs\ci4-sistemcoba\app\Controllers\Peminjam.php(30): CodeIgniter\Model->__call('CekBarang', Array)
#3 C:\xampp\htdocs\ci4-sistemcoba\system\CodeIgniter.php(832): App\Controllers\Peminjam->CekBarang()
#4 C:\xampp\htdocs\ci4-sistemcoba\system\CodeIgniter.php(419): CodeIgniter\CodeIgniter->runController(Object(App\Controllers\Peminjam))
#5 C:\xampp\htdocs\ci4-sistemcoba\system\CodeIgniter.php(326): CodeIgniter\CodeIgniter->handleRequest(NULL, Object(Config\Cache), false)
#6 C:\xampp\htdocs\ci4-sistemcoba\public\index.php(37): CodeIgniter\CodeIgniter->run()
#7 {main}
CRITICAL - 2023-09-02 13:55:36 --> You must set the database table to be used with your query.
#0 C:\xampp\htdocs\ci4-sistemcoba\system\Model.php(545): CodeIgniter\Database\BaseConnection->table(NULL)
#1 C:\xampp\htdocs\ci4-sistemcoba\system\Model.php(722): CodeIgniter\Model->builder()
#2 C:\xampp\htdocs\ci4-sistemcoba\app\Controllers\Peminjam.php(30): CodeIgniter\Model->__call('CekBarang', Array)
#3 C:\xampp\htdocs\ci4-sistemcoba\system\CodeIgniter.php(832): App\Controllers\Peminjam->CekBarang()
#4 C:\xampp\htdocs\ci4-sistemcoba\system\CodeIgniter.php(419): CodeIgniter\CodeIgniter->runController(Object(App\Controllers\Peminjam))
#5 C:\xampp\htdocs\ci4-sistemcoba\system\CodeIgniter.php(326): CodeIgniter\CodeIgniter->handleRequest(NULL, Object(Config\Cache), false)
#6 C:\xampp\htdocs\ci4-sistemcoba\public\index.php(37): CodeIgniter\CodeIgniter->run()
#7 {main}
CRITICAL - 2023-09-02 13:55:37 --> You must set the database table to be used with your query.
#0 C:\xampp\htdocs\ci4-sistemcoba\system\Model.php(545): CodeIgniter\Database\BaseConnection->table(NULL)
#1 C:\xampp\htdocs\ci4-sistemcoba\system\Model.php(722): CodeIgniter\Model->builder()
#2 C:\xampp\htdocs\ci4-sistemcoba\app\Controllers\Peminjam.php(30): CodeIgniter\Model->__call('CekBarang', Array)
#3 C:\xampp\htdocs\ci4-sistemcoba\system\CodeIgniter.php(832): App\Controllers\Peminjam->CekBarang()
#4 C:\xampp\htdocs\ci4-sistemcoba\system\CodeIgniter.php(419): CodeIgniter\CodeIgniter->runController(Object(App\Controllers\Peminjam))
#5 C:\xampp\htdocs\ci4-sistemcoba\system\CodeIgniter.php(326): CodeIgniter\CodeIgniter->handleRequest(NULL, Object(Config\Cache), false)
#6 C:\xampp\htdocs\ci4-sistemcoba\public\index.php(37): CodeIgniter\CodeIgniter->run()
#7 {main}
CRITICAL - 2023-09-02 13:55:44 --> You must set the database table to be used with your query.
#0 C:\xampp\htdocs\ci4-sistemcoba\system\Model.php(545): CodeIgniter\Database\BaseConnection->table(NULL)
#1 C:\xampp\htdocs\ci4-sistemcoba\system\Model.php(722): CodeIgniter\Model->builder()
#2 C:\xampp\htdocs\ci4-sistemcoba\app\Controllers\Peminjam.php(30): CodeIgniter\Model->__call('CekBarang', Array)
#3 C:\xampp\htdocs\ci4-sistemcoba\system\CodeIgniter.php(832): App\Controllers\Peminjam->CekBarang()
#4 C:\xampp\htdocs\ci4-sistemcoba\system\CodeIgniter.php(419): CodeIgniter\CodeIgniter->runController(Object(App\Controllers\Peminjam))
#5 C:\xampp\htdocs\ci4-sistemcoba\system\CodeIgniter.php(326): CodeIgniter\CodeIgniter->handleRequest(NULL, Object(Config\Cache), false)
#6 C:\xampp\htdocs\ci4-sistemcoba\public\index.php(37): CodeIgniter\CodeIgniter->run()
#7 {main}
CRITICAL - 2023-09-02 13:55:45 --> You must set the database table to be used with your query.
#0 C:\xampp\htdocs\ci4-sistemcoba\system\Model.php(545): CodeIgniter\Database\BaseConnection->table(NULL)
#1 C:\xampp\htdocs\ci4-sistemcoba\system\Model.php(722): CodeIgniter\Model->builder()
#2 C:\xampp\htdocs\ci4-sistemcoba\app\Controllers\Peminjam.php(30): CodeIgniter\Model->__call('CekBarang', Array)
#3 C:\xampp\htdocs\ci4-sistemcoba\system\CodeIgniter.php(832): App\Controllers\Peminjam->CekBarang()
#4 C:\xampp\htdocs\ci4-sistemcoba\system\CodeIgniter.php(419): CodeIgniter\CodeIgniter->runController(Object(App\Controllers\Peminjam))
#5 C:\xampp\htdocs\ci4-sistemcoba\system\CodeIgniter.php(326): CodeIgniter\CodeIgniter->handleRequest(NULL, Object(Config\Cache), false)
#6 C:\xampp\htdocs\ci4-sistemcoba\public\index.php(37): CodeIgniter\CodeIgniter->run()
#7 {main}
CRITICAL - 2023-09-02 13:55:46 --> You must set the database table to be used with your query.
#0 C:\xampp\htdocs\ci4-sistemcoba\system\Model.php(545): CodeIgniter\Database\BaseConnection->table(NULL)
#1 C:\xampp\htdocs\ci4-sistemcoba\system\Model.php(722): CodeIgniter\Model->builder()
#2 C:\xampp\htdocs\ci4-sistemcoba\app\Controllers\Peminjam.php(30): CodeIgniter\Model->__call('CekBarang', Array)
#3 C:\xampp\htdocs\ci4-sistemcoba\system\CodeIgniter.php(832): App\Controllers\Peminjam->CekBarang()
#4 C:\xampp\htdocs\ci4-sistemcoba\system\CodeIgniter.php(419): CodeIgniter\CodeIgniter->runController(Object(App\Controllers\Peminjam))
#5 C:\xampp\htdocs\ci4-sistemcoba\system\CodeIgniter.php(326): CodeIgniter\CodeIgniter->handleRequest(NULL, Object(Config\Cache), false)
#6 C:\xampp\htdocs\ci4-sistemcoba\public\index.php(37): CodeIgniter\CodeIgniter->run()
#7 {main}
CRITICAL - 2023-09-02 13:55:47 --> You must set the database table to be used with your query.
#0 C:\xampp\htdocs\ci4-sistemcoba\system\Model.php(545): CodeIgniter\Database\BaseConnection->table(NULL)
#1 C:\xampp\htdocs\ci4-sistemcoba\system\Model.php(722): CodeIgniter\Model->builder()
#2 C:\xampp\htdocs\ci4-sistemcoba\app\Controllers\Peminjam.php(30): CodeIgniter\Model->__call('CekBarang', Array)
#3 C:\xampp\htdocs\ci4-sistemcoba\system\CodeIgniter.php(832): App\Controllers\Peminjam->CekBarang()
#4 C:\xampp\htdocs\ci4-sistemcoba\system\CodeIgniter.php(419): CodeIgniter\CodeIgniter->runController(Object(App\Controllers\Peminjam))
#5 C:\xampp\htdocs\ci4-sistemcoba\system\CodeIgniter.php(326): CodeIgniter\CodeIgniter->handleRequest(NULL, Object(Config\Cache), false)
#6 C:\xampp\htdocs\ci4-sistemcoba\public\index.php(37): CodeIgniter\CodeIgniter->run()
#7 {main}
CRITICAL - 2023-09-02 13:59:59 --> Undefined variable: produk
#0 C:\xampp\htdocs\ci4-sistemcoba\app\Controllers\Peminjam.php(31): CodeIgniter\Debug\Exceptions->errorHandler(8, 'Undefined varia...', 'C:\\xampp\\htdocs...', 31, Array)
#1 C:\xampp\htdocs\ci4-sistemcoba\system\CodeIgniter.php(832): App\Controllers\Peminjam->CekBarang()
#2 C:\xampp\htdocs\ci4-sistemcoba\system\CodeIgniter.php(419): CodeIgniter\CodeIgniter->runController(Object(App\Controllers\Peminjam))
#3 C:\xampp\htdocs\ci4-sistemcoba\system\CodeIgniter.php(326): CodeIgniter\CodeIgniter->handleRequest(NULL, Object(Config\Cache), false)
#4 C:\xampp\htdocs\ci4-sistemcoba\public\index.php(37): CodeIgniter\CodeIgniter->run()
#5 {main}
CRITICAL - 2023-09-02 14:00:01 --> Undefined variable: produk
#0 C:\xampp\htdocs\ci4-sistemcoba\app\Controllers\Peminjam.php(31): CodeIgniter\Debug\Exceptions->errorHandler(8, 'Undefined varia...', 'C:\\xampp\\htdocs...', 31, Array)
#1 C:\xampp\htdocs\ci4-sistemcoba\system\CodeIgniter.php(832): App\Controllers\Peminjam->CekBarang()
#2 C:\xampp\htdocs\ci4-sistemcoba\system\CodeIgniter.php(419): CodeIgniter\CodeIgniter->runController(Object(App\Controllers\Peminjam))
#3 C:\xampp\htdocs\ci4-sistemcoba\system\CodeIgniter.php(326): CodeIgniter\CodeIgniter->handleRequest(NULL, Object(Config\Cache), false)
#4 C:\xampp\htdocs\ci4-sistemcoba\public\index.php(37): CodeIgniter\CodeIgniter->run()
#5 {main}
CRITICAL - 2023-09-02 14:00:02 --> Undefined variable: produk
#0 C:\xampp\htdocs\ci4-sistemcoba\app\Controllers\Peminjam.php(31): CodeIgniter\Debug\Exceptions->errorHandler(8, 'Undefined varia...', 'C:\\xampp\\htdocs...', 31, Array)
#1 C:\xampp\htdocs\ci4-sistemcoba\system\CodeIgniter.php(832): App\Controllers\Peminjam->CekBarang()
#2 C:\xampp\htdocs\ci4-sistemcoba\system\CodeIgniter.php(419): CodeIgniter\CodeIgniter->runController(Object(App\Controllers\Peminjam))
#3 C:\xampp\htdocs\ci4-sistemcoba\system\CodeIgniter.php(326): CodeIgniter\CodeIgniter->handleRequest(NULL, Object(Config\Cache), false)
#4 C:\xampp\htdocs\ci4-sistemcoba\public\index.php(37): CodeIgniter\CodeIgniter->run()
#5 {main}
CRITICAL - 2023-09-02 14:00:02 --> Undefined variable: produk
#0 C:\xampp\htdocs\ci4-sistemcoba\app\Controllers\Peminjam.php(31): CodeIgniter\Debug\Exceptions->errorHandler(8, 'Undefined varia...', 'C:\\xampp\\htdocs...', 31, Array)
#1 C:\xampp\htdocs\ci4-sistemcoba\system\CodeIgniter.php(832): App\Controllers\Peminjam->CekBarang()
#2 C:\xampp\htdocs\ci4-sistemcoba\system\CodeIgniter.php(419): CodeIgniter\CodeIgniter->runController(Object(App\Controllers\Peminjam))
#3 C:\xampp\htdocs\ci4-sistemcoba\system\CodeIgniter.php(326): CodeIgniter\CodeIgniter->handleRequest(NULL, Object(Config\Cache), false)
#4 C:\xampp\htdocs\ci4-sistemcoba\public\index.php(37): CodeIgniter\CodeIgniter->run()
#5 {main}
CRITICAL - 2023-09-02 14:00:02 --> Undefined variable: produk
#0 C:\xampp\htdocs\ci4-sistemcoba\app\Controllers\Peminjam.php(31): CodeIgniter\Debug\Exceptions->errorHandler(8, 'Undefined varia...', 'C:\\xampp\\htdocs...', 31, Array)
#1 C:\xampp\htdocs\ci4-sistemcoba\system\CodeIgniter.php(832): App\Controllers\Peminjam->CekBarang()
#2 C:\xampp\htdocs\ci4-sistemcoba\system\CodeIgniter.php(419): CodeIgniter\CodeIgniter->runController(Object(App\Controllers\Peminjam))
#3 C:\xampp\htdocs\ci4-sistemcoba\system\CodeIgniter.php(326): CodeIgniter\CodeIgniter->handleRequest(NULL, Object(Config\Cache), false)
#4 C:\xampp\htdocs\ci4-sistemcoba\public\index.php(37): CodeIgniter\CodeIgniter->run()
#5 {main}
CRITICAL - 2023-09-02 14:00:03 --> Undefined variable: produk
#0 C:\xampp\htdocs\ci4-sistemcoba\app\Controllers\Peminjam.php(31): CodeIgniter\Debug\Exceptions->errorHandler(8, 'Undefined varia...', 'C:\\xampp\\htdocs...', 31, Array)
#1 C:\xampp\htdocs\ci4-sistemcoba\system\CodeIgniter.php(832): App\Controllers\Peminjam->CekBarang()
#2 C:\xampp\htdocs\ci4-sistemcoba\system\CodeIgniter.php(419): CodeIgniter\CodeIgniter->runController(Object(App\Controllers\Peminjam))
#3 C:\xampp\htdocs\ci4-sistemcoba\system\CodeIgniter.php(326): CodeIgniter\CodeIgniter->handleRequest(NULL, Object(Config\Cache), false)
#4 C:\xampp\htdocs\ci4-sistemcoba\public\index.php(37): CodeIgniter\CodeIgniter->run()
#5 {main}
CRITICAL - 2023-09-02 14:00:03 --> Undefined variable: produk
#0 C:\xampp\htdocs\ci4-sistemcoba\app\Controllers\Peminjam.php(31): CodeIgniter\Debug\Exceptions->errorHandler(8, 'Undefined varia...', 'C:\\xampp\\htdocs...', 31, Array)
#1 C:\xampp\htdocs\ci4-sistemcoba\system\CodeIgniter.php(832): App\Controllers\Peminjam->CekBarang()
#2 C:\xampp\htdocs\ci4-sistemcoba\system\CodeIgniter.php(419): CodeIgniter\CodeIgniter->runController(Object(App\Controllers\Peminjam))
#3 C:\xampp\htdocs\ci4-sistemcoba\system\CodeIgniter.php(326): CodeIgniter\CodeIgniter->handleRequest(NULL, Object(Config\Cache), false)
#4 C:\xampp\htdocs\ci4-sistemcoba\public\index.php(37): CodeIgniter\CodeIgniter->run()
#5 {main}
CRITICAL - 2023-09-02 14:00:03 --> Undefined variable: produk
#0 C:\xampp\htdocs\ci4-sistemcoba\app\Controllers\Peminjam.php(31): CodeIgniter\Debug\Exceptions->errorHandler(8, 'Undefined varia...', 'C:\\xampp\\htdocs...', 31, Array)
#1 C:\xampp\htdocs\ci4-sistemcoba\system\CodeIgniter.php(832): App\Controllers\Peminjam->CekBarang()
#2 C:\xampp\htdocs\ci4-sistemcoba\system\CodeIgniter.php(419): CodeIgniter\CodeIgniter->runController(Object(App\Controllers\Peminjam))
#3 C:\xampp\htdocs\ci4-sistemcoba\system\CodeIgniter.php(326): CodeIgniter\CodeIgniter->handleRequest(NULL, Object(Config\Cache), false)
#4 C:\xampp\htdocs\ci4-sistemcoba\public\index.php(37): CodeIgniter\CodeIgniter->run()
#5 {main}
CRITICAL - 2023-09-02 14:00:03 --> Undefined variable: produk
#0 C:\xampp\htdocs\ci4-sistemcoba\app\Controllers\Peminjam.php(31): CodeIgniter\Debug\Exceptions->errorHandler(8, 'Undefined varia...', 'C:\\xampp\\htdocs...', 31, Array)
#1 C:\xampp\htdocs\ci4-sistemcoba\system\CodeIgniter.php(832): App\Controllers\Peminjam->CekBarang()
#2 C:\xampp\htdocs\ci4-sistemcoba\system\CodeIgniter.php(419): CodeIgniter\CodeIgniter->runController(Object(App\Controllers\Peminjam))
#3 C:\xampp\htdocs\ci4-sistemcoba\system\CodeIgniter.php(326): CodeIgniter\CodeIgniter->handleRequest(NULL, Object(Config\Cache), false)
#4 C:\xampp\htdocs\ci4-sistemcoba\public\index.php(37): CodeIgniter\CodeIgniter->run()
#5 {main}
CRITICAL - 2023-09-02 14:00:03 --> Undefined variable: produk
#0 C:\xampp\htdocs\ci4-sistemcoba\app\Controllers\Peminjam.php(31): CodeIgniter\Debug\Exceptions->errorHandler(8, 'Undefined varia...', 'C:\\xampp\\htdocs...', 31, Array)
#1 C:\xampp\htdocs\ci4-sistemcoba\system\CodeIgniter.php(832): App\Controllers\Peminjam->CekBarang()
#2 C:\xampp\htdocs\ci4-sistemcoba\system\CodeIgniter.php(419): CodeIgniter\CodeIgniter->runController(Object(App\Controllers\Peminjam))
#3 C:\xampp\htdocs\ci4-sistemcoba\system\CodeIgniter.php(326): CodeIgniter\CodeIgniter->handleRequest(NULL, Object(Config\Cache), false)
#4 C:\xampp\htdocs\ci4-sistemcoba\public\index.php(37): CodeIgniter\CodeIgniter->run()
#5 {main}
CRITICAL - 2023-09-02 14:00:04 --> Undefined variable: produk
#0 C:\xampp\htdocs\ci4-sistemcoba\app\Controllers\Peminjam.php(31): CodeIgniter\Debug\Exceptions->errorHandler(8, 'Undefined varia...', 'C:\\xampp\\htdocs...', 31, Array)
#1 C:\xampp\htdocs\ci4-sistemcoba\system\CodeIgniter.php(832): App\Controllers\Peminjam->CekBarang()
#2 C:\xampp\htdocs\ci4-sistemcoba\system\CodeIgniter.php(419): CodeIgniter\CodeIgniter->runController(Object(App\Controllers\Peminjam))
#3 C:\xampp\htdocs\ci4-sistemcoba\system\CodeIgniter.php(326): CodeIgniter\CodeIgniter->handleRequest(NULL, Object(Config\Cache), false)
#4 C:\xampp\htdocs\ci4-sistemcoba\public\index.php(37): CodeIgniter\CodeIgniter->run()
#5 {main}
CRITICAL - 2023-09-02 14:00:04 --> Undefined variable: produk
#0 C:\xampp\htdocs\ci4-sistemcoba\app\Controllers\Peminjam.php(31): CodeIgniter\Debug\Exceptions->errorHandler(8, 'Undefined varia...', 'C:\\xampp\\htdocs...', 31, Array)
#1 C:\xampp\htdocs\ci4-sistemcoba\system\CodeIgniter.php(832): App\Controllers\Peminjam->CekBarang()
#2 C:\xampp\htdocs\ci4-sistemcoba\system\CodeIgniter.php(419): CodeIgniter\CodeIgniter->runController(Object(App\Controllers\Peminjam))
#3 C:\xampp\htdocs\ci4-sistemcoba\system\CodeIgniter.php(326): CodeIgniter\CodeIgniter->handleRequest(NULL, Object(Config\Cache), false)
#4 C:\xampp\htdocs\ci4-sistemcoba\public\index.php(37): CodeIgniter\CodeIgniter->run()
#5 {main}
CRITICAL - 2023-09-02 14:00:04 --> Undefined variable: produk
#0 C:\xampp\htdocs\ci4-sistemcoba\app\Controllers\Peminjam.php(31): CodeIgniter\Debug\Exceptions->errorHandler(8, 'Undefined varia...', 'C:\\xampp\\htdocs...', 31, Array)
#1 C:\xampp\htdocs\ci4-sistemcoba\system\CodeIgniter.php(832): App\Controllers\Peminjam->CekBarang()
#2 C:\xampp\htdocs\ci4-sistemcoba\system\CodeIgniter.php(419): CodeIgniter\CodeIgniter->runController(Object(App\Controllers\Peminjam))
#3 C:\xampp\htdocs\ci4-sistemcoba\system\CodeIgniter.php(326): CodeIgniter\CodeIgniter->handleRequest(NULL, Object(Config\Cache), false)
#4 C:\xampp\htdocs\ci4-sistemcoba\public\index.php(37): CodeIgniter\CodeIgniter->run()
#5 {main}
CRITICAL - 2023-09-02 14:00:04 --> Undefined variable: produk
#0 C:\xampp\htdocs\ci4-sistemcoba\app\Controllers\Peminjam.php(31): CodeIgniter\Debug\Exceptions->errorHandler(8, 'Undefined varia...', 'C:\\xampp\\htdocs...', 31, Array)
#1 C:\xampp\htdocs\ci4-sistemcoba\system\CodeIgniter.php(832): App\Controllers\Peminjam->CekBarang()
#2 C:\xampp\htdocs\ci4-sistemcoba\system\CodeIgniter.php(419): CodeIgniter\CodeIgniter->runController(Object(App\Controllers\Peminjam))
#3 C:\xampp\htdocs\ci4-sistemcoba\system\CodeIgniter.php(326): CodeIgniter\CodeIgniter->handleRequest(NULL, Object(Config\Cache), false)
#4 C:\xampp\htdocs\ci4-sistemcoba\public\index.php(37): CodeIgniter\CodeIgniter->run()
#5 {main}
CRITICAL - 2023-09-02 14:00:05 --> Undefined variable: produk
#0 C:\xampp\htdocs\ci4-sistemcoba\app\Controllers\Peminjam.php(31): CodeIgniter\Debug\Exceptions->errorHandler(8, 'Undefined varia...', 'C:\\xampp\\htdocs...', 31, Array)
#1 C:\xampp\htdocs\ci4-sistemcoba\system\CodeIgniter.php(832): App\Controllers\Peminjam->CekBarang()
#2 C:\xampp\htdocs\ci4-sistemcoba\system\CodeIgniter.php(419): CodeIgniter\CodeIgniter->runController(Object(App\Controllers\Peminjam))
#3 C:\xampp\htdocs\ci4-sistemcoba\system\CodeIgniter.php(326): CodeIgniter\CodeIgniter->handleRequest(NULL, Object(Config\Cache), false)
#4 C:\xampp\htdocs\ci4-sistemcoba\public\index.php(37): CodeIgniter\CodeIgniter->run()
#5 {main}
CRITICAL - 2023-09-02 14:00:05 --> Undefined variable: produk
#0 C:\xampp\htdocs\ci4-sistemcoba\app\Controllers\Peminjam.php(31): CodeIgniter\Debug\Exceptions->errorHandler(8, 'Undefined varia...', 'C:\\xampp\\htdocs...', 31, Array)
#1 C:\xampp\htdocs\ci4-sistemcoba\system\CodeIgniter.php(832): App\Controllers\Peminjam->CekBarang()
#2 C:\xampp\htdocs\ci4-sistemcoba\system\CodeIgniter.php(419): CodeIgniter\CodeIgniter->runController(Object(App\Controllers\Peminjam))
#3 C:\xampp\htdocs\ci4-sistemcoba\system\CodeIgniter.php(326): CodeIgniter\CodeIgniter->handleRequest(NULL, Object(Config\Cache), false)
#4 C:\xampp\htdocs\ci4-sistemcoba\public\index.php(37): CodeIgniter\CodeIgniter->run()
#5 {main}
CRITICAL - 2023-09-02 14:00:05 --> Undefined variable: produk
#0 C:\xampp\htdocs\ci4-sistemcoba\app\Controllers\Peminjam.php(31): CodeIgniter\Debug\Exceptions->errorHandler(8, 'Undefined varia...', 'C:\\xampp\\htdocs...', 31, Array)
#1 C:\xampp\htdocs\ci4-sistemcoba\system\CodeIgniter.php(832): App\Controllers\Peminjam->CekBarang()
#2 C:\xampp\htdocs\ci4-sistemcoba\system\CodeIgniter.php(419): CodeIgniter\CodeIgniter->runController(Object(App\Controllers\Peminjam))
#3 C:\xampp\htdocs\ci4-sistemcoba\system\CodeIgniter.php(326): CodeIgniter\CodeIgniter->handleRequest(NULL, Object(Config\Cache), false)
#4 C:\xampp\htdocs\ci4-sistemcoba\public\index.php(37): CodeIgniter\CodeIgniter->run()
#5 {main}
CRITICAL - 2023-09-02 14:00:06 --> Undefined variable: produk
#0 C:\xampp\htdocs\ci4-sistemcoba\app\Controllers\Peminjam.php(31): CodeIgniter\Debug\Exceptions->errorHandler(8, 'Undefined varia...', 'C:\\xampp\\htdocs...', 31, Array)
#1 C:\xampp\htdocs\ci4-sistemcoba\system\CodeIgniter.php(832): App\Controllers\Peminjam->CekBarang()
#2 C:\xampp\htdocs\ci4-sistemcoba\system\CodeIgniter.php(419): CodeIgniter\CodeIgniter->runController(Object(App\Controllers\Peminjam))
#3 C:\xampp\htdocs\ci4-sistemcoba\system\CodeIgniter.php(326): CodeIgniter\CodeIgniter->handleRequest(NULL, Object(Config\Cache), false)
#4 C:\xampp\htdocs\ci4-sistemcoba\public\index.php(37): CodeIgniter\CodeIgniter->run()
#5 {main}
CRITICAL - 2023-09-02 14:00:06 --> Undefined variable: produk
#0 C:\xampp\htdocs\ci4-sistemcoba\app\Controllers\Peminjam.php(31): CodeIgniter\Debug\Exceptions->errorHandler(8, 'Undefined varia...', 'C:\\xampp\\htdocs...', 31, Array)
#1 C:\xampp\htdocs\ci4-sistemcoba\system\CodeIgniter.php(832): App\Controllers\Peminjam->CekBarang()
#2 C:\xampp\htdocs\ci4-sistemcoba\system\CodeIgniter.php(419): CodeIgniter\CodeIgniter->runController(Object(App\Controllers\Peminjam))
#3 C:\xampp\htdocs\ci4-sistemcoba\system\CodeIgniter.php(326): CodeIgniter\CodeIgniter->handleRequest(NULL, Object(Config\Cache), false)
#4 C:\xampp\htdocs\ci4-sistemcoba\public\index.php(37): CodeIgniter\CodeIgniter->run()
#5 {main}
CRITICAL - 2023-09-02 14:00:06 --> Undefined variable: produk
#0 C:\xampp\htdocs\ci4-sistemcoba\app\Controllers\Peminjam.php(31): CodeIgniter\Debug\Exceptions->errorHandler(8, 'Undefined varia...', 'C:\\xampp\\htdocs...', 31, Array)
#1 C:\xampp\htdocs\ci4-sistemcoba\system\CodeIgniter.php(832): App\Controllers\Peminjam->CekBarang()
#2 C:\xampp\htdocs\ci4-sistemcoba\system\CodeIgniter.php(419): CodeIgniter\CodeIgniter->runController(Object(App\Controllers\Peminjam))
#3 C:\xampp\htdocs\ci4-sistemcoba\system\CodeIgniter.php(326): CodeIgniter\CodeIgniter->handleRequest(NULL, Object(Config\Cache), false)
#4 C:\xampp\htdocs\ci4-sistemcoba\public\index.php(37): CodeIgniter\CodeIgniter->run()
#5 {main}
ERROR - 2023-09-02 14:00:09 --> An invalid name was submitted as the product name:  The name can only contain alpha-numeric characters, dashes, underscores, colons, and spaces
ERROR - 2023-09-02 14:04:46 --> Unknown column 'kode_produk' in 'where clause'
CRITICAL - 2023-09-02 14:04:46 --> Unknown column 'kode_produk' in 'where clause'
#0 C:\xampp\htdocs\ci4-sistemcoba\system\Database\MySQLi\Connection.php(292): mysqli->query('INSERT INTO `tb...', 0)
#1 C:\xampp\htdocs\ci4-sistemcoba\system\Database\BaseConnection.php(670): CodeIgniter\Database\MySQLi\Connection->execute('INSERT INTO `tb...')
#2 C:\xampp\htdocs\ci4-sistemcoba\system\Database\BaseConnection.php(598): CodeIgniter\Database\BaseConnection->simpleQuery('INSERT INTO `tb...')
#3 C:\xampp\htdocs\ci4-sistemcoba\system\Database\BaseBuilder.php(1771): CodeIgniter\Database\BaseConnection->query('INSERT INTO `tb...', Array, false)
#4 C:\xampp\htdocs\ci4-sistemcoba\app\Models\ModelPeminjam.php(48): CodeIgniter\Database\BaseBuilder->insert(Array)
#5 C:\xampp\htdocs\ci4-sistemcoba\app\Controllers\Peminjam.php(106): App\Models\ModelPeminjam->InsertRinciPinjam(Array)
#6 C:\xampp\htdocs\ci4-sistemcoba\system\CodeIgniter.php(832): App\Controllers\Peminjam->SimpanTransaksi()
#7 C:\xampp\htdocs\ci4-sistemcoba\system\CodeIgniter.php(419): CodeIgniter\CodeIgniter->runController(Object(App\Controllers\Peminjam))
#8 C:\xampp\htdocs\ci4-sistemcoba\system\CodeIgniter.php(326): CodeIgniter\CodeIgniter->handleRequest(NULL, Object(Config\Cache), false)
#9 C:\xampp\htdocs\ci4-sistemcoba\public\index.php(37): CodeIgniter\CodeIgniter->run()
#10 {main}
ERROR - 2023-09-02 14:11:38 --> Unknown column 'kode_produk' in 'where clause'
CRITICAL - 2023-09-02 14:11:38 --> Unknown column 'kode_produk' in 'where clause'
#0 C:\xampp\htdocs\ci4-sistemcoba\system\Database\MySQLi\Connection.php(292): mysqli->query('INSERT INTO `tb...', 0)
#1 C:\xampp\htdocs\ci4-sistemcoba\system\Database\BaseConnection.php(670): CodeIgniter\Database\MySQLi\Connection->execute('INSERT INTO `tb...')
#2 C:\xampp\htdocs\ci4-sistemcoba\system\Database\BaseConnection.php(598): CodeIgniter\Database\BaseConnection->simpleQuery('INSERT INTO `tb...')
#3 C:\xampp\htdocs\ci4-sistemcoba\system\Database\BaseBuilder.php(1771): CodeIgniter\Database\BaseConnection->query('INSERT INTO `tb...', Array, false)
#4 C:\xampp\htdocs\ci4-sistemcoba\app\Models\ModelPeminjam.php(48): CodeIgniter\Database\BaseBuilder->insert(Array)
#5 C:\xampp\htdocs\ci4-sistemcoba\app\Controllers\Peminjam.php(106): App\Models\ModelPeminjam->InsertRinciPinjam(Array)
#6 C:\xampp\htdocs\ci4-sistemcoba\system\CodeIgniter.php(832): App\Controllers\Peminjam->SimpanTransaksi()
#7 C:\xampp\htdocs\ci4-sistemcoba\system\CodeIgniter.php(419): CodeIgniter\CodeIgniter->runController(Object(App\Controllers\Peminjam))
#8 C:\xampp\htdocs\ci4-sistemcoba\system\CodeIgniter.php(326): CodeIgniter\CodeIgniter->handleRequest(NULL, Object(Config\Cache), false)
#9 C:\xampp\htdocs\ci4-sistemcoba\public\index.php(37): CodeIgniter\CodeIgniter->run()
#10 {main}
ERROR - 2023-09-02 14:12:24 --> Unknown column 'kode_produk' in 'where clause'
CRITICAL - 2023-09-02 14:12:24 --> Unknown column 'kode_produk' in 'where clause'
#0 C:\xampp\htdocs\ci4-sistemcoba\system\Database\MySQLi\Connection.php(292): mysqli->query('INSERT INTO `tb...', 0)
#1 C:\xampp\htdocs\ci4-sistemcoba\system\Database\BaseConnection.php(670): CodeIgniter\Database\MySQLi\Connection->execute('INSERT INTO `tb...')
#2 C:\xampp\htdocs\ci4-sistemcoba\system\Database\BaseConnection.php(598): CodeIgniter\Database\BaseConnection->simpleQuery('INSERT INTO `tb...')
#3 C:\xampp\htdocs\ci4-sistemcoba\system\Database\BaseBuilder.php(1771): CodeIgniter\Database\BaseConnection->query('INSERT INTO `tb...', Array, false)
#4 C:\xampp\htdocs\ci4-sistemcoba\app\Models\ModelPeminjam.php(48): CodeIgniter\Database\BaseBuilder->insert(Array)
#5 C:\xampp\htdocs\ci4-sistemcoba\app\Controllers\Peminjam.php(106): App\Models\ModelPeminjam->InsertRinciPinjam(Array)
#6 C:\xampp\htdocs\ci4-sistemcoba\system\CodeIgniter.php(832): App\Controllers\Peminjam->SimpanTransaksi()
#7 C:\xampp\htdocs\ci4-sistemcoba\system\CodeIgniter.php(419): CodeIgniter\CodeIgniter->runController(Object(App\Controllers\Peminjam))
#8 C:\xampp\htdocs\ci4-sistemcoba\system\CodeIgniter.php(326): CodeIgniter\CodeIgniter->handleRequest(NULL, Object(Config\Cache), false)
#9 C:\xampp\htdocs\ci4-sistemcoba\public\index.php(37): CodeIgniter\CodeIgniter->run()
#10 {main}
